[0.036s] Invoking command in '/home/hyoin/service/build/turtlebot3_cartographer': CMAKE_PREFIX_PATH=/home/hyoin/service/install/turtlebot3:/home/hyoin/service/install/turtlebot3_bringup:/home/hyoin/service/install/turtlebot3_node:/home/hyoin/service/install/turtlebot3_navigation2:/home/hyoin/service/install/turtlebot3_msgs:/home/hyoin/service/install/turtlebot3_description:/home/hyoin/service/install/turtlebot3_cartographer:/home/hyoin/service/install/md:/home/hyoin/service/install/turtlebot3_teleop:/home/hyoin/service/install/turtlebot3_example:/opt/ros/foxy:/home/hyoin/service/install/serial:/home/hyoin/service/install/dynamixel_sdk_examples:/home/hyoin/service/install/dynamixel_sdk_custom_interfaces:/home/hyoin/service/install/dynamixel_sdk /usr/bin/cmake --build /home/hyoin/service/build/turtlebot3_cartographer -- -j8 -l8
[0.237s] Invoked command in '/home/hyoin/service/build/turtlebot3_cartographer' returned '0': CMAKE_PREFIX_PATH=/home/hyoin/service/install/turtlebot3:/home/hyoin/service/install/turtlebot3_bringup:/home/hyoin/service/install/turtlebot3_node:/home/hyoin/service/install/turtlebot3_navigation2:/home/hyoin/service/install/turtlebot3_msgs:/home/hyoin/service/install/turtlebot3_description:/home/hyoin/service/install/turtlebot3_cartographer:/home/hyoin/service/install/md:/home/hyoin/service/install/turtlebot3_teleop:/home/hyoin/service/install/turtlebot3_example:/opt/ros/foxy:/home/hyoin/service/install/serial:/home/hyoin/service/install/dynamixel_sdk_examples:/home/hyoin/service/install/dynamixel_sdk_custom_interfaces:/home/hyoin/service/install/dynamixel_sdk /usr/bin/cmake --build /home/hyoin/service/build/turtlebot3_cartographer -- -j8 -l8
[0.239s] Invoking command in '/home/hyoin/service/build/turtlebot3_cartographer': CMAKE_PREFIX_PATH=/home/hyoin/service/install/turtlebot3:/home/hyoin/service/install/turtlebot3_bringup:/home/hyoin/service/install/turtlebot3_node:/home/hyoin/service/install/turtlebot3_navigation2:/home/hyoin/service/install/turtlebot3_msgs:/home/hyoin/service/install/turtlebot3_description:/home/hyoin/service/install/turtlebot3_cartographer:/home/hyoin/service/install/md:/home/hyoin/service/install/turtlebot3_teleop:/home/hyoin/service/install/turtlebot3_example:/opt/ros/foxy:/home/hyoin/service/install/serial:/home/hyoin/service/install/dynamixel_sdk_examples:/home/hyoin/service/install/dynamixel_sdk_custom_interfaces:/home/hyoin/service/install/dynamixel_sdk /usr/bin/cmake --install /home/hyoin/service/build/turtlebot3_cartographer
[0.262s] -- Install configuration: ""
[0.262s] -- Execute custom install script
[0.262s] -- Up-to-date symlink: /home/hyoin/service/install/turtlebot3_cartographer/share/turtlebot3_cartographer/config/turtlebot3_lds_2d.lua
[0.262s] -- Up-to-date symlink: /home/hyoin/service/install/turtlebot3_cartographer/share/turtlebot3_cartographer/launch/cartographer.launch.py
[0.262s] -- Up-to-date symlink: /home/hyoin/service/install/turtlebot3_cartographer/share/turtlebot3_cartographer/launch/occupancy_grid.launch.py
[0.263s] -- Up-to-date symlink: /home/hyoin/service/install/turtlebot3_cartographer/share/turtlebot3_cartographer/rviz/tb3_cartographer.rviz
[0.263s] -- Up-to-date symlink: /home/hyoin/service/install/turtlebot3_cartographer/share/ament_index/resource_index/package_run_dependencies/turtlebot3_cartographer
[0.263s] -- Up-to-date symlink: /home/hyoin/service/install/turtlebot3_cartographer/share/ament_index/resource_index/parent_prefix_path/turtlebot3_cartographer
[0.263s] -- Up-to-date symlink: /home/hyoin/service/install/turtlebot3_cartographer/share/turtlebot3_cartographer/environment/ament_prefix_path.sh
[0.263s] -- Up-to-date symlink: /home/hyoin/service/install/turtlebot3_cartographer/share/turtlebot3_cartographer/environment/ament_prefix_path.dsv
[0.263s] -- Up-to-date symlink: /home/hyoin/service/install/turtlebot3_cartographer/share/turtlebot3_cartographer/environment/path.sh
[0.263s] -- Up-to-date symlink: /home/hyoin/service/install/turtlebot3_cartographer/share/turtlebot3_cartographer/environment/path.dsv
[0.263s] -- Up-to-date symlink: /home/hyoin/service/install/turtlebot3_cartographer/share/turtlebot3_cartographer/local_setup.bash
[0.263s] -- Up-to-date symlink: /home/hyoin/service/install/turtlebot3_cartographer/share/turtlebot3_cartographer/local_setup.sh
[0.263s] -- Up-to-date symlink: /home/hyoin/service/install/turtlebot3_cartographer/share/turtlebot3_cartographer/local_setup.zsh
[0.264s] -- Up-to-date symlink: /home/hyoin/service/install/turtlebot3_cartographer/share/turtlebot3_cartographer/local_setup.dsv
[0.264s] -- Symlinking: /home/hyoin/service/install/turtlebot3_cartographer/share/turtlebot3_cartographer/package.dsv
[0.264s] -- Up-to-date symlink: /home/hyoin/service/install/turtlebot3_cartographer/share/ament_index/resource_index/packages/turtlebot3_cartographer
[0.264s] -- Up-to-date symlink: /home/hyoin/service/install/turtlebot3_cartographer/share/turtlebot3_cartographer/cmake/turtlebot3_cartographerConfig.cmake
[0.264s] -- Up-to-date symlink: /home/hyoin/service/install/turtlebot3_cartographer/share/turtlebot3_cartographer/cmake/turtlebot3_cartographerConfig-version.cmake
[0.264s] -- Up-to-date symlink: /home/hyoin/service/install/turtlebot3_cartographer/share/turtlebot3_cartographer/package.xml
[0.280s] Invoked command in '/home/hyoin/service/build/turtlebot3_cartographer' returned '0': CMAKE_PREFIX_PATH=/home/hyoin/service/install/turtlebot3:/home/hyoin/service/install/turtlebot3_bringup:/home/hyoin/service/install/turtlebot3_node:/home/hyoin/service/install/turtlebot3_navigation2:/home/hyoin/service/install/turtlebot3_msgs:/home/hyoin/service/install/turtlebot3_description:/home/hyoin/service/install/turtlebot3_cartographer:/home/hyoin/service/install/md:/home/hyoin/service/install/turtlebot3_teleop:/home/hyoin/service/install/turtlebot3_example:/opt/ros/foxy:/home/hyoin/service/install/serial:/home/hyoin/service/install/dynamixel_sdk_examples:/home/hyoin/service/install/dynamixel_sdk_custom_interfaces:/home/hyoin/service/install/dynamixel_sdk /usr/bin/cmake --install /home/hyoin/service/build/turtlebot3_cartographer
