[0.032s] Invoking command in '/home/hyoin/service/build/turtlebot3_navigation2': CMAKE_PREFIX_PATH=/home/hyoin/service/install/turtlebot3:/home/hyoin/service/install/turtlebot3_bringup:/home/hyoin/service/install/turtlebot3_node:/home/hyoin/service/install/turtlebot3_navigation2:/home/hyoin/service/install/turtlebot3_msgs:/home/hyoin/service/install/turtlebot3_description:/home/hyoin/service/install/turtlebot3_cartographer:/home/hyoin/service/install/md:/home/hyoin/service/install/turtlebot3_teleop:/home/hyoin/service/install/turtlebot3_example:/opt/ros/foxy:/home/hyoin/service/install/serial:/home/hyoin/service/install/dynamixel_sdk_examples:/home/hyoin/service/install/dynamixel_sdk_custom_interfaces:/home/hyoin/service/install/dynamixel_sdk /usr/bin/cmake /home/hyoin/service/src/turtlebot3/turtlebot3_navigation2 -DCMAKE_INSTALL_PREFIX=/home/hyoin/service/install/turtlebot3_navigation2
[0.313s] -- Found ament_cmake: 0.9.12 (/opt/ros/foxy/share/ament_cmake/cmake)
[0.313s] -- Using PYTHON_EXECUTABLE: /usr/bin/python3
[0.314s] -- Override CMake install command with custom implementation using symlinks instead of copying resources
[0.355s] -- Configuring done
[0.356s] -- Generating done
[0.358s] -- Build files have been written to: /home/hyoin/service/build/turtlebot3_navigation2
[0.362s] Invoked command in '/home/hyoin/service/build/turtlebot3_navigation2' returned '0': CMAKE_PREFIX_PATH=/home/hyoin/service/install/turtlebot3:/home/hyoin/service/install/turtlebot3_bringup:/home/hyoin/service/install/turtlebot3_node:/home/hyoin/service/install/turtlebot3_navigation2:/home/hyoin/service/install/turtlebot3_msgs:/home/hyoin/service/install/turtlebot3_description:/home/hyoin/service/install/turtlebot3_cartographer:/home/hyoin/service/install/md:/home/hyoin/service/install/turtlebot3_teleop:/home/hyoin/service/install/turtlebot3_example:/opt/ros/foxy:/home/hyoin/service/install/serial:/home/hyoin/service/install/dynamixel_sdk_examples:/home/hyoin/service/install/dynamixel_sdk_custom_interfaces:/home/hyoin/service/install/dynamixel_sdk /usr/bin/cmake /home/hyoin/service/src/turtlebot3/turtlebot3_navigation2 -DCMAKE_INSTALL_PREFIX=/home/hyoin/service/install/turtlebot3_navigation2
[0.363s] Invoking command in '/home/hyoin/service/build/turtlebot3_navigation2': CMAKE_PREFIX_PATH=/home/hyoin/service/install/turtlebot3:/home/hyoin/service/install/turtlebot3_bringup:/home/hyoin/service/install/turtlebot3_node:/home/hyoin/service/install/turtlebot3_navigation2:/home/hyoin/service/install/turtlebot3_msgs:/home/hyoin/service/install/turtlebot3_description:/home/hyoin/service/install/turtlebot3_cartographer:/home/hyoin/service/install/md:/home/hyoin/service/install/turtlebot3_teleop:/home/hyoin/service/install/turtlebot3_example:/opt/ros/foxy:/home/hyoin/service/install/serial:/home/hyoin/service/install/dynamixel_sdk_examples:/home/hyoin/service/install/dynamixel_sdk_custom_interfaces:/home/hyoin/service/install/dynamixel_sdk /usr/bin/cmake --build /home/hyoin/service/build/turtlebot3_navigation2 -- -j8 -l8
[0.407s] Invoked command in '/home/hyoin/service/build/turtlebot3_navigation2' returned '0': CMAKE_PREFIX_PATH=/home/hyoin/service/install/turtlebot3:/home/hyoin/service/install/turtlebot3_bringup:/home/hyoin/service/install/turtlebot3_node:/home/hyoin/service/install/turtlebot3_navigation2:/home/hyoin/service/install/turtlebot3_msgs:/home/hyoin/service/install/turtlebot3_description:/home/hyoin/service/install/turtlebot3_cartographer:/home/hyoin/service/install/md:/home/hyoin/service/install/turtlebot3_teleop:/home/hyoin/service/install/turtlebot3_example:/opt/ros/foxy:/home/hyoin/service/install/serial:/home/hyoin/service/install/dynamixel_sdk_examples:/home/hyoin/service/install/dynamixel_sdk_custom_interfaces:/home/hyoin/service/install/dynamixel_sdk /usr/bin/cmake --build /home/hyoin/service/build/turtlebot3_navigation2 -- -j8 -l8
[0.407s] Invoking command in '/home/hyoin/service/build/turtlebot3_navigation2': CMAKE_PREFIX_PATH=/home/hyoin/service/install/turtlebot3:/home/hyoin/service/install/turtlebot3_bringup:/home/hyoin/service/install/turtlebot3_node:/home/hyoin/service/install/turtlebot3_navigation2:/home/hyoin/service/install/turtlebot3_msgs:/home/hyoin/service/install/turtlebot3_description:/home/hyoin/service/install/turtlebot3_cartographer:/home/hyoin/service/install/md:/home/hyoin/service/install/turtlebot3_teleop:/home/hyoin/service/install/turtlebot3_example:/opt/ros/foxy:/home/hyoin/service/install/serial:/home/hyoin/service/install/dynamixel_sdk_examples:/home/hyoin/service/install/dynamixel_sdk_custom_interfaces:/home/hyoin/service/install/dynamixel_sdk /usr/bin/cmake --install /home/hyoin/service/build/turtlebot3_navigation2
[0.420s] -- Install configuration: ""
[0.422s] -- Execute custom install script
[0.422s] -- Up-to-date symlink: /home/hyoin/service/install/turtlebot3_navigation2/share/turtlebot3_navigation2/launch/navigation2.launch.py
[0.422s] -- Up-to-date symlink: /home/hyoin/service/install/turtlebot3_navigation2/share/turtlebot3_navigation2/map/turtlebot3_world.pgm
[0.422s] -- Up-to-date symlink: /home/hyoin/service/install/turtlebot3_navigation2/share/turtlebot3_navigation2/map/turtlebot3_world.yaml
[0.422s] -- Up-to-date symlink: /home/hyoin/service/install/turtlebot3_navigation2/share/turtlebot3_navigation2/param/burger.yaml
[0.422s] -- Up-to-date symlink: /home/hyoin/service/install/turtlebot3_navigation2/share/turtlebot3_navigation2/param/waffle.yaml
[0.422s] -- Up-to-date symlink: /home/hyoin/service/install/turtlebot3_navigation2/share/turtlebot3_navigation2/param/waffle_pi.yaml
[0.422s] -- Up-to-date symlink: /home/hyoin/service/install/turtlebot3_navigation2/share/turtlebot3_navigation2/rviz/tb3_navigation2.rviz
[0.422s] -- Up-to-date symlink: /home/hyoin/service/install/turtlebot3_navigation2/share/ament_index/resource_index/package_run_dependencies/turtlebot3_navigation2
[0.423s] -- Up-to-date symlink: /home/hyoin/service/install/turtlebot3_navigation2/share/ament_index/resource_index/parent_prefix_path/turtlebot3_navigation2
[0.423s] -- Up-to-date symlink: /home/hyoin/service/install/turtlebot3_navigation2/share/turtlebot3_navigation2/environment/ament_prefix_path.sh
[0.423s] -- Up-to-date symlink: /home/hyoin/service/install/turtlebot3_navigation2/share/turtlebot3_navigation2/environment/ament_prefix_path.dsv
[0.423s] -- Up-to-date symlink: /home/hyoin/service/install/turtlebot3_navigation2/share/turtlebot3_navigation2/environment/path.sh
[0.423s] -- Up-to-date symlink: /home/hyoin/service/install/turtlebot3_navigation2/share/turtlebot3_navigation2/environment/path.dsv
[0.423s] -- Up-to-date symlink: /home/hyoin/service/install/turtlebot3_navigation2/share/turtlebot3_navigation2/local_setup.bash
[0.423s] -- Up-to-date symlink: /home/hyoin/service/install/turtlebot3_navigation2/share/turtlebot3_navigation2/local_setup.sh
[0.423s] -- Up-to-date symlink: /home/hyoin/service/install/turtlebot3_navigation2/share/turtlebot3_navigation2/local_setup.zsh
[0.424s] -- Up-to-date symlink: /home/hyoin/service/install/turtlebot3_navigation2/share/turtlebot3_navigation2/local_setup.dsv
[0.424s] -- Symlinking: /home/hyoin/service/install/turtlebot3_navigation2/share/turtlebot3_navigation2/package.dsv
[0.430s] -- Up-to-date symlink: /home/hyoin/service/install/turtlebot3_navigation2/share/ament_index/resource_index/packages/turtlebot3_navigation2
[0.431s] -- Up-to-date symlink: /home/hyoin/service/install/turtlebot3_navigation2/share/turtlebot3_navigation2/cmake/turtlebot3_navigation2Config.cmake
[0.431s] -- Up-to-date symlink: /home/hyoin/service/install/turtlebot3_navigation2/share/turtlebot3_navigation2/cmake/turtlebot3_navigation2Config-version.cmake
[0.431s] -- Up-to-date symlink: /home/hyoin/service/install/turtlebot3_navigation2/share/turtlebot3_navigation2/package.xml
[0.466s] Invoked command in '/home/hyoin/service/build/turtlebot3_navigation2' returned '0': CMAKE_PREFIX_PATH=/home/hyoin/service/install/turtlebot3:/home/hyoin/service/install/turtlebot3_bringup:/home/hyoin/service/install/turtlebot3_node:/home/hyoin/service/install/turtlebot3_navigation2:/home/hyoin/service/install/turtlebot3_msgs:/home/hyoin/service/install/turtlebot3_description:/home/hyoin/service/install/turtlebot3_cartographer:/home/hyoin/service/install/md:/home/hyoin/service/install/turtlebot3_teleop:/home/hyoin/service/install/turtlebot3_example:/opt/ros/foxy:/home/hyoin/service/install/serial:/home/hyoin/service/install/dynamixel_sdk_examples:/home/hyoin/service/install/dynamixel_sdk_custom_interfaces:/home/hyoin/service/install/dynamixel_sdk /usr/bin/cmake --install /home/hyoin/service/build/turtlebot3_navigation2
