[0.034s] Invoking command in '/home/hyoin/service/build/serial': /usr/bin/cmake /home/hyoin/service/src/serial -DCATKIN_INSTALL_INTO_PREFIX_ROOT=0 -DCMAKE_INSTALL_PREFIX=/home/hyoin/service/install/serial
[0.297s] -- Found ament_cmake: 0.9.12 (/opt/ros/foxy/share/ament_cmake/cmake)
[0.297s] -- Using PYTHON_EXECUTABLE: /usr/bin/python3
[0.334s] -- Configuring done
[0.340s] -- Generating done
[0.342s] -- Build files have been written to: /home/hyoin/service/build/serial
[0.348s] Invoked command in '/home/hyoin/service/build/serial' returned '0': /usr/bin/cmake /home/hyoin/service/src/serial -DCATKIN_INSTALL_INTO_PREFIX_ROOT=0 -DCMAKE_INSTALL_PREFIX=/home/hyoin/service/install/serial
[0.349s] Invoking command in '/home/hyoin/service/build/serial': /usr/bin/cmake --build /home/hyoin/service/build/serial -- -j8 -l8
[0.411s] [ 66%] Built target serial
[0.426s] [100%] Built target serial_example
[0.458s] Invoked command in '/home/hyoin/service/build/serial' returned '0': /usr/bin/cmake --build /home/hyoin/service/build/serial -- -j8 -l8
[0.461s] Invoking command in '/home/hyoin/service/build/serial': /usr/bin/cmake --install /home/hyoin/service/build/serial
[0.483s] -- Install configuration: ""
[0.483s] -- Up-to-date: /home/hyoin/service/install/serial/lib/libserial.a
[0.483s] -- Up-to-date: /home/hyoin/service/install/serial/include
[0.483s] -- Up-to-date: /home/hyoin/service/install/serial/include/serial
[0.483s] -- Up-to-date: /home/hyoin/service/install/serial/include/serial/impl
[0.483s] -- Up-to-date: /home/hyoin/service/install/serial/include/serial/impl/win.h
[0.483s] -- Up-to-date: /home/hyoin/service/install/serial/include/serial/impl/unix.h
[0.483s] -- Up-to-date: /home/hyoin/service/install/serial/include/serial/v8stdint.h
[0.484s] -- Up-to-date: /home/hyoin/service/install/serial/include/serial/serial.h
[0.484s] -- Up-to-date: /home/hyoin/service/install/serial/share/serial/environment/library_path.sh
[0.484s] -- Installing: /home/hyoin/service/install/serial/share/serial/environment/library_path.dsv
[0.484s] -- Up-to-date: /home/hyoin/service/install/serial/share/ament_index/resource_index/package_run_dependencies/serial
[0.484s] -- Up-to-date: /home/hyoin/service/install/serial/share/ament_index/resource_index/parent_prefix_path/serial
[0.484s] -- Up-to-date: /home/hyoin/service/install/serial/share/serial/environment/ament_prefix_path.sh
[0.484s] -- Installing: /home/hyoin/service/install/serial/share/serial/environment/ament_prefix_path.dsv
[0.484s] -- Up-to-date: /home/hyoin/service/install/serial/share/serial/environment/path.sh
[0.484s] -- Installing: /home/hyoin/service/install/serial/share/serial/environment/path.dsv
[0.484s] -- Up-to-date: /home/hyoin/service/install/serial/share/serial/local_setup.bash
[0.484s] -- Up-to-date: /home/hyoin/service/install/serial/share/serial/local_setup.sh
[0.484s] -- Up-to-date: /home/hyoin/service/install/serial/share/serial/local_setup.zsh
[0.485s] -- Installing: /home/hyoin/service/install/serial/share/serial/local_setup.dsv
[0.485s] -- Installing: /home/hyoin/service/install/serial/share/serial/package.dsv
[0.485s] -- Up-to-date: /home/hyoin/service/install/serial/share/ament_index/resource_index/packages/serial
[0.485s] -- Up-to-date: /home/hyoin/service/install/serial/share/serial/cmake/ament_cmake_export_include_directories-extras.cmake
[0.485s] -- Up-to-date: /home/hyoin/service/install/serial/share/serial/cmake/ament_cmake_export_libraries-extras.cmake
[0.485s] -- Up-to-date: /home/hyoin/service/install/serial/share/serial/cmake/serialConfig.cmake
[0.485s] -- Up-to-date: /home/hyoin/service/install/serial/share/serial/cmake/serialConfig-version.cmake
[0.485s] -- Up-to-date: /home/hyoin/service/install/serial/share/serial/package.xml
[0.485s] Invoked command in '/home/hyoin/service/build/serial' returned '0': /usr/bin/cmake --install /home/hyoin/service/build/serial
