[0.017s] Invoking command in '/home/hyoin/service/build/turtlebot3_node': CMAKE_PREFIX_PATH=/home/hyoin/service/install/turtlebot3_msgs:/home/hyoin/service/install/dynamixel_sdk:/home/hyoin/service/install/turtlebot3:/home/hyoin/service/install/turtlebot3_bringup:/home/hyoin/service/install/turtlebot3_node:/home/hyoin/service/install/turtlebot3_navigation2:/home/hyoin/service/install/turtlebot3_description:/home/hyoin/service/install/turtlebot3_cartographer:/home/hyoin/service/install/md:/home/hyoin/service/install/turtlebot3_teleop:/home/hyoin/service/install/turtlebot3_example:/opt/ros/foxy:/home/hyoin/service/install/serial:/home/hyoin/service/install/dynamixel_sdk_examples:/home/hyoin/service/install/dynamixel_sdk_custom_interfaces LD_LIBRARY_PATH=/home/hyoin/service/install/turtlebot3_msgs/lib:/home/hyoin/service/install/dynamixel_sdk/lib:/home/hyoin/service/install/md/lib:/home/hyoin/service/install/serial/lib:/home/hyoin/service/install/dynamixel_sdk_custom_interfaces/lib:/opt/ros/foxy/opt/yaml_cpp_vendor/lib:/opt/ros/foxy/opt/rviz_ogre_vendor/lib:/opt/ros/foxy/lib/x86_64-linux-gnu:/opt/ros/foxy/lib PYTHONPATH=/home/hyoin/service/install/turtlebot3_msgs/lib/python3.8/site-packages:${PYTHONPATH} /usr/bin/cmake /home/hyoin/service/src/turtlebot3/turtlebot3_node -DCMAKE_INSTALL_PREFIX=/home/hyoin/service/install/turtlebot3_node
[0.028s] -- Found ament_cmake: 0.9.12 (/opt/ros/foxy/share/ament_cmake/cmake)
[0.044s] -- Using PYTHON_EXECUTABLE: /usr/bin/python3
[0.168s] -- Override CMake install command with custom implementation using symlinks instead of copying resources
[0.174s] -- Found dynamixel_sdk: 3.7.60 (/home/hyoin/service/install/dynamixel_sdk/share/dynamixel_sdk/cmake)
[0.176s] -- Found geometry_msgs: 2.0.5 (/opt/ros/foxy/share/geometry_msgs/cmake)
[0.192s] -- Using all available rosidl_typesupport_c: rosidl_typesupport_fastrtps_c;rosidl_typesupport_introspection_c
[0.194s] -- Found rosidl_adapter: 1.3.1 (/opt/ros/foxy/share/rosidl_adapter/cmake)
[0.283s] -- Using all available rosidl_typesupport_cpp: rosidl_typesupport_fastrtps_cpp;rosidl_typesupport_introspection_cpp
[0.340s] -- Found message_filters: 3.2.7 (/opt/ros/foxy/share/message_filters/cmake)
[0.341s] -- Found nav_msgs: 2.0.5 (/opt/ros/foxy/share/nav_msgs/cmake)
[0.391s] -- Found rclcpp: 2.4.3 (/opt/ros/foxy/share/rclcpp/cmake)
[0.415s] -- Found rmw_implementation_cmake: 1.0.4 (/opt/ros/foxy/share/rmw_implementation_cmake/cmake)
[0.416s] -- Using RMW implementation 'rmw_fastrtps_cpp' as default
[0.504s] -- Found sensor_msgs: 2.0.5 (/opt/ros/foxy/share/sensor_msgs/cmake)
[0.550s] -- Found std_srvs: 2.0.5 (/opt/ros/foxy/share/std_srvs/cmake)
[0.556s] -- Found tf2: 0.13.14 (/opt/ros/foxy/share/tf2/cmake)
[0.562s] -- Found tf2_ros: 0.13.14 (/opt/ros/foxy/share/tf2_ros/cmake)
[0.768s] -- Found turtlebot3_msgs: 2.2.1 (/home/hyoin/service/install/turtlebot3_msgs/share/turtlebot3_msgs/cmake)
[0.884s] -- Configuring done
[0.898s] -- Generating done
[0.905s] -- Build files have been written to: /home/hyoin/service/build/turtlebot3_node
[0.910s] Invoked command in '/home/hyoin/service/build/turtlebot3_node' returned '0': CMAKE_PREFIX_PATH=/home/hyoin/service/install/turtlebot3_msgs:/home/hyoin/service/install/dynamixel_sdk:/home/hyoin/service/install/turtlebot3:/home/hyoin/service/install/turtlebot3_bringup:/home/hyoin/service/install/turtlebot3_node:/home/hyoin/service/install/turtlebot3_navigation2:/home/hyoin/service/install/turtlebot3_description:/home/hyoin/service/install/turtlebot3_cartographer:/home/hyoin/service/install/md:/home/hyoin/service/install/turtlebot3_teleop:/home/hyoin/service/install/turtlebot3_example:/opt/ros/foxy:/home/hyoin/service/install/serial:/home/hyoin/service/install/dynamixel_sdk_examples:/home/hyoin/service/install/dynamixel_sdk_custom_interfaces LD_LIBRARY_PATH=/home/hyoin/service/install/turtlebot3_msgs/lib:/home/hyoin/service/install/dynamixel_sdk/lib:/home/hyoin/service/install/md/lib:/home/hyoin/service/install/serial/lib:/home/hyoin/service/install/dynamixel_sdk_custom_interfaces/lib:/opt/ros/foxy/opt/yaml_cpp_vendor/lib:/opt/ros/foxy/opt/rviz_ogre_vendor/lib:/opt/ros/foxy/lib/x86_64-linux-gnu:/opt/ros/foxy/lib PYTHONPATH=/home/hyoin/service/install/turtlebot3_msgs/lib/python3.8/site-packages:${PYTHONPATH} /usr/bin/cmake /home/hyoin/service/src/turtlebot3/turtlebot3_node -DCMAKE_INSTALL_PREFIX=/home/hyoin/service/install/turtlebot3_node
[0.912s] Invoking command in '/home/hyoin/service/build/turtlebot3_node': CMAKE_PREFIX_PATH=/home/hyoin/service/install/turtlebot3_msgs:/home/hyoin/service/install/dynamixel_sdk:/home/hyoin/service/install/turtlebot3:/home/hyoin/service/install/turtlebot3_bringup:/home/hyoin/service/install/turtlebot3_node:/home/hyoin/service/install/turtlebot3_navigation2:/home/hyoin/service/install/turtlebot3_description:/home/hyoin/service/install/turtlebot3_cartographer:/home/hyoin/service/install/md:/home/hyoin/service/install/turtlebot3_teleop:/home/hyoin/service/install/turtlebot3_example:/opt/ros/foxy:/home/hyoin/service/install/serial:/home/hyoin/service/install/dynamixel_sdk_examples:/home/hyoin/service/install/dynamixel_sdk_custom_interfaces LD_LIBRARY_PATH=/home/hyoin/service/install/turtlebot3_msgs/lib:/home/hyoin/service/install/dynamixel_sdk/lib:/home/hyoin/service/install/md/lib:/home/hyoin/service/install/serial/lib:/home/hyoin/service/install/dynamixel_sdk_custom_interfaces/lib:/opt/ros/foxy/opt/yaml_cpp_vendor/lib:/opt/ros/foxy/opt/rviz_ogre_vendor/lib:/opt/ros/foxy/lib/x86_64-linux-gnu:/opt/ros/foxy/lib PYTHONPATH=/home/hyoin/service/install/turtlebot3_msgs/lib/python3.8/site-packages:${PYTHONPATH} /usr/bin/cmake --build /home/hyoin/service/build/turtlebot3_node -- -j8 -l8
[0.969s] [ 85%] Built target turtlebot3_node_lib
[0.994s] [100%] Built target turtlebot3_ros
[1.001s] Invoked command in '/home/hyoin/service/build/turtlebot3_node' returned '0': CMAKE_PREFIX_PATH=/home/hyoin/service/install/turtlebot3_msgs:/home/hyoin/service/install/dynamixel_sdk:/home/hyoin/service/install/turtlebot3:/home/hyoin/service/install/turtlebot3_bringup:/home/hyoin/service/install/turtlebot3_node:/home/hyoin/service/install/turtlebot3_navigation2:/home/hyoin/service/install/turtlebot3_description:/home/hyoin/service/install/turtlebot3_cartographer:/home/hyoin/service/install/md:/home/hyoin/service/install/turtlebot3_teleop:/home/hyoin/service/install/turtlebot3_example:/opt/ros/foxy:/home/hyoin/service/install/serial:/home/hyoin/service/install/dynamixel_sdk_examples:/home/hyoin/service/install/dynamixel_sdk_custom_interfaces LD_LIBRARY_PATH=/home/hyoin/service/install/turtlebot3_msgs/lib:/home/hyoin/service/install/dynamixel_sdk/lib:/home/hyoin/service/install/md/lib:/home/hyoin/service/install/serial/lib:/home/hyoin/service/install/dynamixel_sdk_custom_interfaces/lib:/opt/ros/foxy/opt/yaml_cpp_vendor/lib:/opt/ros/foxy/opt/rviz_ogre_vendor/lib:/opt/ros/foxy/lib/x86_64-linux-gnu:/opt/ros/foxy/lib PYTHONPATH=/home/hyoin/service/install/turtlebot3_msgs/lib/python3.8/site-packages:${PYTHONPATH} /usr/bin/cmake --build /home/hyoin/service/build/turtlebot3_node -- -j8 -l8
[1.003s] Invoking command in '/home/hyoin/service/build/turtlebot3_node': CMAKE_PREFIX_PATH=/home/hyoin/service/install/turtlebot3_msgs:/home/hyoin/service/install/dynamixel_sdk:/home/hyoin/service/install/turtlebot3:/home/hyoin/service/install/turtlebot3_bringup:/home/hyoin/service/install/turtlebot3_node:/home/hyoin/service/install/turtlebot3_navigation2:/home/hyoin/service/install/turtlebot3_description:/home/hyoin/service/install/turtlebot3_cartographer:/home/hyoin/service/install/md:/home/hyoin/service/install/turtlebot3_teleop:/home/hyoin/service/install/turtlebot3_example:/opt/ros/foxy:/home/hyoin/service/install/serial:/home/hyoin/service/install/dynamixel_sdk_examples:/home/hyoin/service/install/dynamixel_sdk_custom_interfaces LD_LIBRARY_PATH=/home/hyoin/service/install/turtlebot3_msgs/lib:/home/hyoin/service/install/dynamixel_sdk/lib:/home/hyoin/service/install/md/lib:/home/hyoin/service/install/serial/lib:/home/hyoin/service/install/dynamixel_sdk_custom_interfaces/lib:/opt/ros/foxy/opt/yaml_cpp_vendor/lib:/opt/ros/foxy/opt/rviz_ogre_vendor/lib:/opt/ros/foxy/lib/x86_64-linux-gnu:/opt/ros/foxy/lib PYTHONPATH=/home/hyoin/service/install/turtlebot3_msgs/lib/python3.8/site-packages:${PYTHONPATH} /usr/bin/cmake --install /home/hyoin/service/build/turtlebot3_node
[1.010s] -- Install configuration: ""
[1.010s] -- Execute custom install script
[1.010s] -- Up-to-date symlink: /home/hyoin/service/install/turtlebot3_node/share/turtlebot3_node/param/burger.yaml
[1.010s] -- Up-to-date symlink: /home/hyoin/service/install/turtlebot3_node/share/turtlebot3_node/param/waffle.yaml
[1.011s] -- Up-to-date symlink: /home/hyoin/service/install/turtlebot3_node/share/turtlebot3_node/param/waffle_pi.yaml
[1.011s] -- Up-to-date symlink: /home/hyoin/service/install/turtlebot3_node/lib/turtlebot3_node/turtlebot3_ros
[1.011s] -- Up-to-date symlink: /home/hyoin/service/install/turtlebot3_node/share/ament_index/resource_index/package_run_dependencies/turtlebot3_node
[1.011s] -- Up-to-date symlink: /home/hyoin/service/install/turtlebot3_node/share/ament_index/resource_index/parent_prefix_path/turtlebot3_node
[1.011s] -- Up-to-date symlink: /home/hyoin/service/install/turtlebot3_node/share/turtlebot3_node/environment/ament_prefix_path.sh
[1.011s] -- Up-to-date symlink: /home/hyoin/service/install/turtlebot3_node/share/turtlebot3_node/environment/ament_prefix_path.dsv
[1.012s] -- Up-to-date symlink: /home/hyoin/service/install/turtlebot3_node/share/turtlebot3_node/environment/path.sh
[1.012s] -- Up-to-date symlink: /home/hyoin/service/install/turtlebot3_node/share/turtlebot3_node/environment/path.dsv
[1.012s] -- Up-to-date symlink: /home/hyoin/service/install/turtlebot3_node/share/turtlebot3_node/local_setup.bash
[1.012s] -- Up-to-date symlink: /home/hyoin/service/install/turtlebot3_node/share/turtlebot3_node/local_setup.sh
[1.012s] -- Up-to-date symlink: /home/hyoin/service/install/turtlebot3_node/share/turtlebot3_node/local_setup.zsh
[1.012s] -- Up-to-date symlink: /home/hyoin/service/install/turtlebot3_node/share/turtlebot3_node/local_setup.dsv
[1.012s] -- Symlinking: /home/hyoin/service/install/turtlebot3_node/share/turtlebot3_node/package.dsv
[1.019s] -- Up-to-date symlink: /home/hyoin/service/install/turtlebot3_node/share/ament_index/resource_index/packages/turtlebot3_node
[1.019s] -- Up-to-date symlink: /home/hyoin/service/install/turtlebot3_node/share/turtlebot3_node/cmake/ament_cmake_export_include_directories-extras.cmake
[1.019s] -- Up-to-date symlink: /home/hyoin/service/install/turtlebot3_node/share/turtlebot3_node/cmake/turtlebot3_nodeConfig.cmake
[1.019s] -- Up-to-date symlink: /home/hyoin/service/install/turtlebot3_node/share/turtlebot3_node/cmake/turtlebot3_nodeConfig-version.cmake
[1.019s] -- Up-to-date symlink: /home/hyoin/service/install/turtlebot3_node/share/turtlebot3_node/package.xml
[1.021s] Invoked command in '/home/hyoin/service/build/turtlebot3_node' returned '0': CMAKE_PREFIX_PATH=/home/hyoin/service/install/turtlebot3_msgs:/home/hyoin/service/install/dynamixel_sdk:/home/hyoin/service/install/turtlebot3:/home/hyoin/service/install/turtlebot3_bringup:/home/hyoin/service/install/turtlebot3_node:/home/hyoin/service/install/turtlebot3_navigation2:/home/hyoin/service/install/turtlebot3_description:/home/hyoin/service/install/turtlebot3_cartographer:/home/hyoin/service/install/md:/home/hyoin/service/install/turtlebot3_teleop:/home/hyoin/service/install/turtlebot3_example:/opt/ros/foxy:/home/hyoin/service/install/serial:/home/hyoin/service/install/dynamixel_sdk_examples:/home/hyoin/service/install/dynamixel_sdk_custom_interfaces LD_LIBRARY_PATH=/home/hyoin/service/install/turtlebot3_msgs/lib:/home/hyoin/service/install/dynamixel_sdk/lib:/home/hyoin/service/install/md/lib:/home/hyoin/service/install/serial/lib:/home/hyoin/service/install/dynamixel_sdk_custom_interfaces/lib:/opt/ros/foxy/opt/yaml_cpp_vendor/lib:/opt/ros/foxy/opt/rviz_ogre_vendor/lib:/opt/ros/foxy/lib/x86_64-linux-gnu:/opt/ros/foxy/lib PYTHONPATH=/home/hyoin/service/install/turtlebot3_msgs/lib/python3.8/site-packages:${PYTHONPATH} /usr/bin/cmake --install /home/hyoin/service/build/turtlebot3_node
