[0.012s] Invoking command in '/home/hyoin/service/build/dynamixel_sdk_examples': CMAKE_PREFIX_PATH=/home/hyoin/service/install/dynamixel_sdk_custom_interfaces:/home/hyoin/service/install/dynamixel_sdk:/home/hyoin/service/install/turtlebot3:/home/hyoin/service/install/turtlebot3_bringup:/home/hyoin/service/install/turtlebot3_node:/home/hyoin/service/install/turtlebot3_navigation2:/home/hyoin/service/install/turtlebot3_msgs:/home/hyoin/service/install/turtlebot3_description:/home/hyoin/service/install/turtlebot3_cartographer:/home/hyoin/service/install/md:/home/hyoin/service/install/turtlebot3_teleop:/home/hyoin/service/install/turtlebot3_example:/opt/ros/foxy:/home/hyoin/service/install/serial:/home/hyoin/service/install/dynamixel_sdk_examples LD_LIBRARY_PATH=/home/hyoin/service/install/dynamixel_sdk_custom_interfaces/lib:/home/hyoin/service/install/dynamixel_sdk/lib:/home/hyoin/service/install/turtlebot3_msgs/lib:/home/hyoin/service/install/md/lib:/home/hyoin/service/install/serial/lib:/opt/ros/foxy/opt/yaml_cpp_vendor/lib:/opt/ros/foxy/opt/rviz_ogre_vendor/lib:/opt/ros/foxy/lib/x86_64-linux-gnu:/opt/ros/foxy/lib PYTHONPATH=/home/hyoin/service/install/dynamixel_sdk_custom_interfaces/lib/python3.8/site-packages:${PYTHONPATH} /usr/bin/cmake /home/hyoin/service/src/DynamixelSDK/dynamixel_sdk_examples -DCMAKE_INSTALL_PREFIX=/home/hyoin/service/install/dynamixel_sdk_examples
[0.021s] -- Found ament_cmake: 0.9.12 (/opt/ros/foxy/share/ament_cmake/cmake)
[0.038s] -- Using PYTHON_EXECUTABLE: /usr/bin/python3
[0.160s] -- Override CMake install command with custom implementation using symlinks instead of copying resources
[0.166s] -- Found dynamixel_sdk: 3.7.60 (/home/hyoin/service/install/dynamixel_sdk/share/dynamixel_sdk/cmake)
[0.167s] -- Found dynamixel_sdk_custom_interfaces: 3.7.60 (/home/hyoin/service/install/dynamixel_sdk_custom_interfaces/share/dynamixel_sdk_custom_interfaces/cmake)
[0.186s] -- Using all available rosidl_typesupport_c: rosidl_typesupport_fastrtps_c;rosidl_typesupport_introspection_c
[0.190s] -- Found rosidl_adapter: 1.3.1 (/opt/ros/foxy/share/rosidl_adapter/cmake)
[0.288s] -- Using all available rosidl_typesupport_cpp: rosidl_typesupport_fastrtps_cpp;rosidl_typesupport_introspection_cpp
[0.319s] -- Found rclcpp: 2.4.3 (/opt/ros/foxy/share/rclcpp/cmake)
[0.346s] -- Found rmw_implementation_cmake: 1.0.4 (/opt/ros/foxy/share/rmw_implementation_cmake/cmake)
[0.347s] -- Using RMW implementation 'rmw_fastrtps_cpp' as default
[0.464s] -- Found ament_lint_auto: 0.9.8 (/opt/ros/foxy/share/ament_lint_auto/cmake)
[0.510s] -- Added test 'copyright' to check source files copyright and LICENSE
[0.510s] -- Added test 'cppcheck' to perform static code analysis on C / C++ code
[0.510s] -- Configured cppcheck include dirs: /home/hyoin/service/src/DynamixelSDK/dynamixel_sdk_examples/include
[0.510s] -- Configured cppcheck exclude dirs and/or files: 
[0.511s] -- Added test 'cpplint' to check C / C++ code against the Google style
[0.511s] -- Configured cpplint exclude dirs and/or files: 
[0.511s] -- Added test 'lint_cmake' to check CMake code style
[0.511s] -- Added test 'uncrustify' to check C / C++ code style
[0.511s] -- Configured uncrustify additional arguments: 
[0.512s] -- Added test 'xmllint' to check XML markup files
[0.513s] -- Configuring done
[0.518s] -- Generating done
[0.521s] -- Build files have been written to: /home/hyoin/service/build/dynamixel_sdk_examples
[0.557s] Invoked command in '/home/hyoin/service/build/dynamixel_sdk_examples' returned '0': CMAKE_PREFIX_PATH=/home/hyoin/service/install/dynamixel_sdk_custom_interfaces:/home/hyoin/service/install/dynamixel_sdk:/home/hyoin/service/install/turtlebot3:/home/hyoin/service/install/turtlebot3_bringup:/home/hyoin/service/install/turtlebot3_node:/home/hyoin/service/install/turtlebot3_navigation2:/home/hyoin/service/install/turtlebot3_msgs:/home/hyoin/service/install/turtlebot3_description:/home/hyoin/service/install/turtlebot3_cartographer:/home/hyoin/service/install/md:/home/hyoin/service/install/turtlebot3_teleop:/home/hyoin/service/install/turtlebot3_example:/opt/ros/foxy:/home/hyoin/service/install/serial:/home/hyoin/service/install/dynamixel_sdk_examples LD_LIBRARY_PATH=/home/hyoin/service/install/dynamixel_sdk_custom_interfaces/lib:/home/hyoin/service/install/dynamixel_sdk/lib:/home/hyoin/service/install/turtlebot3_msgs/lib:/home/hyoin/service/install/md/lib:/home/hyoin/service/install/serial/lib:/opt/ros/foxy/opt/yaml_cpp_vendor/lib:/opt/ros/foxy/opt/rviz_ogre_vendor/lib:/opt/ros/foxy/lib/x86_64-linux-gnu:/opt/ros/foxy/lib PYTHONPATH=/home/hyoin/service/install/dynamixel_sdk_custom_interfaces/lib/python3.8/site-packages:${PYTHONPATH} /usr/bin/cmake /home/hyoin/service/src/DynamixelSDK/dynamixel_sdk_examples -DCMAKE_INSTALL_PREFIX=/home/hyoin/service/install/dynamixel_sdk_examples
[0.559s] Invoking command in '/home/hyoin/service/build/dynamixel_sdk_examples': CMAKE_PREFIX_PATH=/home/hyoin/service/install/dynamixel_sdk_custom_interfaces:/home/hyoin/service/install/dynamixel_sdk:/home/hyoin/service/install/turtlebot3:/home/hyoin/service/install/turtlebot3_bringup:/home/hyoin/service/install/turtlebot3_node:/home/hyoin/service/install/turtlebot3_navigation2:/home/hyoin/service/install/turtlebot3_msgs:/home/hyoin/service/install/turtlebot3_description:/home/hyoin/service/install/turtlebot3_cartographer:/home/hyoin/service/install/md:/home/hyoin/service/install/turtlebot3_teleop:/home/hyoin/service/install/turtlebot3_example:/opt/ros/foxy:/home/hyoin/service/install/serial:/home/hyoin/service/install/dynamixel_sdk_examples LD_LIBRARY_PATH=/home/hyoin/service/install/dynamixel_sdk_custom_interfaces/lib:/home/hyoin/service/install/dynamixel_sdk/lib:/home/hyoin/service/install/turtlebot3_msgs/lib:/home/hyoin/service/install/md/lib:/home/hyoin/service/install/serial/lib:/opt/ros/foxy/opt/yaml_cpp_vendor/lib:/opt/ros/foxy/opt/rviz_ogre_vendor/lib:/opt/ros/foxy/lib/x86_64-linux-gnu:/opt/ros/foxy/lib PYTHONPATH=/home/hyoin/service/install/dynamixel_sdk_custom_interfaces/lib/python3.8/site-packages:${PYTHONPATH} /usr/bin/cmake --build /home/hyoin/service/build/dynamixel_sdk_examples -- -j8 -l8
[0.602s] [100%] Built target read_write_node
[0.612s] Invoked command in '/home/hyoin/service/build/dynamixel_sdk_examples' returned '0': CMAKE_PREFIX_PATH=/home/hyoin/service/install/dynamixel_sdk_custom_interfaces:/home/hyoin/service/install/dynamixel_sdk:/home/hyoin/service/install/turtlebot3:/home/hyoin/service/install/turtlebot3_bringup:/home/hyoin/service/install/turtlebot3_node:/home/hyoin/service/install/turtlebot3_navigation2:/home/hyoin/service/install/turtlebot3_msgs:/home/hyoin/service/install/turtlebot3_description:/home/hyoin/service/install/turtlebot3_cartographer:/home/hyoin/service/install/md:/home/hyoin/service/install/turtlebot3_teleop:/home/hyoin/service/install/turtlebot3_example:/opt/ros/foxy:/home/hyoin/service/install/serial:/home/hyoin/service/install/dynamixel_sdk_examples LD_LIBRARY_PATH=/home/hyoin/service/install/dynamixel_sdk_custom_interfaces/lib:/home/hyoin/service/install/dynamixel_sdk/lib:/home/hyoin/service/install/turtlebot3_msgs/lib:/home/hyoin/service/install/md/lib:/home/hyoin/service/install/serial/lib:/opt/ros/foxy/opt/yaml_cpp_vendor/lib:/opt/ros/foxy/opt/rviz_ogre_vendor/lib:/opt/ros/foxy/lib/x86_64-linux-gnu:/opt/ros/foxy/lib PYTHONPATH=/home/hyoin/service/install/dynamixel_sdk_custom_interfaces/lib/python3.8/site-packages:${PYTHONPATH} /usr/bin/cmake --build /home/hyoin/service/build/dynamixel_sdk_examples -- -j8 -l8
[0.615s] Invoking command in '/home/hyoin/service/build/dynamixel_sdk_examples': CMAKE_PREFIX_PATH=/home/hyoin/service/install/dynamixel_sdk_custom_interfaces:/home/hyoin/service/install/dynamixel_sdk:/home/hyoin/service/install/turtlebot3:/home/hyoin/service/install/turtlebot3_bringup:/home/hyoin/service/install/turtlebot3_node:/home/hyoin/service/install/turtlebot3_navigation2:/home/hyoin/service/install/turtlebot3_msgs:/home/hyoin/service/install/turtlebot3_description:/home/hyoin/service/install/turtlebot3_cartographer:/home/hyoin/service/install/md:/home/hyoin/service/install/turtlebot3_teleop:/home/hyoin/service/install/turtlebot3_example:/opt/ros/foxy:/home/hyoin/service/install/serial:/home/hyoin/service/install/dynamixel_sdk_examples LD_LIBRARY_PATH=/home/hyoin/service/install/dynamixel_sdk_custom_interfaces/lib:/home/hyoin/service/install/dynamixel_sdk/lib:/home/hyoin/service/install/turtlebot3_msgs/lib:/home/hyoin/service/install/md/lib:/home/hyoin/service/install/serial/lib:/opt/ros/foxy/opt/yaml_cpp_vendor/lib:/opt/ros/foxy/opt/rviz_ogre_vendor/lib:/opt/ros/foxy/lib/x86_64-linux-gnu:/opt/ros/foxy/lib PYTHONPATH=/home/hyoin/service/install/dynamixel_sdk_custom_interfaces/lib/python3.8/site-packages:${PYTHONPATH} /usr/bin/cmake --install /home/hyoin/service/build/dynamixel_sdk_examples
[0.621s] -- Install configuration: ""
[0.621s] -- Execute custom install script
[0.621s] -- Up-to-date symlink: /home/hyoin/service/install/dynamixel_sdk_examples/lib/dynamixel_sdk_examples/read_write_node
[0.621s] -- Up-to-date symlink: /home/hyoin/service/install/dynamixel_sdk_examples/share/ament_index/resource_index/package_run_dependencies/dynamixel_sdk_examples
[0.622s] -- Up-to-date symlink: /home/hyoin/service/install/dynamixel_sdk_examples/share/ament_index/resource_index/parent_prefix_path/dynamixel_sdk_examples
[0.622s] -- Up-to-date symlink: /home/hyoin/service/install/dynamixel_sdk_examples/share/dynamixel_sdk_examples/environment/ament_prefix_path.sh
[0.622s] -- Up-to-date symlink: /home/hyoin/service/install/dynamixel_sdk_examples/share/dynamixel_sdk_examples/environment/ament_prefix_path.dsv
[0.622s] -- Up-to-date symlink: /home/hyoin/service/install/dynamixel_sdk_examples/share/dynamixel_sdk_examples/environment/path.sh
[0.622s] -- Up-to-date symlink: /home/hyoin/service/install/dynamixel_sdk_examples/share/dynamixel_sdk_examples/environment/path.dsv
[0.622s] -- Up-to-date symlink: /home/hyoin/service/install/dynamixel_sdk_examples/share/dynamixel_sdk_examples/local_setup.bash
[0.623s] -- Up-to-date symlink: /home/hyoin/service/install/dynamixel_sdk_examples/share/dynamixel_sdk_examples/local_setup.sh
[0.623s] -- Up-to-date symlink: /home/hyoin/service/install/dynamixel_sdk_examples/share/dynamixel_sdk_examples/local_setup.zsh
[0.623s] -- Up-to-date symlink: /home/hyoin/service/install/dynamixel_sdk_examples/share/dynamixel_sdk_examples/local_setup.dsv
[0.623s] -- Symlinking: /home/hyoin/service/install/dynamixel_sdk_examples/share/dynamixel_sdk_examples/package.dsv
[0.629s] -- Up-to-date symlink: /home/hyoin/service/install/dynamixel_sdk_examples/share/ament_index/resource_index/packages/dynamixel_sdk_examples
[0.629s] -- Up-to-date symlink: /home/hyoin/service/install/dynamixel_sdk_examples/share/dynamixel_sdk_examples/cmake/dynamixel_sdk_examplesConfig.cmake
[0.629s] -- Up-to-date symlink: /home/hyoin/service/install/dynamixel_sdk_examples/share/dynamixel_sdk_examples/cmake/dynamixel_sdk_examplesConfig-version.cmake
[0.630s] -- Up-to-date symlink: /home/hyoin/service/install/dynamixel_sdk_examples/share/dynamixel_sdk_examples/package.xml
[0.632s] Invoked command in '/home/hyoin/service/build/dynamixel_sdk_examples' returned '0': CMAKE_PREFIX_PATH=/home/hyoin/service/install/dynamixel_sdk_custom_interfaces:/home/hyoin/service/install/dynamixel_sdk:/home/hyoin/service/install/turtlebot3:/home/hyoin/service/install/turtlebot3_bringup:/home/hyoin/service/install/turtlebot3_node:/home/hyoin/service/install/turtlebot3_navigation2:/home/hyoin/service/install/turtlebot3_msgs:/home/hyoin/service/install/turtlebot3_description:/home/hyoin/service/install/turtlebot3_cartographer:/home/hyoin/service/install/md:/home/hyoin/service/install/turtlebot3_teleop:/home/hyoin/service/install/turtlebot3_example:/opt/ros/foxy:/home/hyoin/service/install/serial:/home/hyoin/service/install/dynamixel_sdk_examples LD_LIBRARY_PATH=/home/hyoin/service/install/dynamixel_sdk_custom_interfaces/lib:/home/hyoin/service/install/dynamixel_sdk/lib:/home/hyoin/service/install/turtlebot3_msgs/lib:/home/hyoin/service/install/md/lib:/home/hyoin/service/install/serial/lib:/opt/ros/foxy/opt/yaml_cpp_vendor/lib:/opt/ros/foxy/opt/rviz_ogre_vendor/lib:/opt/ros/foxy/lib/x86_64-linux-gnu:/opt/ros/foxy/lib PYTHONPATH=/home/hyoin/service/install/dynamixel_sdk_custom_interfaces/lib/python3.8/site-packages:${PYTHONPATH} /usr/bin/cmake --install /home/hyoin/service/build/dynamixel_sdk_examples
