[0.020s] Invoking command in '/home/hyoin/service/build/turtlebot3_node': CMAKE_PREFIX_PATH=/home/hyoin/service/install/turtlebot3_msgs:/home/hyoin/service/install/dynamixel_sdk:/home/hyoin/service/install/turtlebot3:/home/hyoin/service/install/turtlebot3_bringup:/home/hyoin/service/install/turtlebot3_node:/home/hyoin/service/install/turtlebot3_navigation2:/home/hyoin/service/install/turtlebot3_description:/home/hyoin/service/install/turtlebot3_cartographer:/home/hyoin/service/install/md:/home/hyoin/service/install/turtlebot3_teleop:/home/hyoin/service/install/turtlebot3_example:/opt/ros/foxy:/home/hyoin/service/install/serial:/home/hyoin/service/install/dynamixel_sdk_examples:/home/hyoin/service/install/dynamixel_sdk_custom_interfaces LD_LIBRARY_PATH=/home/hyoin/service/install/turtlebot3_msgs/lib:/home/hyoin/service/install/dynamixel_sdk/lib:/home/hyoin/service/install/md/lib:/home/hyoin/service/install/serial/lib:/home/hyoin/service/install/dynamixel_sdk_custom_interfaces/lib:/opt/ros/foxy/opt/yaml_cpp_vendor/lib:/opt/ros/foxy/opt/rviz_ogre_vendor/lib:/opt/ros/foxy/lib/x86_64-linux-gnu:/opt/ros/foxy/lib PYTHONPATH=/home/hyoin/service/install/turtlebot3_msgs/lib/python3.8/site-packages:${PYTHONPATH} /usr/bin/cmake --build /home/hyoin/service/build/turtlebot3_node -- -j8 -l8
[0.175s] [ 85%] Built target turtlebot3_node_lib
[0.175s] [100%] Built target turtlebot3_ros
[0.175s] Invoked command in '/home/hyoin/service/build/turtlebot3_node' returned '0': CMAKE_PREFIX_PATH=/home/hyoin/service/install/turtlebot3_msgs:/home/hyoin/service/install/dynamixel_sdk:/home/hyoin/service/install/turtlebot3:/home/hyoin/service/install/turtlebot3_bringup:/home/hyoin/service/install/turtlebot3_node:/home/hyoin/service/install/turtlebot3_navigation2:/home/hyoin/service/install/turtlebot3_description:/home/hyoin/service/install/turtlebot3_cartographer:/home/hyoin/service/install/md:/home/hyoin/service/install/turtlebot3_teleop:/home/hyoin/service/install/turtlebot3_example:/opt/ros/foxy:/home/hyoin/service/install/serial:/home/hyoin/service/install/dynamixel_sdk_examples:/home/hyoin/service/install/dynamixel_sdk_custom_interfaces LD_LIBRARY_PATH=/home/hyoin/service/install/turtlebot3_msgs/lib:/home/hyoin/service/install/dynamixel_sdk/lib:/home/hyoin/service/install/md/lib:/home/hyoin/service/install/serial/lib:/home/hyoin/service/install/dynamixel_sdk_custom_interfaces/lib:/opt/ros/foxy/opt/yaml_cpp_vendor/lib:/opt/ros/foxy/opt/rviz_ogre_vendor/lib:/opt/ros/foxy/lib/x86_64-linux-gnu:/opt/ros/foxy/lib PYTHONPATH=/home/hyoin/service/install/turtlebot3_msgs/lib/python3.8/site-packages:${PYTHONPATH} /usr/bin/cmake --build /home/hyoin/service/build/turtlebot3_node -- -j8 -l8
[0.178s] Invoking command in '/home/hyoin/service/build/turtlebot3_node': CMAKE_PREFIX_PATH=/home/hyoin/service/install/turtlebot3_msgs:/home/hyoin/service/install/dynamixel_sdk:/home/hyoin/service/install/turtlebot3:/home/hyoin/service/install/turtlebot3_bringup:/home/hyoin/service/install/turtlebot3_node:/home/hyoin/service/install/turtlebot3_navigation2:/home/hyoin/service/install/turtlebot3_description:/home/hyoin/service/install/turtlebot3_cartographer:/home/hyoin/service/install/md:/home/hyoin/service/install/turtlebot3_teleop:/home/hyoin/service/install/turtlebot3_example:/opt/ros/foxy:/home/hyoin/service/install/serial:/home/hyoin/service/install/dynamixel_sdk_examples:/home/hyoin/service/install/dynamixel_sdk_custom_interfaces LD_LIBRARY_PATH=/home/hyoin/service/install/turtlebot3_msgs/lib:/home/hyoin/service/install/dynamixel_sdk/lib:/home/hyoin/service/install/md/lib:/home/hyoin/service/install/serial/lib:/home/hyoin/service/install/dynamixel_sdk_custom_interfaces/lib:/opt/ros/foxy/opt/yaml_cpp_vendor/lib:/opt/ros/foxy/opt/rviz_ogre_vendor/lib:/opt/ros/foxy/lib/x86_64-linux-gnu:/opt/ros/foxy/lib PYTHONPATH=/home/hyoin/service/install/turtlebot3_msgs/lib/python3.8/site-packages:${PYTHONPATH} /usr/bin/cmake --install /home/hyoin/service/build/turtlebot3_node
[0.186s] -- Install configuration: ""
[0.186s] -- Execute custom install script
[0.186s] -- Up-to-date symlink: /home/hyoin/service/install/turtlebot3_node/share/turtlebot3_node/param/burger.yaml
[0.186s] -- Up-to-date symlink: /home/hyoin/service/install/turtlebot3_node/share/turtlebot3_node/param/waffle.yaml
[0.186s] -- Up-to-date symlink: /home/hyoin/service/install/turtlebot3_node/share/turtlebot3_node/param/waffle_pi.yaml
[0.187s] -- Up-to-date symlink: /home/hyoin/service/install/turtlebot3_node/lib/turtlebot3_node/turtlebot3_ros
[0.187s] -- Up-to-date symlink: /home/hyoin/service/install/turtlebot3_node/share/ament_index/resource_index/package_run_dependencies/turtlebot3_node
[0.187s] -- Up-to-date symlink: /home/hyoin/service/install/turtlebot3_node/share/ament_index/resource_index/parent_prefix_path/turtlebot3_node
[0.187s] -- Up-to-date symlink: /home/hyoin/service/install/turtlebot3_node/share/turtlebot3_node/environment/ament_prefix_path.sh
[0.187s] -- Up-to-date symlink: /home/hyoin/service/install/turtlebot3_node/share/turtlebot3_node/environment/ament_prefix_path.dsv
[0.189s] -- Up-to-date symlink: /home/hyoin/service/install/turtlebot3_node/share/turtlebot3_node/environment/path.sh
[0.189s] -- Up-to-date symlink: /home/hyoin/service/install/turtlebot3_node/share/turtlebot3_node/environment/path.dsv
[0.189s] -- Up-to-date symlink: /home/hyoin/service/install/turtlebot3_node/share/turtlebot3_node/local_setup.bash
[0.189s] -- Up-to-date symlink: /home/hyoin/service/install/turtlebot3_node/share/turtlebot3_node/local_setup.sh
[0.189s] -- Up-to-date symlink: /home/hyoin/service/install/turtlebot3_node/share/turtlebot3_node/local_setup.zsh
[0.189s] -- Up-to-date symlink: /home/hyoin/service/install/turtlebot3_node/share/turtlebot3_node/local_setup.dsv
[0.189s] -- Symlinking: /home/hyoin/service/install/turtlebot3_node/share/turtlebot3_node/package.dsv
[0.194s] -- Up-to-date symlink: /home/hyoin/service/install/turtlebot3_node/share/ament_index/resource_index/packages/turtlebot3_node
[0.194s] -- Up-to-date symlink: /home/hyoin/service/install/turtlebot3_node/share/turtlebot3_node/cmake/ament_cmake_export_include_directories-extras.cmake
[0.194s] -- Up-to-date symlink: /home/hyoin/service/install/turtlebot3_node/share/turtlebot3_node/cmake/turtlebot3_nodeConfig.cmake
[0.194s] -- Up-to-date symlink: /home/hyoin/service/install/turtlebot3_node/share/turtlebot3_node/cmake/turtlebot3_nodeConfig-version.cmake
[0.195s] -- Up-to-date symlink: /home/hyoin/service/install/turtlebot3_node/share/turtlebot3_node/package.xml
[0.197s] Invoked command in '/home/hyoin/service/build/turtlebot3_node' returned '0': CMAKE_PREFIX_PATH=/home/hyoin/service/install/turtlebot3_msgs:/home/hyoin/service/install/dynamixel_sdk:/home/hyoin/service/install/turtlebot3:/home/hyoin/service/install/turtlebot3_bringup:/home/hyoin/service/install/turtlebot3_node:/home/hyoin/service/install/turtlebot3_navigation2:/home/hyoin/service/install/turtlebot3_description:/home/hyoin/service/install/turtlebot3_cartographer:/home/hyoin/service/install/md:/home/hyoin/service/install/turtlebot3_teleop:/home/hyoin/service/install/turtlebot3_example:/opt/ros/foxy:/home/hyoin/service/install/serial:/home/hyoin/service/install/dynamixel_sdk_examples:/home/hyoin/service/install/dynamixel_sdk_custom_interfaces LD_LIBRARY_PATH=/home/hyoin/service/install/turtlebot3_msgs/lib:/home/hyoin/service/install/dynamixel_sdk/lib:/home/hyoin/service/install/md/lib:/home/hyoin/service/install/serial/lib:/home/hyoin/service/install/dynamixel_sdk_custom_interfaces/lib:/opt/ros/foxy/opt/yaml_cpp_vendor/lib:/opt/ros/foxy/opt/rviz_ogre_vendor/lib:/opt/ros/foxy/lib/x86_64-linux-gnu:/opt/ros/foxy/lib PYTHONPATH=/home/hyoin/service/install/turtlebot3_msgs/lib/python3.8/site-packages:${PYTHONPATH} /usr/bin/cmake --install /home/hyoin/service/build/turtlebot3_node
