-- The C compiler identification is GNU 9.4.0
-- The CXX compiler identification is GNU 9.4.0
-- Check for working C compiler: /usr/bin/cc
-- Check for working C compiler: /usr/bin/cc -- works
-- Detecting C compiler ABI info
-- Detecting C compiler ABI info - done
-- Detecting C compile features
-- Detecting C compile features - done
-- Check for working CXX compiler: /usr/bin/c++
-- Check for working CXX compiler: /usr/bin/c++ -- works
-- Detecting CXX compiler ABI info
-- Detecting CXX compiler ABI info - done
-- Detecting CXX compile features
-- Detecting CXX compile features - done
-- Found ament_cmake: 0.9.12 (/opt/ros/foxy/share/ament_cmake/cmake)
-- Found PythonInterp: /usr/bin/python3 (found suitable version "3.8.10", minimum required is "3") 
-- Using PYTHON_EXECUTABLE: /usr/bin/python3
-- Override CMake install command with custom implementation using symlinks instead of copying resources
-- Found rclcpp: 2.4.3 (/opt/ros/foxy/share/rclcpp/cmake)
-- Using all available rosidl_typesupport_c: rosidl_typesupport_fastrtps_c;rosidl_typesupport_introspection_c
-- Found rosidl_adapter: 1.3.1 (/opt/ros/foxy/share/rosidl_adapter/cmake)
-- Found OpenSSL: /usr/lib/x86_64-linux-gnu/libcrypto.so (found version "1.1.1f")  
-- Found FastRTPS: /opt/ros/foxy/include  
-- Using all available rosidl_typesupport_cpp: rosidl_typesupport_fastrtps_cpp;rosidl_typesupport_introspection_cpp
-- Found rmw_implementation_cmake: 1.0.4 (/opt/ros/foxy/share/rmw_implementation_cmake/cmake)
-- Using RMW implementation 'rmw_fastrtps_cpp' as default
-- Looking for pthread.h
-- Looking for pthread.h - found
-- Performing Test CMAKE_HAVE_LIBC_PTHREAD
-- Performing Test CMAKE_HAVE_LIBC_PTHREAD - Failed
-- Looking for pthread_create in pthreads
-- Looking for pthread_create in pthreads - not found
-- Looking for pthread_create in pthread
-- Looking for pthread_create in pthread - found
-- Found Threads: TRUE  
-- Found rclcpp_components: 2.4.3 (/opt/ros/foxy/share/rclcpp_components/cmake)
-- Found geometry_msgs: 2.0.5 (/opt/ros/foxy/share/geometry_msgs/cmake)
-- Found sensor_msgs: 2.0.5 (/opt/ros/foxy/share/sensor_msgs/cmake)
-- Found nav_msgs: 2.0.5 (/opt/ros/foxy/share/nav_msgs/cmake)
-- Found serial: 1.2.1 (/home/hyoin/service/install/serial/share/serial/cmake)
-- Found rosidl_default_generators: 1.0.1 (/opt/ros/foxy/share/rosidl_default_generators/cmake)
-- Found PythonInterp: /usr/bin/python3 (found version "3.8.10") 
-- Found ament_cmake_ros: 0.9.2 (/opt/ros/foxy/share/ament_cmake_ros/cmake)
-- Using all available rosidl_typesupport_c: rosidl_typesupport_fastrtps_c;rosidl_typesupport_introspection_c
-- Using all available rosidl_typesupport_cpp: rosidl_typesupport_fastrtps_cpp;rosidl_typesupport_introspection_cpp
-- Found PythonInterp: /usr/bin/python3 (found suitable version "3.8.10", minimum required is "3.5") 
-- Found python_cmake_module: 0.8.1 (/opt/ros/foxy/share/python_cmake_module/cmake)
-- Found PythonLibs: /usr/lib/x86_64-linux-gnu/libpython3.8.so (found suitable version "3.8.10", minimum required is "3.5") 
-- Using PYTHON_EXECUTABLE: /usr/bin/python3
-- Using PYTHON_INCLUDE_DIRS: /usr/include/python3.8
-- Using PYTHON_LIBRARIES: /usr/lib/x86_64-linux-gnu/libpython3.8.so
-- Found PythonExtra: .so  
-- Configuring done
-- Generating done
-- Build files have been written to: /home/hyoin/service/build/md
[35m[1mScanning dependencies of target md__cpp[0m
[  1%] [34m[1mGenerating C code for ROS interfaces[0m
[  3%] [34m[1mGenerating C++ code for ROS interfaces[0m
[35m[1mScanning dependencies of target md__rosidl_generator_c[0m
[  5%] [32mBuilding C object CMakeFiles/md__rosidl_generator_c.dir/rosidl_generator_c/md/msg/detail/md_robot_msg1__functions.c.o[0m
[  7%] [32mBuilding C object CMakeFiles/md__rosidl_generator_c.dir/rosidl_generator_c/md/msg/detail/md_robot_msg2__functions.c.o[0m
[  9%] [32mBuilding C object CMakeFiles/md__rosidl_generator_c.dir/rosidl_generator_c/md/msg/detail/pose__functions.c.o[0m
[ 11%] [32m[1mLinking C shared library libmd__rosidl_generator_c.so[0m
[ 11%] Built target md__rosidl_generator_c
[ 13%] [34m[1mGenerating C introspection for ROS interfaces[0m
[ 15%] [34m[1mGenerating C type support dispatch for ROS interfaces[0m
[ 15%] Built target md__cpp
[ 17%] [34m[1mGenerating C++ introspection for ROS interfaces[0m
[ 19%] [34m[1mGenerating C++ type support dispatch for ROS interfaces[0m
[ 21%] [34m[1mGenerating C++ type support for eProsima Fast-RTPS[0m
[35m[1mScanning dependencies of target md__rosidl_typesupport_c[0m
[35m[1mScanning dependencies of target md__rosidl_typesupport_introspection_c[0m
[35m[1mScanning dependencies of target md__rosidl_typesupport_cpp[0m
[ 23%] [32mBuilding C object CMakeFiles/md__rosidl_typesupport_introspection_c.dir/rosidl_typesupport_introspection_c/md/msg/detail/md_robot_msg1__type_support.c.o[0m
[ 25%] [32mBuilding CXX object CMakeFiles/md__rosidl_typesupport_c.dir/rosidl_typesupport_c/md/msg/md_robot_msg2__type_support.cpp.o[0m
[ 27%] [32mBuilding CXX object CMakeFiles/md__rosidl_typesupport_c.dir/rosidl_typesupport_c/md/msg/pose__type_support.cpp.o[0m
[ 29%] [32mBuilding CXX object CMakeFiles/md__rosidl_typesupport_c.dir/rosidl_typesupport_c/md/msg/md_robot_msg1__type_support.cpp.o[0m
[ 31%] [32mBuilding C object CMakeFiles/md__rosidl_typesupport_introspection_c.dir/rosidl_typesupport_introspection_c/md/msg/detail/md_robot_msg2__type_support.c.o[0m
[ 33%] [32mBuilding CXX object CMakeFiles/md__rosidl_typesupport_cpp.dir/rosidl_typesupport_cpp/md/msg/md_robot_msg1__type_support.cpp.o[0m
[ 35%] [32mBuilding C object CMakeFiles/md__rosidl_typesupport_introspection_c.dir/rosidl_typesupport_introspection_c/md/msg/detail/pose__type_support.c.o[0m
[ 37%] [32mBuilding CXX object CMakeFiles/md__rosidl_typesupport_cpp.dir/rosidl_typesupport_cpp/md/msg/md_robot_msg2__type_support.cpp.o[0m
[ 39%] [32m[1mLinking CXX shared library libmd__rosidl_typesupport_c.so[0m
[ 41%] [32m[1mLinking C shared library libmd__rosidl_typesupport_introspection_c.so[0m
[35m[1mScanning dependencies of target md__rosidl_typesupport_introspection_cpp[0m
[ 43%] [32mBuilding CXX object CMakeFiles/md__rosidl_typesupport_cpp.dir/rosidl_typesupport_cpp/md/msg/pose__type_support.cpp.o[0m
[35m[1mScanning dependencies of target md__rosidl_typesupport_fastrtps_cpp[0m
[ 45%] [32mBuilding CXX object CMakeFiles/md__rosidl_typesupport_introspection_cpp.dir/rosidl_typesupport_introspection_cpp/md/msg/detail/md_robot_msg1__type_support.cpp.o[0m
[ 47%] [32mBuilding CXX object CMakeFiles/md__rosidl_typesupport_introspection_cpp.dir/rosidl_typesupport_introspection_cpp/md/msg/detail/md_robot_msg2__type_support.cpp.o[0m
[ 47%] Built target md__rosidl_typesupport_c
[ 49%] [32mBuilding CXX object CMakeFiles/md__rosidl_typesupport_fastrtps_cpp.dir/rosidl_typesupport_fastrtps_cpp/md/msg/detail/dds_fastrtps/md_robot_msg1__type_support.cpp.o[0m
[ 49%] Built target md__rosidl_typesupport_introspection_c
[ 50%] [32mBuilding CXX object CMakeFiles/md__rosidl_typesupport_introspection_cpp.dir/rosidl_typesupport_introspection_cpp/md/msg/detail/pose__type_support.cpp.o[0m
[ 52%] [32mBuilding CXX object CMakeFiles/md__rosidl_typesupport_fastrtps_cpp.dir/rosidl_typesupport_fastrtps_cpp/md/msg/detail/dds_fastrtps/md_robot_msg2__type_support.cpp.o[0m
[ 54%] [32mBuilding CXX object CMakeFiles/md__rosidl_typesupport_fastrtps_cpp.dir/rosidl_typesupport_fastrtps_cpp/md/msg/detail/dds_fastrtps/pose__type_support.cpp.o[0m
[ 56%] [32m[1mLinking CXX shared library libmd__rosidl_typesupport_cpp.so[0m
[ 56%] Built target md__rosidl_typesupport_cpp
[35m[1mScanning dependencies of target md_robot_node[0m
[ 58%] [32mBuilding CXX object CMakeFiles/md_robot_node.dir/src/md_robot_node/robot.cpp.o[0m
[ 60%] [32mBuilding CXX object CMakeFiles/md_robot_node.dir/src/md_robot_node/com.cpp.o[0m
[ 62%] [32mBuilding CXX object CMakeFiles/md_robot_node.dir/src/md_robot_node/main.cpp.o[0m
[ 64%] [32m[1mLinking CXX shared library libmd__rosidl_typesupport_introspection_cpp.so[0m
[ 64%] Built target md__rosidl_typesupport_introspection_cpp
[ 66%] [32m[1mLinking CXX shared library libmd__rosidl_typesupport_fastrtps_cpp.so[0m
[ 66%] Built target md__rosidl_typesupport_fastrtps_cpp
[ 68%] [34m[1mGenerating C type support for eProsima Fast-RTPS[0m
[35m[1mScanning dependencies of target md__rosidl_typesupport_fastrtps_c[0m
[ 70%] [32mBuilding CXX object CMakeFiles/md__rosidl_typesupport_fastrtps_c.dir/rosidl_typesupport_fastrtps_c/md/msg/detail/md_robot_msg2__type_support_c.cpp.o[0m
[ 72%] [32mBuilding CXX object CMakeFiles/md__rosidl_typesupport_fastrtps_c.dir/rosidl_typesupport_fastrtps_c/md/msg/detail/md_robot_msg1__type_support_c.cpp.o[0m
[ 74%] [32mBuilding CXX object CMakeFiles/md__rosidl_typesupport_fastrtps_c.dir/rosidl_typesupport_fastrtps_c/md/msg/detail/pose__type_support_c.cpp.o[0m
[ 76%] [32m[1mLinking CXX shared library libmd__rosidl_typesupport_fastrtps_c.so[0m
[ 76%] Built target md__rosidl_typesupport_fastrtps_c
[35m[1mScanning dependencies of target md[0m
[ 76%] Built target md
[35m[1mScanning dependencies of target md__py[0m
[ 78%] [34m[1mGenerating Python code for ROS interfaces[0m
[ 78%] Built target md__py
[35m[1mScanning dependencies of target md__python[0m
[ 80%] [32mBuilding C object CMakeFiles/md__python.dir/rosidl_generator_py/md/msg/_md_robot_msg2_s.c.o[0m
[ 82%] [32mBuilding C object CMakeFiles/md__python.dir/rosidl_generator_py/md/msg/_pose_s.c.o[0m
[ 84%] [32mBuilding C object CMakeFiles/md__python.dir/rosidl_generator_py/md/msg/_md_robot_msg1_s.c.o[0m
[ 86%] [32m[1mLinking C shared library rosidl_generator_py/md/libmd__python.so[0m
[ 86%] Built target md__python
[35m[1mScanning dependencies of target md__rosidl_typesupport_introspection_c__pyext[0m
[35m[1mScanning dependencies of target md__rosidl_typesupport_fastrtps_c__pyext[0m
[35m[1mScanning dependencies of target md__rosidl_typesupport_c__pyext[0m
[ 88%] [32mBuilding C object CMakeFiles/md__rosidl_typesupport_introspection_c__pyext.dir/rosidl_generator_py/md/_md_s.ep.rosidl_typesupport_introspection_c.c.o[0m
[ 90%] [32mBuilding C object CMakeFiles/md__rosidl_typesupport_fastrtps_c__pyext.dir/rosidl_generator_py/md/_md_s.ep.rosidl_typesupport_fastrtps_c.c.o[0m
[ 92%] [32mBuilding C object CMakeFiles/md__rosidl_typesupport_c__pyext.dir/rosidl_generator_py/md/_md_s.ep.rosidl_typesupport_c.c.o[0m
[ 94%] [32m[1mLinking C shared library rosidl_generator_py/md/md_s__rosidl_typesupport_introspection_c.cpython-38-x86_64-linux-gnu.so[0m
[ 94%] Built target md__rosidl_typesupport_introspection_c__pyext
[ 98%] [32m[1mLinking C shared library rosidl_generator_py/md/md_s__rosidl_typesupport_c.cpython-38-x86_64-linux-gnu.so[0m
[ 98%] [32m[1mLinking CXX shared library rosidl_generator_py/md/md_s__rosidl_typesupport_fastrtps_c.cpython-38-x86_64-linux-gnu.so[0m
[ 98%] Built target md__rosidl_typesupport_c__pyext
[ 98%] Built target md__rosidl_typesupport_fastrtps_c__pyext
[100%] [32m[1mLinking CXX executable md_robot_node[0m
/usr/bin/ld: cannot find -lserial
collect2: error: ld returned 1 exit status
make[2]: *** [CMakeFiles/md_robot_node.dir/build.make:209: md_robot_node] 오류 1
make[1]: *** [CMakeFiles/Makefile2:298: CMakeFiles/md_robot_node.dir/all] 오류 2
make: *** [Makefile:141: all] 오류 2
