-- Found ament_cmake: 0.9.12 (/opt/ros/foxy/share/ament_cmake/cmake)
-- Using PYTHON_EXECUTABLE: /usr/bin/python3
-- Configuring done
-- Generating done
-- Build files have been written to: /home/hyoin/service/build/serial
[35m[1mScanning dependencies of target serial[0m
[ 33%] [32mBuilding CXX object CMakeFiles/serial.dir/src/impl/unix.cc.o[0m
[ 33%] [32mBuilding CXX object CMakeFiles/serial.dir/src/impl/list_ports/list_ports_linux.cc.o[0m
[ 50%] [32mBuilding CXX object CMakeFiles/serial.dir/src/serial.cc.o[0m
[ 66%] [32m[1mLinking CXX static library libserial.a[0m
[ 66%] Built target serial
[35m[1mScanning dependencies of target serial_example[0m
[ 83%] [32mBuilding CXX object CMakeFiles/serial_example.dir/examples/serial_example.cc.o[0m
[100%] [32m[1mLinking CXX executable serial_example[0m
[100%] Built target serial_example
-- Install configuration: ""
-- Installing: /home/hyoin/service/install/serial/lib/libserial.a
-- Installing: /home/hyoin/service/install/serial/include
-- Installing: /home/hyoin/service/install/serial/include/serial
-- Installing: /home/hyoin/service/install/serial/include/serial/impl
-- Installing: /home/hyoin/service/install/serial/include/serial/impl/win.h
-- Installing: /home/hyoin/service/install/serial/include/serial/impl/unix.h
-- Installing: /home/hyoin/service/install/serial/include/serial/v8stdint.h
-- Installing: /home/hyoin/service/install/serial/include/serial/serial.h
-- Installing: /home/hyoin/service/install/serial/share/serial/environment/library_path.sh
-- Installing: /home/hyoin/service/install/serial/share/serial/environment/library_path.dsv
-- Installing: /home/hyoin/service/install/serial/share/ament_index/resource_index/package_run_dependencies/serial
-- Installing: /home/hyoin/service/install/serial/share/ament_index/resource_index/parent_prefix_path/serial
-- Installing: /home/hyoin/service/install/serial/share/serial/environment/ament_prefix_path.sh
-- Installing: /home/hyoin/service/install/serial/share/serial/environment/ament_prefix_path.dsv
-- Installing: /home/hyoin/service/install/serial/share/serial/environment/path.sh
-- Installing: /home/hyoin/service/install/serial/share/serial/environment/path.dsv
-- Installing: /home/hyoin/service/install/serial/share/serial/local_setup.bash
-- Installing: /home/hyoin/service/install/serial/share/serial/local_setup.sh
-- Installing: /home/hyoin/service/install/serial/share/serial/local_setup.zsh
-- Installing: /home/hyoin/service/install/serial/share/serial/local_setup.dsv
-- Installing: /home/hyoin/service/install/serial/share/serial/package.dsv
-- Installing: /home/hyoin/service/install/serial/share/ament_index/resource_index/packages/serial
-- Installing: /home/hyoin/service/install/serial/share/serial/cmake/ament_cmake_export_include_directories-extras.cmake
-- Installing: /home/hyoin/service/install/serial/share/serial/cmake/ament_cmake_export_libraries-extras.cmake
-- Installing: /home/hyoin/service/install/serial/share/serial/cmake/serialConfig.cmake
-- Installing: /home/hyoin/service/install/serial/share/serial/cmake/serialConfig-version.cmake
-- Installing: /home/hyoin/service/install/serial/share/serial/package.xml
