[  1%] Built target md__cpp
[ 11%] Built target md__rosidl_generator_c
[ 21%] Built target md__rosidl_typesupport_cpp
[ 31%] Built target md__rosidl_typesupport_introspection_cpp
[ 41%] Built target md__rosidl_typesupport_fastrtps_cpp
[ 58%] Built target md__rosidl_typesupport_introspection_c
[ 60%] Built target md__rosidl_typesupport_c
[ 70%] Built target md__rosidl_typesupport_fastrtps_c
[ 72%] [32m[1mLinking CXX executable md_robot_node[0m
[ 72%] Built target md
[ 74%] Built target md__py
[ 82%] Built target md__python
[ 86%] Built target md__rosidl_typesupport_c__pyext
[ 90%] Built target md__rosidl_typesupport_introspection_c__pyext
[ 94%] Built target md__rosidl_typesupport_fastrtps_c__pyext
/usr/bin/ld: cannot find -lserial
collect2: error: ld returned 1 exit status
make[2]: *** [CMakeFiles/md_robot_node.dir/build.make:209: md_robot_node] 오류 1
make[1]: *** [CMakeFiles/Makefile2:298: CMakeFiles/md_robot_node.dir/all] 오류 2
make: *** [Makefile:141: all] 오류 2
