[0.048s] Invoking command in '/home/hyoin/service/build/md': CMAKE_PREFIX_PATH=/home/hyoin/service/install/turtlebot3_teleop:/home/hyoin/service/install/turtlebot3_example:/opt/ros/foxy:/home/hyoin/service/install/serial:/home/hyoin/service/install/turtlebot3:/home/hyoin/service/install/turtlebot3_bringup:/home/hyoin/service/install/turtlebot3_node:/home/hyoin/service/install/turtlebot3_navigation2:/home/hyoin/service/install/turtlebot3_msgs:/home/hyoin/service/install/turtlebot3_description:/home/hyoin/service/install/turtlebot3_cartographer:/home/hyoin/service/install/md:/home/hyoin/service/install/dynamixel_sdk_examples:/home/hyoin/service/install/dynamixel_sdk_custom_interfaces:/home/hyoin/service/install/dynamixel_sdk PKG_CONFIG_PATH=/home/hyoin/service/install/serial/lib/x86_64-linux-gnu/pkgconfig:/home/hyoin/service/install/serial/lib/pkgconfig ROS_PACKAGE_PATH=/home/hyoin/service/install/serial/share /usr/bin/cmake --build /home/hyoin/service/build/md -- -j8 -l8
[0.084s] [  1%] Built target md__cpp
[0.092s] [ 11%] Built target md__rosidl_generator_c
[0.106s] [ 21%] Built target md__rosidl_typesupport_cpp
[0.106s] [ 31%] Built target md__rosidl_typesupport_introspection_cpp
[0.110s] [ 41%] Built target md__rosidl_typesupport_fastrtps_cpp
[0.115s] [ 58%] Built target md__rosidl_typesupport_introspection_c
[0.115s] [ 60%] Built target md__rosidl_typesupport_c
[0.135s] [ 70%] Built target md__rosidl_typesupport_fastrtps_c
[0.138s] [ 72%] [32m[1mLinking CXX executable md_robot_node[0m
[0.149s] [ 72%] Built target md
[0.164s] [ 74%] Built target md__py
[0.187s] [ 82%] Built target md__python
[0.210s] [ 86%] Built target md__rosidl_typesupport_c__pyext
[0.211s] [ 90%] Built target md__rosidl_typesupport_introspection_c__pyext
[0.216s] [ 94%] Built target md__rosidl_typesupport_fastrtps_c__pyext
[0.267s] /usr/bin/ld: cannot find -lserial
[0.267s] collect2: error: ld returned 1 exit status
[0.268s] make[2]: *** [CMakeFiles/md_robot_node.dir/build.make:209: md_robot_node] 오류 1
[0.268s] make[1]: *** [CMakeFiles/Makefile2:298: CMakeFiles/md_robot_node.dir/all] 오류 2
[0.269s] make: *** [Makefile:141: all] 오류 2
[0.270s] Invoked command in '/home/hyoin/service/build/md' returned '2': CMAKE_PREFIX_PATH=/home/hyoin/service/install/turtlebot3_teleop:/home/hyoin/service/install/turtlebot3_example:/opt/ros/foxy:/home/hyoin/service/install/serial:/home/hyoin/service/install/turtlebot3:/home/hyoin/service/install/turtlebot3_bringup:/home/hyoin/service/install/turtlebot3_node:/home/hyoin/service/install/turtlebot3_navigation2:/home/hyoin/service/install/turtlebot3_msgs:/home/hyoin/service/install/turtlebot3_description:/home/hyoin/service/install/turtlebot3_cartographer:/home/hyoin/service/install/md:/home/hyoin/service/install/dynamixel_sdk_examples:/home/hyoin/service/install/dynamixel_sdk_custom_interfaces:/home/hyoin/service/install/dynamixel_sdk PKG_CONFIG_PATH=/home/hyoin/service/install/serial/lib/x86_64-linux-gnu/pkgconfig:/home/hyoin/service/install/serial/lib/pkgconfig ROS_PACKAGE_PATH=/home/hyoin/service/install/serial/share /usr/bin/cmake --build /home/hyoin/service/build/md -- -j8 -l8
