[0.035s] Invoking command in '/home/hyoin/service/build/turtlebot3_msgs': CMAKE_PREFIX_PATH=/home/hyoin/service/install/turtlebot3:/home/hyoin/service/install/turtlebot3_bringup:/home/hyoin/service/install/turtlebot3_node:/home/hyoin/service/install/turtlebot3_navigation2:/home/hyoin/service/install/turtlebot3_msgs:/home/hyoin/service/install/turtlebot3_description:/home/hyoin/service/install/turtlebot3_cartographer:/home/hyoin/service/install/md:/home/hyoin/service/install/turtlebot3_teleop:/home/hyoin/service/install/turtlebot3_example:/opt/ros/foxy:/home/hyoin/service/install/serial:/home/hyoin/service/install/dynamixel_sdk_examples:/home/hyoin/service/install/dynamixel_sdk_custom_interfaces:/home/hyoin/service/install/dynamixel_sdk /usr/bin/cmake --build /home/hyoin/service/build/turtlebot3_msgs -- -j8 -l8
[0.238s] [  1%] Built target turtlebot3_msgs__cpp
[0.238s] [ 12%] Built target turtlebot3_msgs__rosidl_generator_c
[0.238s] [ 23%] Built target turtlebot3_msgs__rosidl_typesupport_cpp
[0.238s] [ 35%] Built target turtlebot3_msgs__rosidl_typesupport_c
[0.238s] [ 46%] Built target turtlebot3_msgs__rosidl_typesupport_introspection_cpp
[0.238s] [ 57%] Built target turtlebot3_msgs__rosidl_typesupport_introspection_c
[0.238s] [ 69%] Built target turtlebot3_msgs__rosidl_typesupport_fastrtps_cpp
[0.238s] [ 80%] Built target turtlebot3_msgs__rosidl_typesupport_fastrtps_c
[0.238s] [ 80%] Built target turtlebot3_msgs
[0.238s] [ 81%] Built target turtlebot3_msgs__py
[0.238s] [ 91%] Built target turtlebot3_msgs__python
[0.238s] [ 97%] Built target turtlebot3_msgs__rosidl_typesupport_c__pyext
[0.238s] [ 97%] Built target turtlebot3_msgs__rosidl_typesupport_introspection_c__pyext
[0.238s] [100%] Built target turtlebot3_msgs__rosidl_typesupport_fastrtps_c__pyext
[0.266s] Invoked command in '/home/hyoin/service/build/turtlebot3_msgs' returned '0': CMAKE_PREFIX_PATH=/home/hyoin/service/install/turtlebot3:/home/hyoin/service/install/turtlebot3_bringup:/home/hyoin/service/install/turtlebot3_node:/home/hyoin/service/install/turtlebot3_navigation2:/home/hyoin/service/install/turtlebot3_msgs:/home/hyoin/service/install/turtlebot3_description:/home/hyoin/service/install/turtlebot3_cartographer:/home/hyoin/service/install/md:/home/hyoin/service/install/turtlebot3_teleop:/home/hyoin/service/install/turtlebot3_example:/opt/ros/foxy:/home/hyoin/service/install/serial:/home/hyoin/service/install/dynamixel_sdk_examples:/home/hyoin/service/install/dynamixel_sdk_custom_interfaces:/home/hyoin/service/install/dynamixel_sdk /usr/bin/cmake --build /home/hyoin/service/build/turtlebot3_msgs -- -j8 -l8
[0.269s] Invoking command in '/home/hyoin/service/build/turtlebot3_msgs': CMAKE_PREFIX_PATH=/home/hyoin/service/install/turtlebot3:/home/hyoin/service/install/turtlebot3_bringup:/home/hyoin/service/install/turtlebot3_node:/home/hyoin/service/install/turtlebot3_navigation2:/home/hyoin/service/install/turtlebot3_msgs:/home/hyoin/service/install/turtlebot3_description:/home/hyoin/service/install/turtlebot3_cartographer:/home/hyoin/service/install/md:/home/hyoin/service/install/turtlebot3_teleop:/home/hyoin/service/install/turtlebot3_example:/opt/ros/foxy:/home/hyoin/service/install/serial:/home/hyoin/service/install/dynamixel_sdk_examples:/home/hyoin/service/install/dynamixel_sdk_custom_interfaces:/home/hyoin/service/install/dynamixel_sdk /usr/bin/cmake --install /home/hyoin/service/build/turtlebot3_msgs
[0.294s] -- Install configuration: ""
[0.295s] -- Execute custom install script
[0.295s] -- Up-to-date symlink: /home/hyoin/service/install/turtlebot3_msgs/share/ament_index/resource_index/rosidl_interfaces/turtlebot3_msgs
[0.298s] -- Up-to-date symlink: /home/hyoin/service/install/turtlebot3_msgs/include/turtlebot3_msgs/action/detail/patrol__functions.h
[0.298s] -- Up-to-date symlink: /home/hyoin/service/install/turtlebot3_msgs/include/turtlebot3_msgs/action/detail/patrol__struct.h
[0.298s] -- Up-to-date symlink: /home/hyoin/service/install/turtlebot3_msgs/include/turtlebot3_msgs/action/detail/patrol__type_support.h
[0.298s] -- Up-to-date symlink: /home/hyoin/service/install/turtlebot3_msgs/include/turtlebot3_msgs/action/patrol.h
[0.299s] -- Up-to-date symlink: /home/hyoin/service/install/turtlebot3_msgs/include/turtlebot3_msgs/msg/detail/sensor_state__functions.h
[0.299s] -- Up-to-date symlink: /home/hyoin/service/install/turtlebot3_msgs/include/turtlebot3_msgs/msg/detail/sensor_state__struct.h
[0.299s] -- Up-to-date symlink: /home/hyoin/service/install/turtlebot3_msgs/include/turtlebot3_msgs/msg/detail/sensor_state__type_support.h
[0.299s] -- Up-to-date symlink: /home/hyoin/service/install/turtlebot3_msgs/include/turtlebot3_msgs/msg/detail/sound__functions.h
[0.299s] -- Up-to-date symlink: /home/hyoin/service/install/turtlebot3_msgs/include/turtlebot3_msgs/msg/detail/sound__struct.h
[0.299s] -- Up-to-date symlink: /home/hyoin/service/install/turtlebot3_msgs/include/turtlebot3_msgs/msg/detail/sound__type_support.h
[0.300s] -- Up-to-date symlink: /home/hyoin/service/install/turtlebot3_msgs/include/turtlebot3_msgs/msg/detail/version_info__functions.h
[0.300s] -- Up-to-date symlink: /home/hyoin/service/install/turtlebot3_msgs/include/turtlebot3_msgs/msg/detail/version_info__struct.h
[0.300s] -- Up-to-date symlink: /home/hyoin/service/install/turtlebot3_msgs/include/turtlebot3_msgs/msg/detail/version_info__type_support.h
[0.300s] -- Up-to-date symlink: /home/hyoin/service/install/turtlebot3_msgs/include/turtlebot3_msgs/msg/rosidl_generator_c__visibility_control.h
[0.300s] -- Up-to-date symlink: /home/hyoin/service/install/turtlebot3_msgs/include/turtlebot3_msgs/msg/sensor_state.h
[0.300s] -- Up-to-date symlink: /home/hyoin/service/install/turtlebot3_msgs/include/turtlebot3_msgs/msg/sound.h
[0.300s] -- Up-to-date symlink: /home/hyoin/service/install/turtlebot3_msgs/include/turtlebot3_msgs/msg/version_info.h
[0.300s] -- Up-to-date symlink: /home/hyoin/service/install/turtlebot3_msgs/include/turtlebot3_msgs/srv/detail/dqn__functions.h
[0.300s] -- Up-to-date symlink: /home/hyoin/service/install/turtlebot3_msgs/include/turtlebot3_msgs/srv/detail/dqn__struct.h
[0.300s] -- Up-to-date symlink: /home/hyoin/service/install/turtlebot3_msgs/include/turtlebot3_msgs/srv/detail/dqn__type_support.h
[0.301s] -- Up-to-date symlink: /home/hyoin/service/install/turtlebot3_msgs/include/turtlebot3_msgs/srv/detail/sound__functions.h
[0.301s] -- Up-to-date symlink: /home/hyoin/service/install/turtlebot3_msgs/include/turtlebot3_msgs/srv/detail/sound__struct.h
[0.301s] -- Up-to-date symlink: /home/hyoin/service/install/turtlebot3_msgs/include/turtlebot3_msgs/srv/detail/sound__type_support.h
[0.301s] -- Up-to-date symlink: /home/hyoin/service/install/turtlebot3_msgs/include/turtlebot3_msgs/srv/dqn.h
[0.301s] -- Up-to-date symlink: /home/hyoin/service/install/turtlebot3_msgs/include/turtlebot3_msgs/srv/sound.h
[0.301s] -- Up-to-date symlink: /home/hyoin/service/install/turtlebot3_msgs/share/turtlebot3_msgs/environment/library_path.sh
[0.301s] -- Up-to-date symlink: /home/hyoin/service/install/turtlebot3_msgs/share/turtlebot3_msgs/environment/library_path.dsv
[0.301s] -- Up-to-date symlink: /home/hyoin/service/install/turtlebot3_msgs/include/turtlebot3_msgs/action/detail/patrol__rosidl_typesupport_fastrtps_c.h
[0.305s] -- Up-to-date symlink: /home/hyoin/service/install/turtlebot3_msgs/include/turtlebot3_msgs/msg/detail/sensor_state__rosidl_typesupport_fastrtps_c.h
[0.305s] -- Up-to-date symlink: /home/hyoin/service/install/turtlebot3_msgs/include/turtlebot3_msgs/msg/detail/sound__rosidl_typesupport_fastrtps_c.h
[0.306s] -- Up-to-date symlink: /home/hyoin/service/install/turtlebot3_msgs/include/turtlebot3_msgs/msg/detail/version_info__rosidl_typesupport_fastrtps_c.h
[0.306s] -- Up-to-date symlink: /home/hyoin/service/install/turtlebot3_msgs/include/turtlebot3_msgs/msg/rosidl_typesupport_fastrtps_c__visibility_control.h
[0.306s] -- Up-to-date symlink: /home/hyoin/service/install/turtlebot3_msgs/include/turtlebot3_msgs/srv/detail/dqn__rosidl_typesupport_fastrtps_c.h
[0.306s] -- Up-to-date symlink: /home/hyoin/service/install/turtlebot3_msgs/include/turtlebot3_msgs/srv/detail/sound__rosidl_typesupport_fastrtps_c.h
[0.306s] -- Up-to-date symlink: /home/hyoin/service/install/turtlebot3_msgs/lib/libturtlebot3_msgs__rosidl_typesupport_fastrtps_c.so
[0.307s] -- Up-to-date symlink: /home/hyoin/service/install/turtlebot3_msgs/include/turtlebot3_msgs/action/detail/patrol__rosidl_typesupport_fastrtps_cpp.hpp
[0.307s] -- Up-to-date symlink: /home/hyoin/service/install/turtlebot3_msgs/include/turtlebot3_msgs/msg/detail/sensor_state__rosidl_typesupport_fastrtps_cpp.hpp
[0.307s] -- Up-to-date symlink: /home/hyoin/service/install/turtlebot3_msgs/include/turtlebot3_msgs/msg/detail/sound__rosidl_typesupport_fastrtps_cpp.hpp
[0.307s] -- Up-to-date symlink: /home/hyoin/service/install/turtlebot3_msgs/include/turtlebot3_msgs/msg/detail/version_info__rosidl_typesupport_fastrtps_cpp.hpp
[0.307s] -- Up-to-date symlink: /home/hyoin/service/install/turtlebot3_msgs/include/turtlebot3_msgs/msg/rosidl_typesupport_fastrtps_cpp__visibility_control.h
[0.307s] -- Up-to-date symlink: /home/hyoin/service/install/turtlebot3_msgs/include/turtlebot3_msgs/srv/detail/dqn__rosidl_typesupport_fastrtps_cpp.hpp
[0.307s] -- Up-to-date symlink: /home/hyoin/service/install/turtlebot3_msgs/include/turtlebot3_msgs/srv/detail/sound__rosidl_typesupport_fastrtps_cpp.hpp
[0.307s] -- Up-to-date symlink: /home/hyoin/service/install/turtlebot3_msgs/lib/libturtlebot3_msgs__rosidl_typesupport_fastrtps_cpp.so
[0.307s] -- Up-to-date symlink: /home/hyoin/service/install/turtlebot3_msgs/include/turtlebot3_msgs/action/detail/patrol__rosidl_typesupport_introspection_c.h
[0.307s] -- Up-to-date symlink: /home/hyoin/service/install/turtlebot3_msgs/include/turtlebot3_msgs/msg/detail/sensor_state__rosidl_typesupport_introspection_c.h
[0.308s] -- Up-to-date symlink: /home/hyoin/service/install/turtlebot3_msgs/include/turtlebot3_msgs/msg/detail/sound__rosidl_typesupport_introspection_c.h
[0.308s] -- Up-to-date symlink: /home/hyoin/service/install/turtlebot3_msgs/include/turtlebot3_msgs/msg/detail/version_info__rosidl_typesupport_introspection_c.h
[0.308s] -- Up-to-date symlink: /home/hyoin/service/install/turtlebot3_msgs/include/turtlebot3_msgs/msg/rosidl_typesupport_introspection_c__visibility_control.h
[0.308s] -- Up-to-date symlink: /home/hyoin/service/install/turtlebot3_msgs/include/turtlebot3_msgs/srv/detail/dqn__rosidl_typesupport_introspection_c.h
[0.308s] -- Up-to-date symlink: /home/hyoin/service/install/turtlebot3_msgs/include/turtlebot3_msgs/srv/detail/sound__rosidl_typesupport_introspection_c.h
[0.308s] -- Up-to-date symlink: /home/hyoin/service/install/turtlebot3_msgs/include/turtlebot3_msgs/action/detail/patrol__builder.hpp
[0.308s] -- Up-to-date symlink: /home/hyoin/service/install/turtlebot3_msgs/include/turtlebot3_msgs/action/detail/patrol__struct.hpp
[0.308s] -- Up-to-date symlink: /home/hyoin/service/install/turtlebot3_msgs/include/turtlebot3_msgs/action/detail/patrol__traits.hpp
[0.308s] -- Up-to-date symlink: /home/hyoin/service/install/turtlebot3_msgs/include/turtlebot3_msgs/action/detail/patrol__type_support.hpp
[0.308s] -- Up-to-date symlink: /home/hyoin/service/install/turtlebot3_msgs/include/turtlebot3_msgs/action/patrol.hpp
[0.308s] -- Up-to-date symlink: /home/hyoin/service/install/turtlebot3_msgs/include/turtlebot3_msgs/msg/detail/sensor_state__builder.hpp
[0.308s] -- Up-to-date symlink: /home/hyoin/service/install/turtlebot3_msgs/include/turtlebot3_msgs/msg/detail/sensor_state__struct.hpp
[0.309s] -- Up-to-date symlink: /home/hyoin/service/install/turtlebot3_msgs/include/turtlebot3_msgs/msg/detail/sensor_state__traits.hpp
[0.309s] -- Up-to-date symlink: /home/hyoin/service/install/turtlebot3_msgs/include/turtlebot3_msgs/msg/detail/sensor_state__type_support.hpp
[0.309s] -- Up-to-date symlink: /home/hyoin/service/install/turtlebot3_msgs/include/turtlebot3_msgs/msg/detail/sound__builder.hpp
[0.309s] -- Up-to-date symlink: /home/hyoin/service/install/turtlebot3_msgs/include/turtlebot3_msgs/msg/detail/sound__struct.hpp
[0.309s] -- Up-to-date symlink: /home/hyoin/service/install/turtlebot3_msgs/include/turtlebot3_msgs/msg/detail/sound__traits.hpp
[0.309s] -- Up-to-date symlink: /home/hyoin/service/install/turtlebot3_msgs/include/turtlebot3_msgs/msg/detail/sound__type_support.hpp
[0.309s] -- Up-to-date symlink: /home/hyoin/service/install/turtlebot3_msgs/include/turtlebot3_msgs/msg/detail/version_info__builder.hpp
[0.309s] -- Up-to-date symlink: /home/hyoin/service/install/turtlebot3_msgs/include/turtlebot3_msgs/msg/detail/version_info__struct.hpp
[0.309s] -- Up-to-date symlink: /home/hyoin/service/install/turtlebot3_msgs/include/turtlebot3_msgs/msg/detail/version_info__traits.hpp
[0.309s] -- Up-to-date symlink: /home/hyoin/service/install/turtlebot3_msgs/include/turtlebot3_msgs/msg/detail/version_info__type_support.hpp
[0.309s] -- Up-to-date symlink: /home/hyoin/service/install/turtlebot3_msgs/include/turtlebot3_msgs/msg/rosidl_generator_cpp__visibility_control.hpp
[0.309s] -- Up-to-date symlink: /home/hyoin/service/install/turtlebot3_msgs/include/turtlebot3_msgs/msg/sensor_state.hpp
[0.309s] -- Up-to-date symlink: /home/hyoin/service/install/turtlebot3_msgs/include/turtlebot3_msgs/msg/sound.hpp
[0.309s] -- Up-to-date symlink: /home/hyoin/service/install/turtlebot3_msgs/include/turtlebot3_msgs/msg/version_info.hpp
[0.309s] -- Up-to-date symlink: /home/hyoin/service/install/turtlebot3_msgs/include/turtlebot3_msgs/srv/detail/dqn__builder.hpp
[0.310s] -- Up-to-date symlink: /home/hyoin/service/install/turtlebot3_msgs/include/turtlebot3_msgs/srv/detail/dqn__struct.hpp
[0.310s] -- Up-to-date symlink: /home/hyoin/service/install/turtlebot3_msgs/include/turtlebot3_msgs/srv/detail/dqn__traits.hpp
[0.310s] -- Up-to-date symlink: /home/hyoin/service/install/turtlebot3_msgs/include/turtlebot3_msgs/srv/detail/dqn__type_support.hpp
[0.310s] -- Up-to-date symlink: /home/hyoin/service/install/turtlebot3_msgs/include/turtlebot3_msgs/srv/detail/sound__builder.hpp
[0.310s] -- Up-to-date symlink: /home/hyoin/service/install/turtlebot3_msgs/include/turtlebot3_msgs/srv/detail/sound__struct.hpp
[0.310s] -- Up-to-date symlink: /home/hyoin/service/install/turtlebot3_msgs/include/turtlebot3_msgs/srv/detail/sound__traits.hpp
[0.310s] -- Up-to-date symlink: /home/hyoin/service/install/turtlebot3_msgs/include/turtlebot3_msgs/srv/detail/sound__type_support.hpp
[0.310s] -- Up-to-date symlink: /home/hyoin/service/install/turtlebot3_msgs/include/turtlebot3_msgs/srv/dqn.hpp
[0.310s] -- Up-to-date symlink: /home/hyoin/service/install/turtlebot3_msgs/include/turtlebot3_msgs/srv/sound.hpp
[0.310s] -- Up-to-date symlink: /home/hyoin/service/install/turtlebot3_msgs/include/turtlebot3_msgs/action/detail/patrol__rosidl_typesupport_introspection_cpp.hpp
[0.310s] -- Up-to-date symlink: /home/hyoin/service/install/turtlebot3_msgs/include/turtlebot3_msgs/msg/detail/sensor_state__rosidl_typesupport_introspection_cpp.hpp
[0.310s] -- Up-to-date symlink: /home/hyoin/service/install/turtlebot3_msgs/include/turtlebot3_msgs/msg/detail/sound__rosidl_typesupport_introspection_cpp.hpp
[0.310s] -- Up-to-date symlink: /home/hyoin/service/install/turtlebot3_msgs/include/turtlebot3_msgs/msg/detail/version_info__rosidl_typesupport_introspection_cpp.hpp
[0.310s] -- Up-to-date symlink: /home/hyoin/service/install/turtlebot3_msgs/include/turtlebot3_msgs/srv/detail/dqn__rosidl_typesupport_introspection_cpp.hpp
[0.310s] -- Up-to-date symlink: /home/hyoin/service/install/turtlebot3_msgs/include/turtlebot3_msgs/srv/detail/sound__rosidl_typesupport_introspection_cpp.hpp
[0.311s] -- Up-to-date symlink: /home/hyoin/service/install/turtlebot3_msgs/share/turtlebot3_msgs/environment/pythonpath.sh
[0.311s] -- Up-to-date symlink: /home/hyoin/service/install/turtlebot3_msgs/share/turtlebot3_msgs/environment/pythonpath.dsv
[0.311s] -- Up-to-date symlink: /home/hyoin/service/install/turtlebot3_msgs/lib/python3.8/site-packages/turtlebot3_msgs/__init__.py
[0.311s] -- Up-to-date symlink: /home/hyoin/service/install/turtlebot3_msgs/lib/python3.8/site-packages/turtlebot3_msgs/msg/__init__.py
[0.311s] -- Up-to-date symlink: /home/hyoin/service/install/turtlebot3_msgs/lib/python3.8/site-packages/turtlebot3_msgs/msg/_sensor_state.py
[0.311s] -- Up-to-date symlink: /home/hyoin/service/install/turtlebot3_msgs/lib/python3.8/site-packages/turtlebot3_msgs/msg/_sound.py
[0.312s] -- Up-to-date symlink: /home/hyoin/service/install/turtlebot3_msgs/lib/python3.8/site-packages/turtlebot3_msgs/msg/_version_info.py
[0.312s] -- Up-to-date symlink: /home/hyoin/service/install/turtlebot3_msgs/lib/python3.8/site-packages/turtlebot3_msgs/srv/__init__.py
[0.312s] -- Up-to-date symlink: /home/hyoin/service/install/turtlebot3_msgs/lib/python3.8/site-packages/turtlebot3_msgs/srv/_dqn.py
[0.312s] -- Up-to-date symlink: /home/hyoin/service/install/turtlebot3_msgs/lib/python3.8/site-packages/turtlebot3_msgs/srv/_sound.py
[0.313s] -- Up-to-date symlink: /home/hyoin/service/install/turtlebot3_msgs/lib/python3.8/site-packages/turtlebot3_msgs/action/__init__.py
[0.313s] -- Up-to-date symlink: /home/hyoin/service/install/turtlebot3_msgs/lib/python3.8/site-packages/turtlebot3_msgs/action/_patrol.py
[0.313s] -- Up-to-date symlink: /home/hyoin/service/install/turtlebot3_msgs/lib/python3.8/site-packages/turtlebot3_msgs/turtlebot3_msgs_s__rosidl_typesupport_fastrtps_c.cpython-38-x86_64-linux-gnu.so
[0.314s] -- Up-to-date symlink: /home/hyoin/service/install/turtlebot3_msgs/lib/python3.8/site-packages/turtlebot3_msgs/turtlebot3_msgs_s__rosidl_typesupport_introspection_c.cpython-38-x86_64-linux-gnu.so
[0.314s] -- Up-to-date symlink: /home/hyoin/service/install/turtlebot3_msgs/lib/python3.8/site-packages/turtlebot3_msgs/turtlebot3_msgs_s__rosidl_typesupport_c.cpython-38-x86_64-linux-gnu.so
[0.314s] -- Up-to-date symlink: /home/hyoin/service/install/turtlebot3_msgs/lib/libturtlebot3_msgs__python.so
[0.314s] -- Up-to-date symlink: /home/hyoin/service/install/turtlebot3_msgs/share/turtlebot3_msgs/msg/SensorState.idl
[0.315s] -- Up-to-date symlink: /home/hyoin/service/install/turtlebot3_msgs/share/turtlebot3_msgs/msg/Sound.idl
[0.315s] -- Up-to-date symlink: /home/hyoin/service/install/turtlebot3_msgs/share/turtlebot3_msgs/msg/VersionInfo.idl
[0.315s] -- Up-to-date symlink: /home/hyoin/service/install/turtlebot3_msgs/share/turtlebot3_msgs/srv/Sound.idl
[0.315s] -- Up-to-date symlink: /home/hyoin/service/install/turtlebot3_msgs/share/turtlebot3_msgs/srv/Dqn.idl
[0.315s] -- Up-to-date symlink: /home/hyoin/service/install/turtlebot3_msgs/share/turtlebot3_msgs/action/Patrol.idl
[0.315s] -- Up-to-date symlink: /home/hyoin/service/install/turtlebot3_msgs/share/turtlebot3_msgs/msg/SensorState.msg
[0.315s] -- Up-to-date symlink: /home/hyoin/service/install/turtlebot3_msgs/share/turtlebot3_msgs/msg/Sound.msg
[0.316s] -- Up-to-date symlink: /home/hyoin/service/install/turtlebot3_msgs/share/turtlebot3_msgs/msg/VersionInfo.msg
[0.316s] -- Up-to-date symlink: /home/hyoin/service/install/turtlebot3_msgs/share/turtlebot3_msgs/srv/Sound.srv
[0.316s] -- Up-to-date symlink: /home/hyoin/service/install/turtlebot3_msgs/share/turtlebot3_msgs/srv/Sound_Request.msg
[0.316s] -- Up-to-date symlink: /home/hyoin/service/install/turtlebot3_msgs/share/turtlebot3_msgs/srv/Sound_Response.msg
[0.316s] -- Up-to-date symlink: /home/hyoin/service/install/turtlebot3_msgs/share/turtlebot3_msgs/srv/Dqn.srv
[0.316s] -- Up-to-date symlink: /home/hyoin/service/install/turtlebot3_msgs/share/turtlebot3_msgs/srv/Dqn_Request.msg
[0.316s] -- Up-to-date symlink: /home/hyoin/service/install/turtlebot3_msgs/share/turtlebot3_msgs/srv/Dqn_Response.msg
[0.316s] -- Up-to-date symlink: /home/hyoin/service/install/turtlebot3_msgs/share/turtlebot3_msgs/action/Patrol.action
[0.316s] -- Up-to-date symlink: /home/hyoin/service/install/turtlebot3_msgs/share/ament_index/resource_index/package_run_dependencies/turtlebot3_msgs
[0.316s] -- Up-to-date symlink: /home/hyoin/service/install/turtlebot3_msgs/share/ament_index/resource_index/parent_prefix_path/turtlebot3_msgs
[0.316s] -- Up-to-date symlink: /home/hyoin/service/install/turtlebot3_msgs/share/turtlebot3_msgs/environment/ament_prefix_path.sh
[0.316s] -- Up-to-date symlink: /home/hyoin/service/install/turtlebot3_msgs/share/turtlebot3_msgs/environment/ament_prefix_path.dsv
[0.317s] -- Up-to-date symlink: /home/hyoin/service/install/turtlebot3_msgs/share/turtlebot3_msgs/environment/path.sh
[0.317s] -- Up-to-date symlink: /home/hyoin/service/install/turtlebot3_msgs/share/turtlebot3_msgs/environment/path.dsv
[0.317s] -- Up-to-date symlink: /home/hyoin/service/install/turtlebot3_msgs/share/turtlebot3_msgs/local_setup.bash
[0.317s] -- Up-to-date symlink: /home/hyoin/service/install/turtlebot3_msgs/share/turtlebot3_msgs/local_setup.sh
[0.317s] -- Up-to-date symlink: /home/hyoin/service/install/turtlebot3_msgs/share/turtlebot3_msgs/local_setup.zsh
[0.317s] -- Up-to-date symlink: /home/hyoin/service/install/turtlebot3_msgs/share/turtlebot3_msgs/local_setup.dsv
[0.317s] -- Symlinking: /home/hyoin/service/install/turtlebot3_msgs/share/turtlebot3_msgs/package.dsv
[0.317s] -- Up-to-date symlink: /home/hyoin/service/install/turtlebot3_msgs/share/ament_index/resource_index/packages/turtlebot3_msgs
[0.317s] -- Up-to-date symlink: /home/hyoin/service/install/turtlebot3_msgs/share/turtlebot3_msgs/cmake/rosidl_cmake-extras.cmake
[0.317s] -- Up-to-date symlink: /home/hyoin/service/install/turtlebot3_msgs/share/turtlebot3_msgs/cmake/ament_cmake_export_dependencies-extras.cmake
[0.317s] -- Up-to-date symlink: /home/hyoin/service/install/turtlebot3_msgs/share/turtlebot3_msgs/cmake/ament_cmake_export_libraries-extras.cmake
[0.317s] -- Up-to-date symlink: /home/hyoin/service/install/turtlebot3_msgs/share/turtlebot3_msgs/cmake/ament_cmake_export_targets-extras.cmake
[0.317s] -- Up-to-date symlink: /home/hyoin/service/install/turtlebot3_msgs/share/turtlebot3_msgs/cmake/ament_cmake_export_include_directories-extras.cmake
[0.317s] -- Up-to-date symlink: /home/hyoin/service/install/turtlebot3_msgs/share/turtlebot3_msgs/cmake/rosidl_cmake_export_typesupport_libraries-extras.cmake
[0.318s] -- Up-to-date symlink: /home/hyoin/service/install/turtlebot3_msgs/share/turtlebot3_msgs/cmake/rosidl_cmake_export_typesupport_targets-extras.cmake
[0.318s] -- Up-to-date symlink: /home/hyoin/service/install/turtlebot3_msgs/share/turtlebot3_msgs/cmake/turtlebot3_msgsConfig.cmake
[0.318s] -- Up-to-date symlink: /home/hyoin/service/install/turtlebot3_msgs/share/turtlebot3_msgs/cmake/turtlebot3_msgsConfig-version.cmake
[0.318s] -- Up-to-date symlink: /home/hyoin/service/install/turtlebot3_msgs/share/turtlebot3_msgs/package.xml
[0.318s] -- Up-to-date: /home/hyoin/service/install/turtlebot3_msgs/lib/libturtlebot3_msgs__rosidl_generator_c.so
[0.318s] -- Up-to-date: /home/hyoin/service/install/turtlebot3_msgs/lib/libturtlebot3_msgs__rosidl_typesupport_introspection_c.so
[0.318s] -- Up-to-date: /home/hyoin/service/install/turtlebot3_msgs/lib/libturtlebot3_msgs__rosidl_typesupport_c.so
[0.318s] -- Up-to-date: /home/hyoin/service/install/turtlebot3_msgs/lib/libturtlebot3_msgs__rosidl_typesupport_introspection_cpp.so
[0.318s] -- Up-to-date: /home/hyoin/service/install/turtlebot3_msgs/lib/libturtlebot3_msgs__rosidl_typesupport_cpp.so
[0.332s] -- Up-to-date: /home/hyoin/service/install/turtlebot3_msgs/share/turtlebot3_msgs/cmake/turtlebot3_msgs__rosidl_generator_cExport.cmake
[0.332s] -- Up-to-date: /home/hyoin/service/install/turtlebot3_msgs/share/turtlebot3_msgs/cmake/turtlebot3_msgs__rosidl_generator_cExport-noconfig.cmake
[0.332s] -- Up-to-date: /home/hyoin/service/install/turtlebot3_msgs/share/turtlebot3_msgs/cmake/turtlebot3_msgs__rosidl_typesupport_introspection_cExport.cmake
[0.332s] -- Up-to-date: /home/hyoin/service/install/turtlebot3_msgs/share/turtlebot3_msgs/cmake/turtlebot3_msgs__rosidl_typesupport_introspection_cExport-noconfig.cmake
[0.332s] -- Up-to-date: /home/hyoin/service/install/turtlebot3_msgs/share/turtlebot3_msgs/cmake/turtlebot3_msgs__rosidl_typesupport_cExport.cmake
[0.332s] -- Up-to-date: /home/hyoin/service/install/turtlebot3_msgs/share/turtlebot3_msgs/cmake/turtlebot3_msgs__rosidl_typesupport_cExport-noconfig.cmake
[0.332s] -- Up-to-date: /home/hyoin/service/install/turtlebot3_msgs/share/turtlebot3_msgs/cmake/turtlebot3_msgs__rosidl_generator_cppExport.cmake
[0.333s] -- Up-to-date: /home/hyoin/service/install/turtlebot3_msgs/share/turtlebot3_msgs/cmake/turtlebot3_msgs__rosidl_typesupport_introspection_cppExport.cmake
[0.333s] -- Up-to-date: /home/hyoin/service/install/turtlebot3_msgs/share/turtlebot3_msgs/cmake/turtlebot3_msgs__rosidl_typesupport_introspection_cppExport-noconfig.cmake
[0.333s] -- Up-to-date: /home/hyoin/service/install/turtlebot3_msgs/share/turtlebot3_msgs/cmake/turtlebot3_msgs__rosidl_typesupport_cppExport.cmake
[0.333s] -- Up-to-date: /home/hyoin/service/install/turtlebot3_msgs/share/turtlebot3_msgs/cmake/turtlebot3_msgs__rosidl_typesupport_cppExport-noconfig.cmake
[0.379s] Invoked command in '/home/hyoin/service/build/turtlebot3_msgs' returned '0': CMAKE_PREFIX_PATH=/home/hyoin/service/install/turtlebot3:/home/hyoin/service/install/turtlebot3_bringup:/home/hyoin/service/install/turtlebot3_node:/home/hyoin/service/install/turtlebot3_navigation2:/home/hyoin/service/install/turtlebot3_msgs:/home/hyoin/service/install/turtlebot3_description:/home/hyoin/service/install/turtlebot3_cartographer:/home/hyoin/service/install/md:/home/hyoin/service/install/turtlebot3_teleop:/home/hyoin/service/install/turtlebot3_example:/opt/ros/foxy:/home/hyoin/service/install/serial:/home/hyoin/service/install/dynamixel_sdk_examples:/home/hyoin/service/install/dynamixel_sdk_custom_interfaces:/home/hyoin/service/install/dynamixel_sdk /usr/bin/cmake --install /home/hyoin/service/build/turtlebot3_msgs
