[0.033s] Invoking command in '/home/hyoin/service/build/dynamixel_sdk': CMAKE_PREFIX_PATH=${CMAKE_PREFIX_PATH}:/home/hyoin/service/install/turtlebot3_teleop:/home/hyoin/service/install/turtlebot3_example:/opt/ros/foxy /usr/bin/cmake /home/hyoin/service/src/DynamixelSDK/dynamixel_sdk -DAMENT_CMAKE_SYMLINK_INSTALL=1 -DCMAKE_INSTALL_PREFIX=/home/hyoin/service/install/dynamixel_sdk
[0.265s] -- The C compiler identification is GNU 9.4.0
[0.265s] -- The CXX compiler identification is GNU 9.4.0
[0.265s] -- Check for working C compiler: /usr/bin/cc
[0.265s] -- Check for working C compiler: /usr/bin/cc -- works
[0.265s] -- Detecting C compiler ABI info
[0.322s] -- Detecting C compiler ABI info - done
[0.339s] -- Detecting C compile features
[0.340s] -- Detecting C compile features - done
[0.343s] -- Check for working CXX compiler: /usr/bin/c++
[0.424s] -- Check for working CXX compiler: /usr/bin/c++ -- works
[0.427s] -- Detecting CXX compiler ABI info
[0.510s] -- Detecting CXX compiler ABI info - done
[0.526s] -- Detecting CXX compile features
[0.527s] -- Detecting CXX compile features - done
[0.529s] -- Found ament_cmake: 0.9.12 (/opt/ros/foxy/share/ament_cmake/cmake)
[0.554s] -- Found PythonInterp: /usr/bin/python3 (found suitable version "3.8.10", minimum required is "3") 
[0.554s] -- Using PYTHON_EXECUTABLE: /usr/bin/python3
[0.741s] -- Override CMake install command with custom implementation using symlinks instead of copying resources
[0.830s] -- Configuring done
[0.833s] -- Generating done
[0.834s] -- Build files have been written to: /home/hyoin/service/build/dynamixel_sdk
