[0.037s] Invoking command in '/home/hyoin/service/build/turtlebot3_msgs': CMAKE_PREFIX_PATH=/home/hyoin/service/install/turtlebot3:/home/hyoin/service/install/turtlebot3_bringup:/home/hyoin/service/install/turtlebot3_node:/home/hyoin/service/install/turtlebot3_navigation2:/home/hyoin/service/install/turtlebot3_msgs:/home/hyoin/service/install/turtlebot3_description:/home/hyoin/service/install/turtlebot3_cartographer:/home/hyoin/service/install/md:/home/hyoin/service/install/turtlebot3_teleop:/home/hyoin/service/install/turtlebot3_example:/opt/ros/foxy:/home/hyoin/service/install/serial:/home/hyoin/service/install/dynamixel_sdk_examples:/home/hyoin/service/install/dynamixel_sdk_custom_interfaces:/home/hyoin/service/install/dynamixel_sdk /usr/bin/cmake /home/hyoin/service/src/turtlebot3_msgs -DCMAKE_INSTALL_PREFIX=/home/hyoin/service/install/turtlebot3_msgs
[0.306s] -- Found action_msgs: 1.0.0 (/opt/ros/foxy/share/action_msgs/cmake)
[0.306s] -- Found PythonInterp: /usr/bin/python3 (found suitable version "3.8.10", minimum required is "3") 
[0.306s] -- Using PYTHON_EXECUTABLE: /usr/bin/python3
[0.307s] -- Override CMake install command with custom implementation using symlinks instead of copying resources
[0.307s] -- Using all available rosidl_typesupport_c: rosidl_typesupport_fastrtps_c;rosidl_typesupport_introspection_c
[0.307s] -- Found rosidl_adapter: 1.3.1 (/opt/ros/foxy/share/rosidl_adapter/cmake)
[0.438s] -- Using all available rosidl_typesupport_cpp: rosidl_typesupport_fastrtps_cpp;rosidl_typesupport_introspection_cpp
[0.497s] -- Found rosidl_default_generators: 1.0.1 (/opt/ros/foxy/share/rosidl_default_generators/cmake)
[0.504s] -- Found std_msgs: 2.0.5 (/opt/ros/foxy/share/std_msgs/cmake)
[0.531s] -- Found PythonInterp: /usr/bin/python3 (found version "3.8.10") 
[0.702s] -- Found ament_cmake_cppcheck: 0.9.8 (/opt/ros/foxy/share/ament_cmake_cppcheck/cmake)
[0.703s] -- Found ament_cmake_cpplint: 0.9.8 (/opt/ros/foxy/share/ament_cmake_cpplint/cmake)
[0.704s] -- Found ament_cmake_uncrustify: 0.9.8 (/opt/ros/foxy/share/ament_cmake_uncrustify/cmake)
[0.706s] -- Found ament_cmake_ros: 0.9.2 (/opt/ros/foxy/share/ament_cmake_ros/cmake)
[0.885s] -- Using all available rosidl_typesupport_c: rosidl_typesupport_fastrtps_c;rosidl_typesupport_introspection_c
[0.966s] -- Using all available rosidl_typesupport_cpp: rosidl_typesupport_fastrtps_cpp;rosidl_typesupport_introspection_cpp
[0.994s] -- Found PythonInterp: /usr/bin/python3 (found suitable version "3.8.10", minimum required is "3.5") 
[0.994s] -- Found python_cmake_module: 0.8.1 (/opt/ros/foxy/share/python_cmake_module/cmake)
[1.014s] -- Using PYTHON_EXECUTABLE: /usr/bin/python3
[1.015s] -- Using PYTHON_INCLUDE_DIRS: /usr/include/python3.8
[1.015s] -- Using PYTHON_LIBRARIES: /usr/lib/x86_64-linux-gnu/libpython3.8.so
[1.083s] -- Found ament_cmake_flake8: 0.9.8 (/opt/ros/foxy/share/ament_cmake_flake8/cmake)
[1.084s] -- Found ament_cmake_pep257: 0.9.8 (/opt/ros/foxy/share/ament_cmake_pep257/cmake)
[1.099s] -- Configuring done
[1.176s] -- Generating done
[1.203s] -- Build files have been written to: /home/hyoin/service/build/turtlebot3_msgs
[1.209s] Invoked command in '/home/hyoin/service/build/turtlebot3_msgs' returned '0': CMAKE_PREFIX_PATH=/home/hyoin/service/install/turtlebot3:/home/hyoin/service/install/turtlebot3_bringup:/home/hyoin/service/install/turtlebot3_node:/home/hyoin/service/install/turtlebot3_navigation2:/home/hyoin/service/install/turtlebot3_msgs:/home/hyoin/service/install/turtlebot3_description:/home/hyoin/service/install/turtlebot3_cartographer:/home/hyoin/service/install/md:/home/hyoin/service/install/turtlebot3_teleop:/home/hyoin/service/install/turtlebot3_example:/opt/ros/foxy:/home/hyoin/service/install/serial:/home/hyoin/service/install/dynamixel_sdk_examples:/home/hyoin/service/install/dynamixel_sdk_custom_interfaces:/home/hyoin/service/install/dynamixel_sdk /usr/bin/cmake /home/hyoin/service/src/turtlebot3_msgs -DCMAKE_INSTALL_PREFIX=/home/hyoin/service/install/turtlebot3_msgs
[1.210s] Invoking command in '/home/hyoin/service/build/turtlebot3_msgs': CMAKE_PREFIX_PATH=/home/hyoin/service/install/turtlebot3:/home/hyoin/service/install/turtlebot3_bringup:/home/hyoin/service/install/turtlebot3_node:/home/hyoin/service/install/turtlebot3_navigation2:/home/hyoin/service/install/turtlebot3_msgs:/home/hyoin/service/install/turtlebot3_description:/home/hyoin/service/install/turtlebot3_cartographer:/home/hyoin/service/install/md:/home/hyoin/service/install/turtlebot3_teleop:/home/hyoin/service/install/turtlebot3_example:/opt/ros/foxy:/home/hyoin/service/install/serial:/home/hyoin/service/install/dynamixel_sdk_examples:/home/hyoin/service/install/dynamixel_sdk_custom_interfaces:/home/hyoin/service/install/dynamixel_sdk /usr/bin/cmake --build /home/hyoin/service/build/turtlebot3_msgs -- -j8 -l8
[1.254s] [  1%] Built target turtlebot3_msgs__cpp
[1.256s] [ 12%] Built target turtlebot3_msgs__rosidl_generator_c
[1.275s] [ 23%] Built target turtlebot3_msgs__rosidl_typesupport_cpp
[1.282s] [ 35%] Built target turtlebot3_msgs__rosidl_typesupport_fastrtps_cpp
[1.284s] [ 46%] Built target turtlebot3_msgs__rosidl_typesupport_c
[1.285s] [ 57%] Built target turtlebot3_msgs__rosidl_typesupport_introspection_c
[1.286s] [ 69%] Built target turtlebot3_msgs__rosidl_typesupport_introspection_cpp
[1.304s] [ 80%] Built target turtlebot3_msgs__rosidl_typesupport_fastrtps_c
[1.319s] [ 80%] Built target turtlebot3_msgs
[1.335s] [ 81%] Built target turtlebot3_msgs__py
[1.356s] [ 91%] Built target turtlebot3_msgs__python
[1.375s] [ 97%] Built target turtlebot3_msgs__rosidl_typesupport_c__pyext
[1.375s] [ 97%] Built target turtlebot3_msgs__rosidl_typesupport_introspection_c__pyext
[1.376s] [100%] Built target turtlebot3_msgs__rosidl_typesupport_fastrtps_c__pyext
[1.384s] Invoked command in '/home/hyoin/service/build/turtlebot3_msgs' returned '0': CMAKE_PREFIX_PATH=/home/hyoin/service/install/turtlebot3:/home/hyoin/service/install/turtlebot3_bringup:/home/hyoin/service/install/turtlebot3_node:/home/hyoin/service/install/turtlebot3_navigation2:/home/hyoin/service/install/turtlebot3_msgs:/home/hyoin/service/install/turtlebot3_description:/home/hyoin/service/install/turtlebot3_cartographer:/home/hyoin/service/install/md:/home/hyoin/service/install/turtlebot3_teleop:/home/hyoin/service/install/turtlebot3_example:/opt/ros/foxy:/home/hyoin/service/install/serial:/home/hyoin/service/install/dynamixel_sdk_examples:/home/hyoin/service/install/dynamixel_sdk_custom_interfaces:/home/hyoin/service/install/dynamixel_sdk /usr/bin/cmake --build /home/hyoin/service/build/turtlebot3_msgs -- -j8 -l8
[1.386s] Invoking command in '/home/hyoin/service/build/turtlebot3_msgs': CMAKE_PREFIX_PATH=/home/hyoin/service/install/turtlebot3:/home/hyoin/service/install/turtlebot3_bringup:/home/hyoin/service/install/turtlebot3_node:/home/hyoin/service/install/turtlebot3_navigation2:/home/hyoin/service/install/turtlebot3_msgs:/home/hyoin/service/install/turtlebot3_description:/home/hyoin/service/install/turtlebot3_cartographer:/home/hyoin/service/install/md:/home/hyoin/service/install/turtlebot3_teleop:/home/hyoin/service/install/turtlebot3_example:/opt/ros/foxy:/home/hyoin/service/install/serial:/home/hyoin/service/install/dynamixel_sdk_examples:/home/hyoin/service/install/dynamixel_sdk_custom_interfaces:/home/hyoin/service/install/dynamixel_sdk /usr/bin/cmake --install /home/hyoin/service/build/turtlebot3_msgs
[1.392s] -- Install configuration: ""
[1.392s] -- Execute custom install script
[1.393s] -- Up-to-date symlink: /home/hyoin/service/install/turtlebot3_msgs/share/ament_index/resource_index/rosidl_interfaces/turtlebot3_msgs
[1.393s] -- Up-to-date symlink: /home/hyoin/service/install/turtlebot3_msgs/include/turtlebot3_msgs/action/detail/patrol__functions.h
[1.393s] -- Up-to-date symlink: /home/hyoin/service/install/turtlebot3_msgs/include/turtlebot3_msgs/action/detail/patrol__struct.h
[1.393s] -- Up-to-date symlink: /home/hyoin/service/install/turtlebot3_msgs/include/turtlebot3_msgs/action/detail/patrol__type_support.h
[1.393s] -- Up-to-date symlink: /home/hyoin/service/install/turtlebot3_msgs/include/turtlebot3_msgs/action/patrol.h
[1.394s] -- Up-to-date symlink: /home/hyoin/service/install/turtlebot3_msgs/include/turtlebot3_msgs/msg/detail/sensor_state__functions.h
[1.394s] -- Up-to-date symlink: /home/hyoin/service/install/turtlebot3_msgs/include/turtlebot3_msgs/msg/detail/sensor_state__struct.h
[1.394s] -- Up-to-date symlink: /home/hyoin/service/install/turtlebot3_msgs/include/turtlebot3_msgs/msg/detail/sensor_state__type_support.h
[1.394s] -- Up-to-date symlink: /home/hyoin/service/install/turtlebot3_msgs/include/turtlebot3_msgs/msg/detail/sound__functions.h
[1.394s] -- Up-to-date symlink: /home/hyoin/service/install/turtlebot3_msgs/include/turtlebot3_msgs/msg/detail/sound__struct.h
[1.394s] -- Up-to-date symlink: /home/hyoin/service/install/turtlebot3_msgs/include/turtlebot3_msgs/msg/detail/sound__type_support.h
[1.394s] -- Up-to-date symlink: /home/hyoin/service/install/turtlebot3_msgs/include/turtlebot3_msgs/msg/detail/version_info__functions.h
[1.395s] -- Up-to-date symlink: /home/hyoin/service/install/turtlebot3_msgs/include/turtlebot3_msgs/msg/detail/version_info__struct.h
[1.395s] -- Up-to-date symlink: /home/hyoin/service/install/turtlebot3_msgs/include/turtlebot3_msgs/msg/detail/version_info__type_support.h
[1.395s] -- Up-to-date symlink: /home/hyoin/service/install/turtlebot3_msgs/include/turtlebot3_msgs/msg/rosidl_generator_c__visibility_control.h
[1.395s] -- Up-to-date symlink: /home/hyoin/service/install/turtlebot3_msgs/include/turtlebot3_msgs/msg/sensor_state.h
[1.395s] -- Up-to-date symlink: /home/hyoin/service/install/turtlebot3_msgs/include/turtlebot3_msgs/msg/sound.h
[1.395s] -- Up-to-date symlink: /home/hyoin/service/install/turtlebot3_msgs/include/turtlebot3_msgs/msg/version_info.h
[1.395s] -- Up-to-date symlink: /home/hyoin/service/install/turtlebot3_msgs/include/turtlebot3_msgs/srv/detail/dqn__functions.h
[1.395s] -- Up-to-date symlink: /home/hyoin/service/install/turtlebot3_msgs/include/turtlebot3_msgs/srv/detail/dqn__struct.h
[1.395s] -- Up-to-date symlink: /home/hyoin/service/install/turtlebot3_msgs/include/turtlebot3_msgs/srv/detail/dqn__type_support.h
[1.395s] -- Up-to-date symlink: /home/hyoin/service/install/turtlebot3_msgs/include/turtlebot3_msgs/srv/detail/sound__functions.h
[1.395s] -- Up-to-date symlink: /home/hyoin/service/install/turtlebot3_msgs/include/turtlebot3_msgs/srv/detail/sound__struct.h
[1.396s] -- Up-to-date symlink: /home/hyoin/service/install/turtlebot3_msgs/include/turtlebot3_msgs/srv/detail/sound__type_support.h
[1.396s] -- Up-to-date symlink: /home/hyoin/service/install/turtlebot3_msgs/include/turtlebot3_msgs/srv/dqn.h
[1.396s] -- Up-to-date symlink: /home/hyoin/service/install/turtlebot3_msgs/include/turtlebot3_msgs/srv/sound.h
[1.396s] -- Up-to-date symlink: /home/hyoin/service/install/turtlebot3_msgs/share/turtlebot3_msgs/environment/library_path.sh
[1.396s] -- Up-to-date symlink: /home/hyoin/service/install/turtlebot3_msgs/share/turtlebot3_msgs/environment/library_path.dsv
[1.397s] -- Up-to-date symlink: /home/hyoin/service/install/turtlebot3_msgs/include/turtlebot3_msgs/action/detail/patrol__rosidl_typesupport_fastrtps_c.h
[1.397s] -- Up-to-date symlink: /home/hyoin/service/install/turtlebot3_msgs/include/turtlebot3_msgs/msg/detail/sensor_state__rosidl_typesupport_fastrtps_c.h
[1.397s] -- Up-to-date symlink: /home/hyoin/service/install/turtlebot3_msgs/include/turtlebot3_msgs/msg/detail/sound__rosidl_typesupport_fastrtps_c.h
[1.397s] -- Up-to-date symlink: /home/hyoin/service/install/turtlebot3_msgs/include/turtlebot3_msgs/msg/detail/version_info__rosidl_typesupport_fastrtps_c.h
[1.397s] -- Up-to-date symlink: /home/hyoin/service/install/turtlebot3_msgs/include/turtlebot3_msgs/msg/rosidl_typesupport_fastrtps_c__visibility_control.h
[1.397s] -- Up-to-date symlink: /home/hyoin/service/install/turtlebot3_msgs/include/turtlebot3_msgs/srv/detail/dqn__rosidl_typesupport_fastrtps_c.h
[1.397s] -- Up-to-date symlink: /home/hyoin/service/install/turtlebot3_msgs/include/turtlebot3_msgs/srv/detail/sound__rosidl_typesupport_fastrtps_c.h
[1.397s] -- Up-to-date symlink: /home/hyoin/service/install/turtlebot3_msgs/lib/libturtlebot3_msgs__rosidl_typesupport_fastrtps_c.so
[1.398s] -- Up-to-date symlink: /home/hyoin/service/install/turtlebot3_msgs/include/turtlebot3_msgs/action/detail/patrol__rosidl_typesupport_fastrtps_cpp.hpp
[1.398s] -- Up-to-date symlink: /home/hyoin/service/install/turtlebot3_msgs/include/turtlebot3_msgs/msg/detail/sensor_state__rosidl_typesupport_fastrtps_cpp.hpp
[1.398s] -- Up-to-date symlink: /home/hyoin/service/install/turtlebot3_msgs/include/turtlebot3_msgs/msg/detail/sound__rosidl_typesupport_fastrtps_cpp.hpp
[1.398s] -- Up-to-date symlink: /home/hyoin/service/install/turtlebot3_msgs/include/turtlebot3_msgs/msg/detail/version_info__rosidl_typesupport_fastrtps_cpp.hpp
[1.399s] -- Up-to-date symlink: /home/hyoin/service/install/turtlebot3_msgs/include/turtlebot3_msgs/msg/rosidl_typesupport_fastrtps_cpp__visibility_control.h
[1.399s] -- Up-to-date symlink: /home/hyoin/service/install/turtlebot3_msgs/include/turtlebot3_msgs/srv/detail/dqn__rosidl_typesupport_fastrtps_cpp.hpp
[1.399s] -- Up-to-date symlink: /home/hyoin/service/install/turtlebot3_msgs/include/turtlebot3_msgs/srv/detail/sound__rosidl_typesupport_fastrtps_cpp.hpp
[1.399s] -- Up-to-date symlink: /home/hyoin/service/install/turtlebot3_msgs/lib/libturtlebot3_msgs__rosidl_typesupport_fastrtps_cpp.so
[1.399s] -- Up-to-date symlink: /home/hyoin/service/install/turtlebot3_msgs/include/turtlebot3_msgs/action/detail/patrol__rosidl_typesupport_introspection_c.h
[1.399s] -- Up-to-date symlink: /home/hyoin/service/install/turtlebot3_msgs/include/turtlebot3_msgs/msg/detail/sensor_state__rosidl_typesupport_introspection_c.h
[1.400s] -- Up-to-date symlink: /home/hyoin/service/install/turtlebot3_msgs/include/turtlebot3_msgs/msg/detail/sound__rosidl_typesupport_introspection_c.h
[1.400s] -- Up-to-date symlink: /home/hyoin/service/install/turtlebot3_msgs/include/turtlebot3_msgs/msg/detail/version_info__rosidl_typesupport_introspection_c.h
[1.400s] -- Up-to-date symlink: /home/hyoin/service/install/turtlebot3_msgs/include/turtlebot3_msgs/msg/rosidl_typesupport_introspection_c__visibility_control.h
[1.400s] -- Up-to-date symlink: /home/hyoin/service/install/turtlebot3_msgs/include/turtlebot3_msgs/srv/detail/dqn__rosidl_typesupport_introspection_c.h
[1.400s] -- Up-to-date symlink: /home/hyoin/service/install/turtlebot3_msgs/include/turtlebot3_msgs/srv/detail/sound__rosidl_typesupport_introspection_c.h
[1.400s] -- Up-to-date symlink: /home/hyoin/service/install/turtlebot3_msgs/include/turtlebot3_msgs/action/detail/patrol__builder.hpp
[1.401s] -- Up-to-date symlink: /home/hyoin/service/install/turtlebot3_msgs/include/turtlebot3_msgs/action/detail/patrol__struct.hpp
[1.401s] -- Up-to-date symlink: /home/hyoin/service/install/turtlebot3_msgs/include/turtlebot3_msgs/action/detail/patrol__traits.hpp
[1.401s] -- Up-to-date symlink: /home/hyoin/service/install/turtlebot3_msgs/include/turtlebot3_msgs/action/detail/patrol__type_support.hpp
[1.401s] -- Up-to-date symlink: /home/hyoin/service/install/turtlebot3_msgs/include/turtlebot3_msgs/action/patrol.hpp
[1.401s] -- Up-to-date symlink: /home/hyoin/service/install/turtlebot3_msgs/include/turtlebot3_msgs/msg/detail/sensor_state__builder.hpp
[1.401s] -- Up-to-date symlink: /home/hyoin/service/install/turtlebot3_msgs/include/turtlebot3_msgs/msg/detail/sensor_state__struct.hpp
[1.401s] -- Up-to-date symlink: /home/hyoin/service/install/turtlebot3_msgs/include/turtlebot3_msgs/msg/detail/sensor_state__traits.hpp
[1.401s] -- Up-to-date symlink: /home/hyoin/service/install/turtlebot3_msgs/include/turtlebot3_msgs/msg/detail/sensor_state__type_support.hpp
[1.401s] -- Up-to-date symlink: /home/hyoin/service/install/turtlebot3_msgs/include/turtlebot3_msgs/msg/detail/sound__builder.hpp
[1.401s] -- Up-to-date symlink: /home/hyoin/service/install/turtlebot3_msgs/include/turtlebot3_msgs/msg/detail/sound__struct.hpp
[1.401s] -- Up-to-date symlink: /home/hyoin/service/install/turtlebot3_msgs/include/turtlebot3_msgs/msg/detail/sound__traits.hpp
[1.402s] -- Up-to-date symlink: /home/hyoin/service/install/turtlebot3_msgs/include/turtlebot3_msgs/msg/detail/sound__type_support.hpp
[1.402s] -- Up-to-date symlink: /home/hyoin/service/install/turtlebot3_msgs/include/turtlebot3_msgs/msg/detail/version_info__builder.hpp
[1.402s] -- Up-to-date symlink: /home/hyoin/service/install/turtlebot3_msgs/include/turtlebot3_msgs/msg/detail/version_info__struct.hpp
[1.402s] -- Up-to-date symlink: /home/hyoin/service/install/turtlebot3_msgs/include/turtlebot3_msgs/msg/detail/version_info__traits.hpp
[1.402s] -- Up-to-date symlink: /home/hyoin/service/install/turtlebot3_msgs/include/turtlebot3_msgs/msg/detail/version_info__type_support.hpp
[1.402s] -- Up-to-date symlink: /home/hyoin/service/install/turtlebot3_msgs/include/turtlebot3_msgs/msg/rosidl_generator_cpp__visibility_control.hpp
[1.402s] -- Up-to-date symlink: /home/hyoin/service/install/turtlebot3_msgs/include/turtlebot3_msgs/msg/sensor_state.hpp
[1.402s] -- Up-to-date symlink: /home/hyoin/service/install/turtlebot3_msgs/include/turtlebot3_msgs/msg/sound.hpp
[1.402s] -- Up-to-date symlink: /home/hyoin/service/install/turtlebot3_msgs/include/turtlebot3_msgs/msg/version_info.hpp
[1.402s] -- Up-to-date symlink: /home/hyoin/service/install/turtlebot3_msgs/include/turtlebot3_msgs/srv/detail/dqn__builder.hpp
[1.403s] -- Up-to-date symlink: /home/hyoin/service/install/turtlebot3_msgs/include/turtlebot3_msgs/srv/detail/dqn__struct.hpp
[1.403s] -- Up-to-date symlink: /home/hyoin/service/install/turtlebot3_msgs/include/turtlebot3_msgs/srv/detail/dqn__traits.hpp
[1.403s] -- Up-to-date symlink: /home/hyoin/service/install/turtlebot3_msgs/include/turtlebot3_msgs/srv/detail/dqn__type_support.hpp
[1.403s] -- Up-to-date symlink: /home/hyoin/service/install/turtlebot3_msgs/include/turtlebot3_msgs/srv/detail/sound__builder.hpp
[1.403s] -- Up-to-date symlink: /home/hyoin/service/install/turtlebot3_msgs/include/turtlebot3_msgs/srv/detail/sound__struct.hpp
[1.403s] -- Up-to-date symlink: /home/hyoin/service/install/turtlebot3_msgs/include/turtlebot3_msgs/srv/detail/sound__traits.hpp
[1.403s] -- Up-to-date symlink: /home/hyoin/service/install/turtlebot3_msgs/include/turtlebot3_msgs/srv/detail/sound__type_support.hpp
[1.403s] -- Up-to-date symlink: /home/hyoin/service/install/turtlebot3_msgs/include/turtlebot3_msgs/srv/dqn.hpp
[1.403s] -- Up-to-date symlink: /home/hyoin/service/install/turtlebot3_msgs/include/turtlebot3_msgs/srv/sound.hpp
[1.404s] -- Up-to-date symlink: /home/hyoin/service/install/turtlebot3_msgs/include/turtlebot3_msgs/action/detail/patrol__rosidl_typesupport_introspection_cpp.hpp
[1.404s] -- Up-to-date symlink: /home/hyoin/service/install/turtlebot3_msgs/include/turtlebot3_msgs/msg/detail/sensor_state__rosidl_typesupport_introspection_cpp.hpp
[1.404s] -- Up-to-date symlink: /home/hyoin/service/install/turtlebot3_msgs/include/turtlebot3_msgs/msg/detail/sound__rosidl_typesupport_introspection_cpp.hpp
[1.404s] -- Up-to-date symlink: /home/hyoin/service/install/turtlebot3_msgs/include/turtlebot3_msgs/msg/detail/version_info__rosidl_typesupport_introspection_cpp.hpp
[1.404s] -- Up-to-date symlink: /home/hyoin/service/install/turtlebot3_msgs/include/turtlebot3_msgs/srv/detail/dqn__rosidl_typesupport_introspection_cpp.hpp
[1.404s] -- Up-to-date symlink: /home/hyoin/service/install/turtlebot3_msgs/include/turtlebot3_msgs/srv/detail/sound__rosidl_typesupport_introspection_cpp.hpp
[1.404s] -- Up-to-date symlink: /home/hyoin/service/install/turtlebot3_msgs/share/turtlebot3_msgs/environment/pythonpath.sh
[1.405s] -- Up-to-date symlink: /home/hyoin/service/install/turtlebot3_msgs/share/turtlebot3_msgs/environment/pythonpath.dsv
[1.405s] -- Up-to-date symlink: /home/hyoin/service/install/turtlebot3_msgs/lib/python3.8/site-packages/turtlebot3_msgs/__init__.py
[1.405s] -- Up-to-date symlink: /home/hyoin/service/install/turtlebot3_msgs/lib/python3.8/site-packages/turtlebot3_msgs/msg/__init__.py
[1.405s] -- Up-to-date symlink: /home/hyoin/service/install/turtlebot3_msgs/lib/python3.8/site-packages/turtlebot3_msgs/msg/_sensor_state.py
[1.405s] -- Up-to-date symlink: /home/hyoin/service/install/turtlebot3_msgs/lib/python3.8/site-packages/turtlebot3_msgs/msg/_sound.py
[1.405s] -- Up-to-date symlink: /home/hyoin/service/install/turtlebot3_msgs/lib/python3.8/site-packages/turtlebot3_msgs/msg/_version_info.py
[1.406s] -- Up-to-date symlink: /home/hyoin/service/install/turtlebot3_msgs/lib/python3.8/site-packages/turtlebot3_msgs/srv/__init__.py
[1.406s] -- Up-to-date symlink: /home/hyoin/service/install/turtlebot3_msgs/lib/python3.8/site-packages/turtlebot3_msgs/srv/_dqn.py
[1.406s] -- Up-to-date symlink: /home/hyoin/service/install/turtlebot3_msgs/lib/python3.8/site-packages/turtlebot3_msgs/srv/_sound.py
[1.406s] -- Up-to-date symlink: /home/hyoin/service/install/turtlebot3_msgs/lib/python3.8/site-packages/turtlebot3_msgs/action/__init__.py
[1.406s] -- Up-to-date symlink: /home/hyoin/service/install/turtlebot3_msgs/lib/python3.8/site-packages/turtlebot3_msgs/action/_patrol.py
[1.406s] -- Up-to-date symlink: /home/hyoin/service/install/turtlebot3_msgs/lib/python3.8/site-packages/turtlebot3_msgs/turtlebot3_msgs_s__rosidl_typesupport_fastrtps_c.cpython-38-x86_64-linux-gnu.so
[1.407s] -- Up-to-date symlink: /home/hyoin/service/install/turtlebot3_msgs/lib/python3.8/site-packages/turtlebot3_msgs/turtlebot3_msgs_s__rosidl_typesupport_introspection_c.cpython-38-x86_64-linux-gnu.so
[1.407s] -- Up-to-date symlink: /home/hyoin/service/install/turtlebot3_msgs/lib/python3.8/site-packages/turtlebot3_msgs/turtlebot3_msgs_s__rosidl_typesupport_c.cpython-38-x86_64-linux-gnu.so
[1.407s] -- Up-to-date symlink: /home/hyoin/service/install/turtlebot3_msgs/lib/libturtlebot3_msgs__python.so
[1.408s] -- Up-to-date symlink: /home/hyoin/service/install/turtlebot3_msgs/share/turtlebot3_msgs/msg/SensorState.idl
[1.408s] -- Up-to-date symlink: /home/hyoin/service/install/turtlebot3_msgs/share/turtlebot3_msgs/msg/Sound.idl
[1.408s] -- Up-to-date symlink: /home/hyoin/service/install/turtlebot3_msgs/share/turtlebot3_msgs/msg/VersionInfo.idl
[1.408s] -- Up-to-date symlink: /home/hyoin/service/install/turtlebot3_msgs/share/turtlebot3_msgs/srv/Sound.idl
[1.408s] -- Up-to-date symlink: /home/hyoin/service/install/turtlebot3_msgs/share/turtlebot3_msgs/srv/Dqn.idl
[1.408s] -- Up-to-date symlink: /home/hyoin/service/install/turtlebot3_msgs/share/turtlebot3_msgs/action/Patrol.idl
[1.409s] -- Up-to-date symlink: /home/hyoin/service/install/turtlebot3_msgs/share/turtlebot3_msgs/msg/SensorState.msg
[1.409s] -- Up-to-date symlink: /home/hyoin/service/install/turtlebot3_msgs/share/turtlebot3_msgs/msg/Sound.msg
[1.409s] -- Up-to-date symlink: /home/hyoin/service/install/turtlebot3_msgs/share/turtlebot3_msgs/msg/VersionInfo.msg
[1.409s] -- Up-to-date symlink: /home/hyoin/service/install/turtlebot3_msgs/share/turtlebot3_msgs/srv/Sound.srv
[1.409s] -- Up-to-date symlink: /home/hyoin/service/install/turtlebot3_msgs/share/turtlebot3_msgs/srv/Sound_Request.msg
[1.409s] -- Up-to-date symlink: /home/hyoin/service/install/turtlebot3_msgs/share/turtlebot3_msgs/srv/Sound_Response.msg
[1.409s] -- Up-to-date symlink: /home/hyoin/service/install/turtlebot3_msgs/share/turtlebot3_msgs/srv/Dqn.srv
[1.410s] -- Up-to-date symlink: /home/hyoin/service/install/turtlebot3_msgs/share/turtlebot3_msgs/srv/Dqn_Request.msg
[1.410s] -- Up-to-date symlink: /home/hyoin/service/install/turtlebot3_msgs/share/turtlebot3_msgs/srv/Dqn_Response.msg
[1.410s] -- Up-to-date symlink: /home/hyoin/service/install/turtlebot3_msgs/share/turtlebot3_msgs/action/Patrol.action
[1.410s] -- Up-to-date symlink: /home/hyoin/service/install/turtlebot3_msgs/share/ament_index/resource_index/package_run_dependencies/turtlebot3_msgs
[1.410s] -- Up-to-date symlink: /home/hyoin/service/install/turtlebot3_msgs/share/ament_index/resource_index/parent_prefix_path/turtlebot3_msgs
[1.410s] -- Up-to-date symlink: /home/hyoin/service/install/turtlebot3_msgs/share/turtlebot3_msgs/environment/ament_prefix_path.sh
[1.410s] -- Up-to-date symlink: /home/hyoin/service/install/turtlebot3_msgs/share/turtlebot3_msgs/environment/ament_prefix_path.dsv
[1.411s] -- Up-to-date symlink: /home/hyoin/service/install/turtlebot3_msgs/share/turtlebot3_msgs/environment/path.sh
[1.411s] -- Up-to-date symlink: /home/hyoin/service/install/turtlebot3_msgs/share/turtlebot3_msgs/environment/path.dsv
[1.411s] -- Up-to-date symlink: /home/hyoin/service/install/turtlebot3_msgs/share/turtlebot3_msgs/local_setup.bash
[1.411s] -- Up-to-date symlink: /home/hyoin/service/install/turtlebot3_msgs/share/turtlebot3_msgs/local_setup.sh
[1.411s] -- Up-to-date symlink: /home/hyoin/service/install/turtlebot3_msgs/share/turtlebot3_msgs/local_setup.zsh
[1.411s] -- Up-to-date symlink: /home/hyoin/service/install/turtlebot3_msgs/share/turtlebot3_msgs/local_setup.dsv
[1.412s] -- Symlinking: /home/hyoin/service/install/turtlebot3_msgs/share/turtlebot3_msgs/package.dsv
[1.418s] -- Up-to-date symlink: /home/hyoin/service/install/turtlebot3_msgs/share/ament_index/resource_index/packages/turtlebot3_msgs
[1.418s] -- Up-to-date symlink: /home/hyoin/service/install/turtlebot3_msgs/share/turtlebot3_msgs/cmake/rosidl_cmake-extras.cmake
[1.419s] -- Up-to-date symlink: /home/hyoin/service/install/turtlebot3_msgs/share/turtlebot3_msgs/cmake/ament_cmake_export_dependencies-extras.cmake
[1.419s] -- Up-to-date symlink: /home/hyoin/service/install/turtlebot3_msgs/share/turtlebot3_msgs/cmake/ament_cmake_export_libraries-extras.cmake
[1.419s] -- Up-to-date symlink: /home/hyoin/service/install/turtlebot3_msgs/share/turtlebot3_msgs/cmake/ament_cmake_export_targets-extras.cmake
[1.419s] -- Up-to-date symlink: /home/hyoin/service/install/turtlebot3_msgs/share/turtlebot3_msgs/cmake/ament_cmake_export_include_directories-extras.cmake
[1.419s] -- Up-to-date symlink: /home/hyoin/service/install/turtlebot3_msgs/share/turtlebot3_msgs/cmake/rosidl_cmake_export_typesupport_libraries-extras.cmake
[1.419s] -- Up-to-date symlink: /home/hyoin/service/install/turtlebot3_msgs/share/turtlebot3_msgs/cmake/rosidl_cmake_export_typesupport_targets-extras.cmake
[1.419s] -- Up-to-date symlink: /home/hyoin/service/install/turtlebot3_msgs/share/turtlebot3_msgs/cmake/turtlebot3_msgsConfig.cmake
[1.419s] -- Up-to-date symlink: /home/hyoin/service/install/turtlebot3_msgs/share/turtlebot3_msgs/cmake/turtlebot3_msgsConfig-version.cmake
[1.420s] -- Up-to-date symlink: /home/hyoin/service/install/turtlebot3_msgs/share/turtlebot3_msgs/package.xml
[1.420s] -- Up-to-date: /home/hyoin/service/install/turtlebot3_msgs/lib/libturtlebot3_msgs__rosidl_generator_c.so
[1.420s] -- Up-to-date: /home/hyoin/service/install/turtlebot3_msgs/lib/libturtlebot3_msgs__rosidl_typesupport_introspection_c.so
[1.420s] -- Up-to-date: /home/hyoin/service/install/turtlebot3_msgs/lib/libturtlebot3_msgs__rosidl_typesupport_c.so
[1.420s] -- Up-to-date: /home/hyoin/service/install/turtlebot3_msgs/lib/libturtlebot3_msgs__rosidl_typesupport_introspection_cpp.so
[1.421s] -- Up-to-date: /home/hyoin/service/install/turtlebot3_msgs/lib/libturtlebot3_msgs__rosidl_typesupport_cpp.so
[1.441s] Compiling '/home/hyoin/service/install/turtlebot3_msgs/lib/python3.8/site-packages/turtlebot3_msgs/__init__.py'...
[1.443s] -- Up-to-date: /home/hyoin/service/install/turtlebot3_msgs/share/turtlebot3_msgs/cmake/turtlebot3_msgs__rosidl_generator_cExport.cmake
[1.443s] -- Installing: /home/hyoin/service/install/turtlebot3_msgs/share/turtlebot3_msgs/cmake/turtlebot3_msgs__rosidl_generator_cExport-noconfig.cmake
[1.443s] -- Up-to-date: /home/hyoin/service/install/turtlebot3_msgs/share/turtlebot3_msgs/cmake/turtlebot3_msgs__rosidl_typesupport_introspection_cExport.cmake
[1.443s] -- Installing: /home/hyoin/service/install/turtlebot3_msgs/share/turtlebot3_msgs/cmake/turtlebot3_msgs__rosidl_typesupport_introspection_cExport-noconfig.cmake
[1.443s] -- Up-to-date: /home/hyoin/service/install/turtlebot3_msgs/share/turtlebot3_msgs/cmake/turtlebot3_msgs__rosidl_typesupport_cExport.cmake
[1.444s] -- Installing: /home/hyoin/service/install/turtlebot3_msgs/share/turtlebot3_msgs/cmake/turtlebot3_msgs__rosidl_typesupport_cExport-noconfig.cmake
[1.444s] -- Up-to-date: /home/hyoin/service/install/turtlebot3_msgs/share/turtlebot3_msgs/cmake/turtlebot3_msgs__rosidl_generator_cppExport.cmake
[1.444s] -- Up-to-date: /home/hyoin/service/install/turtlebot3_msgs/share/turtlebot3_msgs/cmake/turtlebot3_msgs__rosidl_typesupport_introspection_cppExport.cmake
[1.444s] -- Installing: /home/hyoin/service/install/turtlebot3_msgs/share/turtlebot3_msgs/cmake/turtlebot3_msgs__rosidl_typesupport_introspection_cppExport-noconfig.cmake
[1.444s] -- Up-to-date: /home/hyoin/service/install/turtlebot3_msgs/share/turtlebot3_msgs/cmake/turtlebot3_msgs__rosidl_typesupport_cppExport.cmake
[1.444s] -- Installing: /home/hyoin/service/install/turtlebot3_msgs/share/turtlebot3_msgs/cmake/turtlebot3_msgs__rosidl_typesupport_cppExport-noconfig.cmake
[1.446s] Invoked command in '/home/hyoin/service/build/turtlebot3_msgs' returned '0': CMAKE_PREFIX_PATH=/home/hyoin/service/install/turtlebot3:/home/hyoin/service/install/turtlebot3_bringup:/home/hyoin/service/install/turtlebot3_node:/home/hyoin/service/install/turtlebot3_navigation2:/home/hyoin/service/install/turtlebot3_msgs:/home/hyoin/service/install/turtlebot3_description:/home/hyoin/service/install/turtlebot3_cartographer:/home/hyoin/service/install/md:/home/hyoin/service/install/turtlebot3_teleop:/home/hyoin/service/install/turtlebot3_example:/opt/ros/foxy:/home/hyoin/service/install/serial:/home/hyoin/service/install/dynamixel_sdk_examples:/home/hyoin/service/install/dynamixel_sdk_custom_interfaces:/home/hyoin/service/install/dynamixel_sdk /usr/bin/cmake --install /home/hyoin/service/build/turtlebot3_msgs
