[  7%] Built target md__cpp
[ 11%] Built target md__rosidl_generator_c
[ 27%] Built target md__rosidl_typesupport_introspection_cpp
[ 31%] Built target md__rosidl_typesupport_c
[ 41%] Built target md__rosidl_typesupport_introspection_c
[ 50%] Built target md__rosidl_typesupport_cpp
[ 60%] Built target md__rosidl_typesupport_fastrtps_cpp
make[2]: *** 'md_robot_node'ì—ì„œ í•„ìš”í•œ '/home/hyoin/service/src/md/src/serial/lib/libserial.a' íƒ€ê²Ÿì„ ë§Œë“¤ ê·œì¹™ì´ ì—†ìŠµë‹ˆë‹¤.  ë©ˆì¶¤.
make[2]: *** ëë‚˜ì§€ ì•Šì€ ì‘ì—…ì„ ê¸°ë‹¤ë¦¬ê³  ìˆìŠµë‹ˆë‹¤....
[ 62%] [32mBuilding CXX object CMakeFiles/md_robot_node.dir/src/md_robot_node/robot.cpp.o[0m
[ 64%] [32mBuilding CXX object CMakeFiles/md_robot_node.dir/src/md_robot_node/main.cpp.o[0m
[ 66%] [32mBuilding CXX object CMakeFiles/md_robot_node.dir/src/md_robot_node/com.cpp.o[0m
[ 76%] Built target md__rosidl_typesupport_fastrtps_c
[ 76%] Built target md
[ 78%] Built target md__py
[ 86%] Built target md__python
[ 90%] Built target md__rosidl_typesupport_fastrtps_c__pyext
[ 94%] Built target md__rosidl_typesupport_c__pyext
[ 98%] Built target md__rosidl_typesupport_introspection_c__pyext
In file included from [01m[K/home/hyoin/service/src/md/include/md_robot_node/main.hpp:8[m[K,
                 from [01m[K/home/hyoin/service/src/md/src/md_robot_node/com.cpp:3[m[K:
[01m[K/home/hyoin/service/src/md/include/md_robot_node/global.hpp:11:10:[m[K [01;31m[Kfatal error: [m[Kserial/serial.h: ê·¸ëŸ° íŒŒì¼ì´ë‚˜ ë””ë ‰í„°ë¦¬ê°€ ì—†ìŠµë‹ˆë‹¤
   11 | #include [01;31m[K<serial/serial.h>[m[K
      |          [01;31m[K^~~~~~~~~~~~~~~~~[m[K
compilation terminated.
make[2]: *** [CMakeFiles/md_robot_node.dir/build.make:76: CMakeFiles/md_robot_node.dir/src/md_robot_node/com.cpp.o] ì˜¤ë¥˜ 1
In file included from [01m[K/home/hyoin/service/src/md/include/md_robot_node/robot.hpp:7[m[K,
                 from [01m[K/home/hyoin/service/src/md/src/md_robot_node/robot.cpp:1[m[K:
[01m[K/home/hyoin/service/src/md/include/md_robot_node/global.hpp:11:10:[m[K [01;31m[Kfatal error: [m[Kserial/serial.h: ê·¸ëŸ° íŒŒì¼ì´ë‚˜ ë””ë ‰í„°ë¦¬ê°€ ì—†ìŠµë‹ˆë‹¤
   11 | #include [01;31m[K<serial/serial.h>[m[K
      |          [01;31m[K^~~~~~~~~~~~~~~~~[m[K
compilation terminated.
In file included from [01m[K/home/hyoin/service/src/md/include/md_robot_node/main.hpp:8[m[K,
                 from [01m[K/home/hyoin/service/src/md/src/md_robot_node/main.cpp:2[m[K:
[01m[K/home/hyoin/service/src/md/include/md_robot_node/global.hpp:11:10:[m[K [01;31m[Kfatal error: [m[Kserial/serial.h: ê·¸ëŸ° íŒŒì¼ì´ë‚˜ ë””ë ‰í„°ë¦¬ê°€ ì—†ìŠµë‹ˆë‹¤
   11 | #include [01;31m[K<serial/serial.h>[m[K
      |          [01;31m[K^~~~~~~~~~~~~~~~~[m[K
compilation terminated.
make[2]: *** [CMakeFiles/md_robot_node.dir/build.make:89: CMakeFiles/md_robot_node.dir/src/md_robot_node/robot.cpp.o] ì˜¤ë¥˜ 1
make[2]: *** [CMakeFiles/md_robot_node.dir/build.make:63: CMakeFiles/md_robot_node.dir/src/md_robot_node/main.cpp.o] ì˜¤ë¥˜ 1
make[1]: *** [CMakeFiles/Makefile2:298: CMakeFiles/md_robot_node.dir/all] ì˜¤ë¥˜ 2
make: *** [Makefile:141: all] ì˜¤ë¥˜ 2
