[  1%] Built target md__cpp
[ 11%] Built target md__rosidl_generator_c
[ 21%] Built target md__rosidl_typesupport_introspection_cpp
[ 31%] Built target md__rosidl_typesupport_cpp
[ 41%] Built target md__rosidl_typesupport_fastrtps_cpp
[ 50%] Built target md__rosidl_typesupport_c
[ 60%] Built target md__rosidl_typesupport_introspection_c
[ 70%] Built target md__rosidl_typesupport_fastrtps_c
[ 78%] Built target md_robot_node
[ 78%] Built target md
[ 80%] Built target md__py
[ 88%] Built target md__python
[ 92%] Built target md__rosidl_typesupport_fastrtps_c__pyext
[ 96%] Built target md__rosidl_typesupport_introspection_c__pyext
[100%] Built target md__rosidl_typesupport_c__pyext
-- Install configuration: ""
-- Up-to-date: /home/hyoin/service/install/md/share/ament_index/resource_index/rosidl_interfaces/md
-- Up-to-date: /home/hyoin/service/install/md/include/md
-- Up-to-date: /home/hyoin/service/install/md/include/md/msg
-- Up-to-date: /home/hyoin/service/install/md/include/md/msg/pose.h
-- Up-to-date: /home/hyoin/service/install/md/include/md/msg/rosidl_generator_c__visibility_control.h
-- Up-to-date: /home/hyoin/service/install/md/include/md/msg/md_robot_msg2.h
-- Up-to-date: /home/hyoin/service/install/md/include/md/msg/md_robot_msg1.h
-- Up-to-date: /home/hyoin/service/install/md/include/md/msg/detail
-- Up-to-date: /home/hyoin/service/install/md/include/md/msg/detail/md_robot_msg2__functions.h
-- Up-to-date: /home/hyoin/service/install/md/include/md/msg/detail/pose__functions.c
-- Up-to-date: /home/hyoin/service/install/md/include/md/msg/detail/md_robot_msg1__struct.h
-- Up-to-date: /home/hyoin/service/install/md/include/md/msg/detail/pose__functions.h
-- Up-to-date: /home/hyoin/service/install/md/include/md/msg/detail/md_robot_msg2__type_support.h
-- Up-to-date: /home/hyoin/service/install/md/include/md/msg/detail/md_robot_msg2__struct.h
-- Up-to-date: /home/hyoin/service/install/md/include/md/msg/detail/pose__struct.h
-- Up-to-date: /home/hyoin/service/install/md/include/md/msg/detail/md_robot_msg1__type_support.h
-- Up-to-date: /home/hyoin/service/install/md/include/md/msg/detail/md_robot_msg1__functions.h
-- Up-to-date: /home/hyoin/service/install/md/include/md/msg/detail/pose__type_support.h
-- Up-to-date: /home/hyoin/service/install/md/include/md/msg/detail/md_robot_msg1__functions.c
-- Up-to-date: /home/hyoin/service/install/md/include/md/msg/detail/md_robot_msg2__functions.c
-- Up-to-date: /home/hyoin/service/install/md/share/md/environment/library_path.sh
-- Up-to-date: /home/hyoin/service/install/md/share/md/environment/library_path.dsv
-- Up-to-date: /home/hyoin/service/install/md/lib/libmd__rosidl_generator_c.so
-- Up-to-date: /home/hyoin/service/install/md/include/md
-- Up-to-date: /home/hyoin/service/install/md/include/md/msg
-- Up-to-date: /home/hyoin/service/install/md/include/md/msg/rosidl_typesupport_fastrtps_c__visibility_control.h
-- Up-to-date: /home/hyoin/service/install/md/include/md/msg/detail
-- Up-to-date: /home/hyoin/service/install/md/include/md/msg/detail/md_robot_msg2__rosidl_typesupport_fastrtps_c.h
-- Up-to-date: /home/hyoin/service/install/md/include/md/msg/detail/md_robot_msg1__rosidl_typesupport_fastrtps_c.h
-- Up-to-date: /home/hyoin/service/install/md/include/md/msg/detail/pose__rosidl_typesupport_fastrtps_c.h
-- Up-to-date: /home/hyoin/service/install/md/lib/libmd__rosidl_typesupport_fastrtps_c.so
-- Up-to-date: /home/hyoin/service/install/md/include/md
-- Up-to-date: /home/hyoin/service/install/md/include/md/msg
-- Up-to-date: /home/hyoin/service/install/md/include/md/msg/rosidl_typesupport_fastrtps_cpp__visibility_control.h
-- Up-to-date: /home/hyoin/service/install/md/include/md/msg/detail
-- Up-to-date: /home/hyoin/service/install/md/include/md/msg/detail/md_robot_msg1__rosidl_typesupport_fastrtps_cpp.hpp
-- Up-to-date: /home/hyoin/service/install/md/include/md/msg/detail/md_robot_msg2__rosidl_typesupport_fastrtps_cpp.hpp
-- Up-to-date: /home/hyoin/service/install/md/include/md/msg/detail/pose__rosidl_typesupport_fastrtps_cpp.hpp
-- Up-to-date: /home/hyoin/service/install/md/include/md/msg/detail/dds_fastrtps
-- Up-to-date: /home/hyoin/service/install/md/lib/libmd__rosidl_typesupport_fastrtps_cpp.so
-- Up-to-date: /home/hyoin/service/install/md/include/md
-- Up-to-date: /home/hyoin/service/install/md/include/md/msg
-- Up-to-date: /home/hyoin/service/install/md/include/md/msg/rosidl_typesupport_introspection_c__visibility_control.h
-- Up-to-date: /home/hyoin/service/install/md/include/md/msg/detail
-- Up-to-date: /home/hyoin/service/install/md/include/md/msg/detail/pose__type_support.c
-- Up-to-date: /home/hyoin/service/install/md/include/md/msg/detail/md_robot_msg1__rosidl_typesupport_introspection_c.h
-- Up-to-date: /home/hyoin/service/install/md/include/md/msg/detail/md_robot_msg1__type_support.c
-- Up-to-date: /home/hyoin/service/install/md/include/md/msg/detail/md_robot_msg2__type_support.c
-- Up-to-date: /home/hyoin/service/install/md/include/md/msg/detail/pose__rosidl_typesupport_introspection_c.h
-- Up-to-date: /home/hyoin/service/install/md/include/md/msg/detail/md_robot_msg2__rosidl_typesupport_introspection_c.h
-- Up-to-date: /home/hyoin/service/install/md/lib/libmd__rosidl_typesupport_introspection_c.so
-- Up-to-date: /home/hyoin/service/install/md/lib/libmd__rosidl_typesupport_c.so
-- Up-to-date: /home/hyoin/service/install/md/include/md
-- Up-to-date: /home/hyoin/service/install/md/include/md/msg
-- Up-to-date: /home/hyoin/service/install/md/include/md/msg/rosidl_generator_cpp__visibility_control.hpp
-- Up-to-date: /home/hyoin/service/install/md/include/md/msg/md_robot_msg1.hpp
-- Up-to-date: /home/hyoin/service/install/md/include/md/msg/pose.hpp
-- Up-to-date: /home/hyoin/service/install/md/include/md/msg/md_robot_msg2.hpp
-- Up-to-date: /home/hyoin/service/install/md/include/md/msg/detail
-- Up-to-date: /home/hyoin/service/install/md/include/md/msg/detail/md_robot_msg1__builder.hpp
-- Up-to-date: /home/hyoin/service/install/md/include/md/msg/detail/pose__builder.hpp
-- Up-to-date: /home/hyoin/service/install/md/include/md/msg/detail/md_robot_msg1__type_support.hpp
-- Up-to-date: /home/hyoin/service/install/md/include/md/msg/detail/pose__traits.hpp
-- Up-to-date: /home/hyoin/service/install/md/include/md/msg/detail/md_robot_msg2__builder.hpp
-- Up-to-date: /home/hyoin/service/install/md/include/md/msg/detail/md_robot_msg1__traits.hpp
-- Up-to-date: /home/hyoin/service/install/md/include/md/msg/detail/md_robot_msg1__struct.hpp
-- Up-to-date: /home/hyoin/service/install/md/include/md/msg/detail/md_robot_msg2__traits.hpp
-- Up-to-date: /home/hyoin/service/install/md/include/md/msg/detail/pose__struct.hpp
-- Up-to-date: /home/hyoin/service/install/md/include/md/msg/detail/md_robot_msg2__type_support.hpp
-- Up-to-date: /home/hyoin/service/install/md/include/md/msg/detail/pose__type_support.hpp
-- Up-to-date: /home/hyoin/service/install/md/include/md/msg/detail/md_robot_msg2__struct.hpp
-- Up-to-date: /home/hyoin/service/install/md/include/md
-- Up-to-date: /home/hyoin/service/install/md/include/md/msg
-- Up-to-date: /home/hyoin/service/install/md/include/md/msg/detail
-- Up-to-date: /home/hyoin/service/install/md/include/md/msg/detail/pose__rosidl_typesupport_introspection_cpp.hpp
-- Up-to-date: /home/hyoin/service/install/md/include/md/msg/detail/pose__type_support.cpp
-- Up-to-date: /home/hyoin/service/install/md/include/md/msg/detail/md_robot_msg1__rosidl_typesupport_introspection_cpp.hpp
-- Up-to-date: /home/hyoin/service/install/md/include/md/msg/detail/md_robot_msg2__rosidl_typesupport_introspection_cpp.hpp
-- Up-to-date: /home/hyoin/service/install/md/include/md/msg/detail/md_robot_msg2__type_support.cpp
-- Up-to-date: /home/hyoin/service/install/md/include/md/msg/detail/md_robot_msg1__type_support.cpp
-- Up-to-date: /home/hyoin/service/install/md/lib/libmd__rosidl_typesupport_introspection_cpp.so
-- Up-to-date: /home/hyoin/service/install/md/lib/libmd__rosidl_typesupport_cpp.so
-- Up-to-date: /home/hyoin/service/install/md/share/md/environment/pythonpath.sh
-- Up-to-date: /home/hyoin/service/install/md/share/md/environment/pythonpath.dsv
-- Up-to-date: /home/hyoin/service/install/md/lib/python3.8/site-packages/md/__init__.py
-- Up-to-date: /home/hyoin/service/install/md/lib/python3.8/site-packages/md/msg
-- Up-to-date: /home/hyoin/service/install/md/lib/python3.8/site-packages/md/msg/_md_robot_msg2.py
-- Up-to-date: /home/hyoin/service/install/md/lib/python3.8/site-packages/md/msg/_md_robot_msg1.py
-- Up-to-date: /home/hyoin/service/install/md/lib/python3.8/site-packages/md/msg/_pose.py
-- Up-to-date: /home/hyoin/service/install/md/lib/python3.8/site-packages/md/msg/_md_robot_msg1_s.c
-- Up-to-date: /home/hyoin/service/install/md/lib/python3.8/site-packages/md/msg/__init__.py
-- Up-to-date: /home/hyoin/service/install/md/lib/python3.8/site-packages/md/msg/_pose_s.c
-- Up-to-date: /home/hyoin/service/install/md/lib/python3.8/site-packages/md/msg/_md_robot_msg2_s.c
-- Up-to-date: /home/hyoin/service/install/md/lib/python3.8/site-packages/md/md_s__rosidl_typesupport_fastrtps_c.cpython-38-x86_64-linux-gnu.so
-- Up-to-date: /home/hyoin/service/install/md/lib/python3.8/site-packages/md/md_s__rosidl_typesupport_introspection_c.cpython-38-x86_64-linux-gnu.so
-- Up-to-date: /home/hyoin/service/install/md/lib/python3.8/site-packages/md/md_s__rosidl_typesupport_c.cpython-38-x86_64-linux-gnu.so
-- Up-to-date: /home/hyoin/service/install/md/lib/libmd__python.so
-- Up-to-date: /home/hyoin/service/install/md/share/md/msg/MdRobotMsg1.idl
-- Up-to-date: /home/hyoin/service/install/md/share/md/msg/MdRobotMsg2.idl
-- Up-to-date: /home/hyoin/service/install/md/share/md/msg/Pose.idl
-- Up-to-date: /home/hyoin/service/install/md/share/md/msg/MdRobotMsg1.msg
-- Up-to-date: /home/hyoin/service/install/md/share/md/msg/MdRobotMsg2.msg
-- Up-to-date: /home/hyoin/service/install/md/share/md/msg/Pose.msg
-- Up-to-date: /home/hyoin/service/install/md/lib/md_robot_node
-- Up-to-date: /home/hyoin/service/install/md/include/
-- Up-to-date: /home/hyoin/service/install/md/include//md_robot_node
-- Up-to-date: /home/hyoin/service/install/md/include//md_robot_node/robot.hpp
-- Up-to-date: /home/hyoin/service/install/md/include//md_robot_node/com.hpp
-- Up-to-date: /home/hyoin/service/install/md/include//md_robot_node/main.hpp
-- Up-to-date: /home/hyoin/service/install/md/include//md_robot_node/global.hpp
-- Up-to-date: /home/hyoin/service/install/md/share/md/launch
-- Up-to-date: /home/hyoin/service/install/md/share/md/launch/md_robot_node.launch.py
-- Up-to-date: /home/hyoin/service/install/md/share/md/launch/md_robot_node_use_MDUI.launch.py
-- Up-to-date: /home/hyoin/service/install/md/share/ament_index/resource_index/package_run_dependencies/md
-- Up-to-date: /home/hyoin/service/install/md/share/ament_index/resource_index/parent_prefix_path/md
-- Up-to-date: /home/hyoin/service/install/md/share/md/environment/ament_prefix_path.sh
-- Up-to-date: /home/hyoin/service/install/md/share/md/environment/ament_prefix_path.dsv
-- Up-to-date: /home/hyoin/service/install/md/share/md/environment/path.sh
-- Up-to-date: /home/hyoin/service/install/md/share/md/environment/path.dsv
-- Up-to-date: /home/hyoin/service/install/md/share/md/local_setup.bash
-- Up-to-date: /home/hyoin/service/install/md/share/md/local_setup.sh
-- Up-to-date: /home/hyoin/service/install/md/share/md/local_setup.zsh
-- Up-to-date: /home/hyoin/service/install/md/share/md/local_setup.dsv
-- Installing: /home/hyoin/service/install/md/share/md/package.dsv
-- Up-to-date: /home/hyoin/service/install/md/share/ament_index/resource_index/packages/md
-- Up-to-date: /home/hyoin/service/install/md/share/md/cmake/md__rosidl_generator_cExport.cmake
-- Up-to-date: /home/hyoin/service/install/md/share/md/cmake/md__rosidl_generator_cExport-noconfig.cmake
-- Up-to-date: /home/hyoin/service/install/md/share/md/cmake/md__rosidl_typesupport_introspection_cExport.cmake
-- Up-to-date: /home/hyoin/service/install/md/share/md/cmake/md__rosidl_typesupport_introspection_cExport-noconfig.cmake
-- Up-to-date: /home/hyoin/service/install/md/share/md/cmake/md__rosidl_typesupport_cExport.cmake
-- Up-to-date: /home/hyoin/service/install/md/share/md/cmake/md__rosidl_typesupport_cExport-noconfig.cmake
-- Up-to-date: /home/hyoin/service/install/md/share/md/cmake/md__rosidl_generator_cppExport.cmake
-- Up-to-date: /home/hyoin/service/install/md/share/md/cmake/md__rosidl_typesupport_introspection_cppExport.cmake
-- Up-to-date: /home/hyoin/service/install/md/share/md/cmake/md__rosidl_typesupport_introspection_cppExport-noconfig.cmake
-- Up-to-date: /home/hyoin/service/install/md/share/md/cmake/md__rosidl_typesupport_cppExport.cmake
-- Up-to-date: /home/hyoin/service/install/md/share/md/cmake/md__rosidl_typesupport_cppExport-noconfig.cmake
-- Up-to-date: /home/hyoin/service/install/md/share/md/cmake/rosidl_cmake-extras.cmake
-- Up-to-date: /home/hyoin/service/install/md/share/md/cmake/ament_cmake_export_dependencies-extras.cmake
-- Up-to-date: /home/hyoin/service/install/md/share/md/cmake/ament_cmake_export_libraries-extras.cmake
-- Up-to-date: /home/hyoin/service/install/md/share/md/cmake/ament_cmake_export_targets-extras.cmake
-- Up-to-date: /home/hyoin/service/install/md/share/md/cmake/ament_cmake_export_include_directories-extras.cmake
-- Up-to-date: /home/hyoin/service/install/md/share/md/cmake/rosidl_cmake_export_typesupport_libraries-extras.cmake
-- Up-to-date: /home/hyoin/service/install/md/share/md/cmake/rosidl_cmake_export_typesupport_targets-extras.cmake
-- Up-to-date: /home/hyoin/service/install/md/share/md/cmake/mdConfig.cmake
-- Up-to-date: /home/hyoin/service/install/md/share/md/cmake/mdConfig-version.cmake
-- Up-to-date: /home/hyoin/service/install/md/share/md/package.xml
