[0.630s] Invoking command in '/home/hyoin/service/build/turtlebot3_teleop': PYTHONPATH=/home/hyoin/service/build/turtlebot3_teleop/prefix_override:/usr/lib/python3/dist-packages/colcon_core/task/python/colcon_distutils_commands:/home/hyoin/service/install/turtlebot3_teleop/lib/python3.8/site-packages:${PYTHONPATH} /usr/bin/python3 -W ignore:setup.py install is deprecated -W ignore:easy_install command is deprecated setup.py develop --uninstall --editable --build-directory /home/hyoin/service/build/turtlebot3_teleop/build
[0.796s] running develop
[0.885s] Removing /home/hyoin/service/install/turtlebot3_teleop/lib/python3.8/site-packages/turtlebot3-teleop.egg-link (link to .)
[0.903s] Invoked command in '/home/hyoin/service/build/turtlebot3_teleop' returned '0': PYTHONPATH=/home/hyoin/service/build/turtlebot3_teleop/prefix_override:/usr/lib/python3/dist-packages/colcon_core/task/python/colcon_distutils_commands:/home/hyoin/service/install/turtlebot3_teleop/lib/python3.8/site-packages:${PYTHONPATH} /usr/bin/python3 -W ignore:setup.py install is deprecated -W ignore:easy_install command is deprecated setup.py develop --uninstall --editable --build-directory /home/hyoin/service/build/turtlebot3_teleop/build
[0.905s] Invoking command in '/home/hyoin/service/src/turtlebot3/turtlebot3_teleop': PYTHONPATH=/home/hyoin/service/build/turtlebot3_teleop/prefix_override:/usr/lib/python3/dist-packages/colcon_core/task/python/colcon_distutils_commands:/home/hyoin/service/install/turtlebot3_teleop/lib/python3.8/site-packages:${PYTHONPATH} /usr/bin/python3 -W ignore:setup.py install is deprecated -W ignore:easy_install command is deprecated setup.py egg_info --egg-base ../../../build/turtlebot3_teleop build --build-base /home/hyoin/service/build/turtlebot3_teleop/build install --record /home/hyoin/service/build/turtlebot3_teleop/install.log --single-version-externally-managed install_data --force
[1.092s] running egg_info
[1.092s] writing ../../../build/turtlebot3_teleop/turtlebot3_teleop.egg-info/PKG-INFO
[1.092s] writing dependency_links to ../../../build/turtlebot3_teleop/turtlebot3_teleop.egg-info/dependency_links.txt
[1.092s] writing entry points to ../../../build/turtlebot3_teleop/turtlebot3_teleop.egg-info/entry_points.txt
[1.092s] writing requirements to ../../../build/turtlebot3_teleop/turtlebot3_teleop.egg-info/requires.txt
[1.093s] writing top-level names to ../../../build/turtlebot3_teleop/turtlebot3_teleop.egg-info/top_level.txt
[1.132s] reading manifest file '../../../build/turtlebot3_teleop/turtlebot3_teleop.egg-info/SOURCES.txt'
[1.132s] writing manifest file '../../../build/turtlebot3_teleop/turtlebot3_teleop.egg-info/SOURCES.txt'
[1.133s] running build
[1.133s] running build_py
[1.133s] creating /home/hyoin/service/build/turtlebot3_teleop/build
[1.133s] creating /home/hyoin/service/build/turtlebot3_teleop/build/lib
[1.133s] creating /home/hyoin/service/build/turtlebot3_teleop/build/lib/turtlebot3_teleop
[1.133s] copying turtlebot3_teleop/__init__.py -> /home/hyoin/service/build/turtlebot3_teleop/build/lib/turtlebot3_teleop
[1.133s] creating /home/hyoin/service/build/turtlebot3_teleop/build/lib/turtlebot3_teleop/script
[1.133s] copying turtlebot3_teleop/script/teleop_keyboard.py -> /home/hyoin/service/build/turtlebot3_teleop/build/lib/turtlebot3_teleop/script
[1.133s] copying turtlebot3_teleop/script/__init__.py -> /home/hyoin/service/build/turtlebot3_teleop/build/lib/turtlebot3_teleop/script
[1.133s] running install
[1.134s] running install_lib
[1.135s] creating /home/hyoin/service/install/turtlebot3_teleop/lib/python3.8/site-packages/turtlebot3_teleop
[1.135s] creating /home/hyoin/service/install/turtlebot3_teleop/lib/python3.8/site-packages/turtlebot3_teleop/script
[1.135s] copying /home/hyoin/service/build/turtlebot3_teleop/build/lib/turtlebot3_teleop/script/teleop_keyboard.py -> /home/hyoin/service/install/turtlebot3_teleop/lib/python3.8/site-packages/turtlebot3_teleop/script
[1.135s] copying /home/hyoin/service/build/turtlebot3_teleop/build/lib/turtlebot3_teleop/script/__init__.py -> /home/hyoin/service/install/turtlebot3_teleop/lib/python3.8/site-packages/turtlebot3_teleop/script
[1.135s] copying /home/hyoin/service/build/turtlebot3_teleop/build/lib/turtlebot3_teleop/__init__.py -> /home/hyoin/service/install/turtlebot3_teleop/lib/python3.8/site-packages/turtlebot3_teleop
[1.136s] byte-compiling /home/hyoin/service/install/turtlebot3_teleop/lib/python3.8/site-packages/turtlebot3_teleop/script/teleop_keyboard.py to teleop_keyboard.cpython-38.pyc
[1.138s] byte-compiling /home/hyoin/service/install/turtlebot3_teleop/lib/python3.8/site-packages/turtlebot3_teleop/script/__init__.py to __init__.cpython-38.pyc
[1.138s] byte-compiling /home/hyoin/service/install/turtlebot3_teleop/lib/python3.8/site-packages/turtlebot3_teleop/__init__.py to __init__.cpython-38.pyc
[1.138s] running install_data
[1.138s] copying resource/turtlebot3_teleop -> /home/hyoin/service/install/turtlebot3_teleop/share/ament_index/resource_index/packages
[1.138s] copying package.xml -> /home/hyoin/service/install/turtlebot3_teleop/share/turtlebot3_teleop
[1.138s] running install_egg_info
[1.140s] Copying ../../../build/turtlebot3_teleop/turtlebot3_teleop.egg-info to /home/hyoin/service/install/turtlebot3_teleop/lib/python3.8/site-packages/turtlebot3_teleop-2.1.4-py3.8.egg-info
[1.141s] running install_scripts
[1.158s] Installing teleop_keyboard script to /home/hyoin/service/install/turtlebot3_teleop/lib/turtlebot3_teleop
[1.159s] writing list of installed files to '/home/hyoin/service/build/turtlebot3_teleop/install.log'
[1.180s] Invoked command in '/home/hyoin/service/src/turtlebot3/turtlebot3_teleop' returned '0': PYTHONPATH=/home/hyoin/service/build/turtlebot3_teleop/prefix_override:/usr/lib/python3/dist-packages/colcon_core/task/python/colcon_distutils_commands:/home/hyoin/service/install/turtlebot3_teleop/lib/python3.8/site-packages:${PYTHONPATH} /usr/bin/python3 -W ignore:setup.py install is deprecated -W ignore:easy_install command is deprecated setup.py egg_info --egg-base ../../../build/turtlebot3_teleop build --build-base /home/hyoin/service/build/turtlebot3_teleop/build install --record /home/hyoin/service/build/turtlebot3_teleop/install.log --single-version-externally-managed install_data --force
