[0.009s] Invoking command in '/home/hyoin/service/build/serial': /usr/bin/cmake --build /home/hyoin/service/build/serial -- -j8 -l8
[0.041s] [ 66%] Built target serial
[0.054s] [100%] Built target serial_example
[0.062s] Invoked command in '/home/hyoin/service/build/serial' returned '0': /usr/bin/cmake --build /home/hyoin/service/build/serial -- -j8 -l8
[0.070s] Invoking command in '/home/hyoin/service/build/serial': /usr/bin/cmake --install /home/hyoin/service/build/serial
[0.076s] -- Install configuration: ""
[0.076s] -- Up-to-date: /home/hyoin/service/install/serial/lib/libserial.a
[0.076s] -- Up-to-date: /home/hyoin/service/install/serial/include
[0.076s] -- Up-to-date: /home/hyoin/service/install/serial/include/serial
[0.076s] -- Up-to-date: /home/hyoin/service/install/serial/include/serial/impl
[0.076s] -- Up-to-date: /home/hyoin/service/install/serial/include/serial/impl/win.h
[0.076s] -- Up-to-date: /home/hyoin/service/install/serial/include/serial/impl/unix.h
[0.076s] -- Up-to-date: /home/hyoin/service/install/serial/include/serial/v8stdint.h
[0.076s] -- Up-to-date: /home/hyoin/service/install/serial/include/serial/serial.h
[0.076s] -- Up-to-date: /home/hyoin/service/install/serial/share/serial/environment/library_path.sh
[0.076s] -- Up-to-date: /home/hyoin/service/install/serial/share/serial/environment/library_path.dsv
[0.076s] -- Up-to-date: /home/hyoin/service/install/serial/share/ament_index/resource_index/package_run_dependencies/serial
[0.076s] -- Up-to-date: /home/hyoin/service/install/serial/share/ament_index/resource_index/parent_prefix_path/serial
[0.077s] -- Up-to-date: /home/hyoin/service/install/serial/share/serial/environment/ament_prefix_path.sh
[0.077s] -- Up-to-date: /home/hyoin/service/install/serial/share/serial/environment/ament_prefix_path.dsv
[0.077s] -- Up-to-date: /home/hyoin/service/install/serial/share/serial/environment/path.sh
[0.077s] -- Up-to-date: /home/hyoin/service/install/serial/share/serial/environment/path.dsv
[0.077s] -- Up-to-date: /home/hyoin/service/install/serial/share/serial/local_setup.bash
[0.077s] -- Up-to-date: /home/hyoin/service/install/serial/share/serial/local_setup.sh
[0.077s] -- Up-to-date: /home/hyoin/service/install/serial/share/serial/local_setup.zsh
[0.077s] -- Up-to-date: /home/hyoin/service/install/serial/share/serial/local_setup.dsv
[0.077s] -- Installing: /home/hyoin/service/install/serial/share/serial/package.dsv
[0.077s] -- Up-to-date: /home/hyoin/service/install/serial/share/ament_index/resource_index/packages/serial
[0.077s] -- Up-to-date: /home/hyoin/service/install/serial/share/serial/cmake/ament_cmake_export_include_directories-extras.cmake
[0.077s] -- Up-to-date: /home/hyoin/service/install/serial/share/serial/cmake/ament_cmake_export_libraries-extras.cmake
[0.077s] -- Up-to-date: /home/hyoin/service/install/serial/share/serial/cmake/serialConfig.cmake
[0.077s] -- Up-to-date: /home/hyoin/service/install/serial/share/serial/cmake/serialConfig-version.cmake
[0.077s] -- Up-to-date: /home/hyoin/service/install/serial/share/serial/package.xml
[0.078s] Invoked command in '/home/hyoin/service/build/serial' returned '0': /usr/bin/cmake --install /home/hyoin/service/build/serial
