[0.040s] Invoking command in '/home/hyoin/service/build/serial': /usr/bin/cmake /home/hyoin/service/src/serial -DCATKIN_INSTALL_INTO_PREFIX_ROOT=0 -DCATKIN_SYMLINK_INSTALL=ON -DCMAKE_INSTALL_PREFIX=/home/hyoin/service/install/serial
[0.631s] -- Configuring incomplete, errors occurred!
[0.631s] See also "/home/hyoin/service/build/serial/CMakeFiles/CMakeOutput.log".
[0.651s] CMake Error at CMakeLists.txt:5 (find_package):
[0.651s]   By not providing "Findcatkin.cmake" in CMAKE_MODULE_PATH this project has
[0.651s]   asked CMake to find a package configuration file provided by "catkin", but
[0.651s]   CMake did not find one.
[0.651s] 
[0.651s]   Could not find a package configuration file provided by "catkin" with any
[0.651s]   of the following names:
[0.651s] 
[0.651s]     catkinConfig.cmake
[0.651s]     catkin-config.cmake
[0.651s] 
[0.652s]   Add the installation prefix of "catkin" to CMAKE_PREFIX_PATH or set
[0.652s]   "catkin_DIR" to a directory containing one of the above files.  If "catkin"
[0.652s]   provides a separate development package or SDK, be sure it has been
[0.652s]   installed.
[0.652s] 
[0.652s] 
[0.745s] Invoked command in '/home/hyoin/service/build/serial' returned '1': /usr/bin/cmake /home/hyoin/service/src/serial -DCATKIN_INSTALL_INTO_PREFIX_ROOT=0 -DCATKIN_SYMLINK_INSTALL=ON -DCMAKE_INSTALL_PREFIX=/home/hyoin/service/install/serial
