Performing C SOURCE FILE Test CMAKE_HAVE_LIBC_PTHREAD failed with the following output:
Change Dir: /home/hyoin/service/build/md/CMakeFiles/CMakeTmp

Run Build Command(s):/usr/bin/make cmTC_43615/fast && /usr/bin/make -f CMakeFiles/cmTC_43615.dir/build.make CMakeFiles/cmTC_43615.dir/build
make[1]: 디렉터리 '/home/hyoin/service/build/md/CMakeFiles/CMakeTmp' 들어감
Building C object CMakeFiles/cmTC_43615.dir/src.c.o
/usr/bin/cc   -DCMAKE_HAVE_LIBC_PTHREAD   -o CMakeFiles/cmTC_43615.dir/src.c.o   -c /home/hyoin/service/build/md/CMakeFiles/CMakeTmp/src.c
Linking C executable cmTC_43615
/usr/bin/cmake -E cmake_link_script CMakeFiles/cmTC_43615.dir/link.txt --verbose=1
/usr/bin/cc  -DCMAKE_HAVE_LIBC_PTHREAD    CMakeFiles/cmTC_43615.dir/src.c.o  -o cmTC_43615 
/usr/bin/ld: CMakeFiles/cmTC_43615.dir/src.c.o: in function `main':
src.c:(.text+0x46): undefined reference to `pthread_create'
/usr/bin/ld: src.c:(.text+0x52): undefined reference to `pthread_detach'
/usr/bin/ld: src.c:(.text+0x63): undefined reference to `pthread_join'
collect2: error: ld returned 1 exit status
make[1]: *** [CMakeFiles/cmTC_43615.dir/build.make:87: cmTC_43615] 오류 1
make[1]: 디렉터리 '/home/hyoin/service/build/md/CMakeFiles/CMakeTmp' 나감
make: *** [Makefile:121: cmTC_43615/fast] 오류 2


Source file was:
#include <pthread.h>

void* test_func(void* data)
{
  return data;
}

int main(void)
{
  pthread_t thread;
  pthread_create(&thread, NULL, test_func, NULL);
  pthread_detach(thread);
  pthread_join(thread, NULL);
  pthread_atfork(NULL, NULL, NULL);
  pthread_exit(NULL);

  return 0;
}

Determining if the function pthread_create exists in the pthreads failed with the following output:
Change Dir: /home/hyoin/service/build/md/CMakeFiles/CMakeTmp

Run Build Command(s):/usr/bin/make cmTC_898ac/fast && /usr/bin/make -f CMakeFiles/cmTC_898ac.dir/build.make CMakeFiles/cmTC_898ac.dir/build
make[1]: 디렉터리 '/home/hyoin/service/build/md/CMakeFiles/CMakeTmp' 들어감
Building C object CMakeFiles/cmTC_898ac.dir/CheckFunctionExists.c.o
/usr/bin/cc   -DCHECK_FUNCTION_EXISTS=pthread_create   -o CMakeFiles/cmTC_898ac.dir/CheckFunctionExists.c.o   -c /usr/share/cmake-3.16/Modules/CheckFunctionExists.c
Linking C executable cmTC_898ac
/usr/bin/cmake -E cmake_link_script CMakeFiles/cmTC_898ac.dir/link.txt --verbose=1
/usr/bin/cc  -DCHECK_FUNCTION_EXISTS=pthread_create    CMakeFiles/cmTC_898ac.dir/CheckFunctionExists.c.o  -o cmTC_898ac  -lpthreads 
/usr/bin/ld: cannot find -lpthreads
collect2: error: ld returned 1 exit status
make[1]: *** [CMakeFiles/cmTC_898ac.dir/build.make:87: cmTC_898ac] 오류 1
make[1]: 디렉터리 '/home/hyoin/service/build/md/CMakeFiles/CMakeTmp' 나감
make: *** [Makefile:121: cmTC_898ac/fast] 오류 2



Performing C SOURCE FILE Test CMAKE_HAVE_LIBC_PTHREAD failed with the following output:
Change Dir: /home/hyoin/service/build/md/CMakeFiles/CMakeTmp

Run Build Command(s):/usr/bin/make cmTC_32766/fast && /usr/bin/make -f CMakeFiles/cmTC_32766.dir/build.make CMakeFiles/cmTC_32766.dir/build
make[1]: 디렉터리 '/home/hyoin/service/build/md/CMakeFiles/CMakeTmp' 들어감
Building C object CMakeFiles/cmTC_32766.dir/src.c.o
/usr/bin/cc   -DCMAKE_HAVE_LIBC_PTHREAD   -o CMakeFiles/cmTC_32766.dir/src.c.o   -c /home/hyoin/service/build/md/CMakeFiles/CMakeTmp/src.c
Linking C executable cmTC_32766
/usr/bin/cmake -E cmake_link_script CMakeFiles/cmTC_32766.dir/link.txt --verbose=1
/usr/bin/cc  -DCMAKE_HAVE_LIBC_PTHREAD    CMakeFiles/cmTC_32766.dir/src.c.o  -o cmTC_32766 
/usr/bin/ld: CMakeFiles/cmTC_32766.dir/src.c.o: in function `main':
src.c:(.text+0x46): undefined reference to `pthread_create'
/usr/bin/ld: src.c:(.text+0x52): undefined reference to `pthread_detach'
/usr/bin/ld: src.c:(.text+0x63): undefined reference to `pthread_join'
collect2: error: ld returned 1 exit status
make[1]: *** [CMakeFiles/cmTC_32766.dir/build.make:87: cmTC_32766] 오류 1
make[1]: 디렉터리 '/home/hyoin/service/build/md/CMakeFiles/CMakeTmp' 나감
make: *** [Makefile:121: cmTC_32766/fast] 오류 2


Source file was:
#include <pthread.h>

void* test_func(void* data)
{
  return data;
}

int main(void)
{
  pthread_t thread;
  pthread_create(&thread, NULL, test_func, NULL);
  pthread_detach(thread);
  pthread_join(thread, NULL);
  pthread_atfork(NULL, NULL, NULL);
  pthread_exit(NULL);

  return 0;
}

Determining if the function pthread_create exists in the pthreads failed with the following output:
Change Dir: /home/hyoin/service/build/md/CMakeFiles/CMakeTmp

Run Build Command(s):/usr/bin/make cmTC_a270c/fast && /usr/bin/make -f CMakeFiles/cmTC_a270c.dir/build.make CMakeFiles/cmTC_a270c.dir/build
make[1]: 디렉터리 '/home/hyoin/service/build/md/CMakeFiles/CMakeTmp' 들어감
Building C object CMakeFiles/cmTC_a270c.dir/CheckFunctionExists.c.o
/usr/bin/cc   -DCHECK_FUNCTION_EXISTS=pthread_create   -o CMakeFiles/cmTC_a270c.dir/CheckFunctionExists.c.o   -c /usr/share/cmake-3.16/Modules/CheckFunctionExists.c
Linking C executable cmTC_a270c
/usr/bin/cmake -E cmake_link_script CMakeFiles/cmTC_a270c.dir/link.txt --verbose=1
/usr/bin/cc  -DCHECK_FUNCTION_EXISTS=pthread_create    CMakeFiles/cmTC_a270c.dir/CheckFunctionExists.c.o  -o cmTC_a270c  -lpthreads 
/usr/bin/ld: cannot find -lpthreads
collect2: error: ld returned 1 exit status
make[1]: *** [CMakeFiles/cmTC_a270c.dir/build.make:87: cmTC_a270c] 오류 1
make[1]: 디렉터리 '/home/hyoin/service/build/md/CMakeFiles/CMakeTmp' 나감
make: *** [Makefile:121: cmTC_a270c/fast] 오류 2



