-- The C compiler identification is GNU 9.4.0
-- The CXX compiler identification is GNU 9.4.0
-- Check for working C compiler: /usr/bin/cc
-- Check for working C compiler: /usr/bin/cc -- works
-- Detecting C compiler ABI info
-- Detecting C compiler ABI info - done
-- Detecting C compile features
-- Detecting C compile features - done
-- Check for working CXX compiler: /usr/bin/c++
-- Check for working CXX compiler: /usr/bin/c++ -- works
-- Detecting CXX compiler ABI info
-- Detecting CXX compiler ABI info - done
-- Detecting CXX compile features
-- Detecting CXX compile features - done
-- Found ament_cmake: 0.9.12 (/opt/ros/foxy/share/ament_cmake/cmake)
-- Found PythonInterp: /usr/bin/python3 (found suitable version "3.8.10", minimum required is "3") 
-- Using PYTHON_EXECUTABLE: /usr/bin/python3
-- Found rclcpp: 2.4.3 (/opt/ros/foxy/share/rclcpp/cmake)
-- Using all available rosidl_typesupport_c: rosidl_typesupport_fastrtps_c;rosidl_typesupport_introspection_c
-- Found rosidl_adapter: 1.3.1 (/opt/ros/foxy/share/rosidl_adapter/cmake)
-- Found OpenSSL: /usr/lib/x86_64-linux-gnu/libcrypto.so (found version "1.1.1f")  
-- Found FastRTPS: /opt/ros/foxy/include  
-- Using all available rosidl_typesupport_cpp: rosidl_typesupport_fastrtps_cpp;rosidl_typesupport_introspection_cpp
-- Found rmw_implementation_cmake: 1.0.4 (/opt/ros/foxy/share/rmw_implementation_cmake/cmake)
-- Using RMW implementation 'rmw_fastrtps_cpp' as default
-- Looking for pthread.h
-- Looking for pthread.h - found
-- Performing Test CMAKE_HAVE_LIBC_PTHREAD
-- Performing Test CMAKE_HAVE_LIBC_PTHREAD - Failed
-- Looking for pthread_create in pthreads
-- Looking for pthread_create in pthreads - not found
-- Looking for pthread_create in pthread
-- Looking for pthread_create in pthread - found
-- Found Threads: TRUE  
-- Found rclcpp_components: 2.4.3 (/opt/ros/foxy/share/rclcpp_components/cmake)
-- Found geometry_msgs: 2.0.5 (/opt/ros/foxy/share/geometry_msgs/cmake)
-- Found sensor_msgs: 2.0.5 (/opt/ros/foxy/share/sensor_msgs/cmake)
-- Found nav_msgs: 2.0.5 (/opt/ros/foxy/share/nav_msgs/cmake)
-- Found serial: 1.2.1 (/home/hyoin/service/install/serial/share/serial/cmake)
-- Found rosidl_default_generators: 1.0.1 (/opt/ros/foxy/share/rosidl_default_generators/cmake)
-- Found PythonInterp: /usr/bin/python3 (found version "3.8.10") 
-- Found ament_cmake_ros: 0.9.2 (/opt/ros/foxy/share/ament_cmake_ros/cmake)
-- Using all available rosidl_typesupport_c: rosidl_typesupport_fastrtps_c;rosidl_typesupport_introspection_c
-- Using all available rosidl_typesupport_cpp: rosidl_typesupport_fastrtps_cpp;rosidl_typesupport_introspection_cpp
-- Found PythonInterp: /usr/bin/python3 (found suitable version "3.8.10", minimum required is "3.5") 
-- Found python_cmake_module: 0.8.1 (/opt/ros/foxy/share/python_cmake_module/cmake)
-- Found PythonLibs: /usr/lib/x86_64-linux-gnu/libpython3.8.so (found suitable version "3.8.10", minimum required is "3.5") 
-- Using PYTHON_EXECUTABLE: /usr/bin/python3
-- Using PYTHON_INCLUDE_DIRS: /usr/include/python3.8
-- Using PYTHON_LIBRARIES: /usr/lib/x86_64-linux-gnu/libpython3.8.so
-- Found PythonExtra: .so  
-- Configuring done
-- Generating done
-- Build files have been written to: /home/hyoin/service/build/md
[35m[1mScanning dependencies of target md__cpp[0m
[35m[1mScanning dependencies of target md__rosidl_generator_c[0m
[  1%] Built target md__cpp
[ 11%] Built target md__rosidl_generator_c
[35m[1mScanning dependencies of target md__rosidl_typesupport_cpp[0m
[35m[1mScanning dependencies of target md__rosidl_typesupport_introspection_cpp[0m
[35m[1mScanning dependencies of target md__rosidl_typesupport_c[0m
[35m[1mScanning dependencies of target md__rosidl_typesupport_fastrtps_cpp[0m
[35m[1mScanning dependencies of target md__rosidl_typesupport_introspection_c[0m
[ 31%] Built target md__rosidl_typesupport_cpp
[ 31%] Built target md__rosidl_typesupport_introspection_cpp
[ 41%] Built target md__rosidl_typesupport_c
[ 50%] Built target md__rosidl_typesupport_introspection_c
[ 52%] [32m[1mLinking CXX shared library libmd__rosidl_typesupport_fastrtps_cpp.so[0m
[35m[1mScanning dependencies of target md_robot_node[0m
[ 56%] [32mBuilding CXX object CMakeFiles/md_robot_node.dir/src/md_robot_node/main.cpp.o[0m
[ 56%] [32mBuilding CXX object CMakeFiles/md_robot_node.dir/src/md_robot_node/com.cpp.o[0m
[ 58%] [32mBuilding CXX object CMakeFiles/md_robot_node.dir/src/md_robot_node/robot.cpp.o[0m
[ 66%] Built target md__rosidl_typesupport_fastrtps_cpp
[35m[1mScanning dependencies of target md__rosidl_typesupport_fastrtps_c[0m
[ 68%] [32m[1mLinking CXX shared library libmd__rosidl_typesupport_fastrtps_c.so[0m
[ 76%] Built target md__rosidl_typesupport_fastrtps_c
[35m[1mScanning dependencies of target md[0m
[ 76%] Built target md
[ 78%] Built target md__py
[35m[1mScanning dependencies of target md__python[0m
[ 80%] [32m[1mLinking C shared library rosidl_generator_py/md/libmd__python.so[0m
[ 86%] Built target md__python
[35m[1mScanning dependencies of target md__rosidl_typesupport_c__pyext[0m
[35m[1mScanning dependencies of target md__rosidl_typesupport_introspection_c__pyext[0m
[35m[1mScanning dependencies of target md__rosidl_typesupport_fastrtps_c__pyext[0m
[ 88%] [32m[1mLinking C shared library rosidl_generator_py/md/md_s__rosidl_typesupport_c.cpython-38-x86_64-linux-gnu.so[0m
[ 90%] [32m[1mLinking C shared library rosidl_generator_py/md/md_s__rosidl_typesupport_introspection_c.cpython-38-x86_64-linux-gnu.so[0m
[ 92%] [32m[1mLinking CXX shared library rosidl_generator_py/md/md_s__rosidl_typesupport_fastrtps_c.cpython-38-x86_64-linux-gnu.so[0m
[ 94%] Built target md__rosidl_typesupport_c__pyext
[ 96%] Built target md__rosidl_typesupport_introspection_c__pyext
[ 98%] Built target md__rosidl_typesupport_fastrtps_c__pyext
[100%] [32m[1mLinking CXX executable md_robot_node[0m
[100%] Built target md_robot_node
-- Install configuration: ""
-- Installing: /home/hyoin/service/install/md/share/ament_index/resource_index/rosidl_interfaces/md
-- Installing: /home/hyoin/service/install/md/include/md
-- Installing: /home/hyoin/service/install/md/include/md/msg
-- Installing: /home/hyoin/service/install/md/include/md/msg/pose.h
-- Installing: /home/hyoin/service/install/md/include/md/msg/rosidl_generator_c__visibility_control.h
-- Installing: /home/hyoin/service/install/md/include/md/msg/md_robot_msg2.h
-- Installing: /home/hyoin/service/install/md/include/md/msg/md_robot_msg1.h
-- Installing: /home/hyoin/service/install/md/include/md/msg/detail
-- Installing: /home/hyoin/service/install/md/include/md/msg/detail/md_robot_msg2__functions.h
-- Installing: /home/hyoin/service/install/md/include/md/msg/detail/pose__functions.c
-- Installing: /home/hyoin/service/install/md/include/md/msg/detail/md_robot_msg1__struct.h
-- Installing: /home/hyoin/service/install/md/include/md/msg/detail/pose__functions.h
-- Installing: /home/hyoin/service/install/md/include/md/msg/detail/md_robot_msg2__type_support.h
-- Installing: /home/hyoin/service/install/md/include/md/msg/detail/md_robot_msg2__struct.h
-- Installing: /home/hyoin/service/install/md/include/md/msg/detail/pose__struct.h
-- Installing: /home/hyoin/service/install/md/include/md/msg/detail/md_robot_msg1__type_support.h
-- Installing: /home/hyoin/service/install/md/include/md/msg/detail/md_robot_msg1__functions.h
-- Installing: /home/hyoin/service/install/md/include/md/msg/detail/pose__type_support.h
-- Installing: /home/hyoin/service/install/md/include/md/msg/detail/md_robot_msg1__functions.c
-- Installing: /home/hyoin/service/install/md/include/md/msg/detail/md_robot_msg2__functions.c
-- Installing: /home/hyoin/service/install/md/share/md/environment/library_path.sh
-- Installing: /home/hyoin/service/install/md/share/md/environment/library_path.dsv
-- Installing: /home/hyoin/service/install/md/lib/libmd__rosidl_generator_c.so
-- Set runtime path of "/home/hyoin/service/install/md/lib/libmd__rosidl_generator_c.so" to ""
-- Up-to-date: /home/hyoin/service/install/md/include/md
-- Up-to-date: /home/hyoin/service/install/md/include/md/msg
-- Installing: /home/hyoin/service/install/md/include/md/msg/rosidl_typesupport_fastrtps_c__visibility_control.h
-- Up-to-date: /home/hyoin/service/install/md/include/md/msg/detail
-- Installing: /home/hyoin/service/install/md/include/md/msg/detail/md_robot_msg2__rosidl_typesupport_fastrtps_c.h
-- Installing: /home/hyoin/service/install/md/include/md/msg/detail/md_robot_msg1__rosidl_typesupport_fastrtps_c.h
-- Installing: /home/hyoin/service/install/md/include/md/msg/detail/pose__rosidl_typesupport_fastrtps_c.h
-- Installing: /home/hyoin/service/install/md/lib/libmd__rosidl_typesupport_fastrtps_c.so
-- Set runtime path of "/home/hyoin/service/install/md/lib/libmd__rosidl_typesupport_fastrtps_c.so" to ""
-- Up-to-date: /home/hyoin/service/install/md/include/md
-- Up-to-date: /home/hyoin/service/install/md/include/md/msg
-- Installing: /home/hyoin/service/install/md/include/md/msg/rosidl_typesupport_fastrtps_cpp__visibility_control.h
-- Up-to-date: /home/hyoin/service/install/md/include/md/msg/detail
-- Installing: /home/hyoin/service/install/md/include/md/msg/detail/md_robot_msg1__rosidl_typesupport_fastrtps_cpp.hpp
-- Installing: /home/hyoin/service/install/md/include/md/msg/detail/md_robot_msg2__rosidl_typesupport_fastrtps_cpp.hpp
-- Installing: /home/hyoin/service/install/md/include/md/msg/detail/pose__rosidl_typesupport_fastrtps_cpp.hpp
-- Installing: /home/hyoin/service/install/md/include/md/msg/detail/dds_fastrtps
-- Installing: /home/hyoin/service/install/md/lib/libmd__rosidl_typesupport_fastrtps_cpp.so
-- Set runtime path of "/home/hyoin/service/install/md/lib/libmd__rosidl_typesupport_fastrtps_cpp.so" to ""
-- Up-to-date: /home/hyoin/service/install/md/include/md
-- Up-to-date: /home/hyoin/service/install/md/include/md/msg
-- Installing: /home/hyoin/service/install/md/include/md/msg/rosidl_typesupport_introspection_c__visibility_control.h
-- Up-to-date: /home/hyoin/service/install/md/include/md/msg/detail
-- Installing: /home/hyoin/service/install/md/include/md/msg/detail/pose__type_support.c
-- Installing: /home/hyoin/service/install/md/include/md/msg/detail/md_robot_msg1__rosidl_typesupport_introspection_c.h
-- Installing: /home/hyoin/service/install/md/include/md/msg/detail/md_robot_msg1__type_support.c
-- Installing: /home/hyoin/service/install/md/include/md/msg/detail/md_robot_msg2__type_support.c
-- Installing: /home/hyoin/service/install/md/include/md/msg/detail/pose__rosidl_typesupport_introspection_c.h
-- Installing: /home/hyoin/service/install/md/include/md/msg/detail/md_robot_msg2__rosidl_typesupport_introspection_c.h
-- Installing: /home/hyoin/service/install/md/lib/libmd__rosidl_typesupport_introspection_c.so
-- Set runtime path of "/home/hyoin/service/install/md/lib/libmd__rosidl_typesupport_introspection_c.so" to ""
-- Installing: /home/hyoin/service/install/md/lib/libmd__rosidl_typesupport_c.so
-- Set runtime path of "/home/hyoin/service/install/md/lib/libmd__rosidl_typesupport_c.so" to ""
-- Up-to-date: /home/hyoin/service/install/md/include/md
-- Up-to-date: /home/hyoin/service/install/md/include/md/msg
-- Installing: /home/hyoin/service/install/md/include/md/msg/rosidl_generator_cpp__visibility_control.hpp
-- Installing: /home/hyoin/service/install/md/include/md/msg/md_robot_msg1.hpp
-- Installing: /home/hyoin/service/install/md/include/md/msg/pose.hpp
-- Installing: /home/hyoin/service/install/md/include/md/msg/md_robot_msg2.hpp
-- Up-to-date: /home/hyoin/service/install/md/include/md/msg/detail
-- Installing: /home/hyoin/service/install/md/include/md/msg/detail/md_robot_msg1__builder.hpp
-- Installing: /home/hyoin/service/install/md/include/md/msg/detail/pose__builder.hpp
-- Installing: /home/hyoin/service/install/md/include/md/msg/detail/md_robot_msg1__type_support.hpp
-- Installing: /home/hyoin/service/install/md/include/md/msg/detail/pose__traits.hpp
-- Installing: /home/hyoin/service/install/md/include/md/msg/detail/md_robot_msg2__builder.hpp
-- Installing: /home/hyoin/service/install/md/include/md/msg/detail/md_robot_msg1__traits.hpp
-- Installing: /home/hyoin/service/install/md/include/md/msg/detail/md_robot_msg1__struct.hpp
-- Installing: /home/hyoin/service/install/md/include/md/msg/detail/md_robot_msg2__traits.hpp
-- Installing: /home/hyoin/service/install/md/include/md/msg/detail/pose__struct.hpp
-- Installing: /home/hyoin/service/install/md/include/md/msg/detail/md_robot_msg2__type_support.hpp
-- Installing: /home/hyoin/service/install/md/include/md/msg/detail/pose__type_support.hpp
-- Installing: /home/hyoin/service/install/md/include/md/msg/detail/md_robot_msg2__struct.hpp
-- Up-to-date: /home/hyoin/service/install/md/include/md
-- Up-to-date: /home/hyoin/service/install/md/include/md/msg
-- Up-to-date: /home/hyoin/service/install/md/include/md/msg/detail
-- Installing: /home/hyoin/service/install/md/include/md/msg/detail/pose__rosidl_typesupport_introspection_cpp.hpp
-- Installing: /home/hyoin/service/install/md/include/md/msg/detail/pose__type_support.cpp
-- Installing: /home/hyoin/service/install/md/include/md/msg/detail/md_robot_msg1__rosidl_typesupport_introspection_cpp.hpp
-- Installing: /home/hyoin/service/install/md/include/md/msg/detail/md_robot_msg2__rosidl_typesupport_introspection_cpp.hpp
-- Installing: /home/hyoin/service/install/md/include/md/msg/detail/md_robot_msg2__type_support.cpp
-- Installing: /home/hyoin/service/install/md/include/md/msg/detail/md_robot_msg1__type_support.cpp
-- Installing: /home/hyoin/service/install/md/lib/libmd__rosidl_typesupport_introspection_cpp.so
-- Set runtime path of "/home/hyoin/service/install/md/lib/libmd__rosidl_typesupport_introspection_cpp.so" to ""
-- Installing: /home/hyoin/service/install/md/lib/libmd__rosidl_typesupport_cpp.so
-- Set runtime path of "/home/hyoin/service/install/md/lib/libmd__rosidl_typesupport_cpp.so" to ""
-- Installing: /home/hyoin/service/install/md/share/md/environment/pythonpath.sh
-- Installing: /home/hyoin/service/install/md/share/md/environment/pythonpath.dsv
-- Installing: /home/hyoin/service/install/md/lib/python3.8/site-packages/md/__init__.py
Compiling '/home/hyoin/service/install/md/lib/python3.8/site-packages/md/__init__.py'...
-- Installing: /home/hyoin/service/install/md/lib/python3.8/site-packages/md/msg
-- Installing: /home/hyoin/service/install/md/lib/python3.8/site-packages/md/msg/_md_robot_msg2.py
-- Installing: /home/hyoin/service/install/md/lib/python3.8/site-packages/md/msg/_md_robot_msg1.py
-- Installing: /home/hyoin/service/install/md/lib/python3.8/site-packages/md/msg/_pose.py
-- Installing: /home/hyoin/service/install/md/lib/python3.8/site-packages/md/msg/_md_robot_msg1_s.c
-- Installing: /home/hyoin/service/install/md/lib/python3.8/site-packages/md/msg/__init__.py
-- Installing: /home/hyoin/service/install/md/lib/python3.8/site-packages/md/msg/_pose_s.c
-- Installing: /home/hyoin/service/install/md/lib/python3.8/site-packages/md/msg/_md_robot_msg2_s.c
-- Installing: /home/hyoin/service/install/md/lib/python3.8/site-packages/md/md_s__rosidl_typesupport_fastrtps_c.cpython-38-x86_64-linux-gnu.so
-- Set runtime path of "/home/hyoin/service/install/md/lib/python3.8/site-packages/md/md_s__rosidl_typesupport_fastrtps_c.cpython-38-x86_64-linux-gnu.so" to ""
-- Installing: /home/hyoin/service/install/md/lib/python3.8/site-packages/md/md_s__rosidl_typesupport_introspection_c.cpython-38-x86_64-linux-gnu.so
-- Set runtime path of "/home/hyoin/service/install/md/lib/python3.8/site-packages/md/md_s__rosidl_typesupport_introspection_c.cpython-38-x86_64-linux-gnu.so" to ""
-- Installing: /home/hyoin/service/install/md/lib/python3.8/site-packages/md/md_s__rosidl_typesupport_c.cpython-38-x86_64-linux-gnu.so
-- Set runtime path of "/home/hyoin/service/install/md/lib/python3.8/site-packages/md/md_s__rosidl_typesupport_c.cpython-38-x86_64-linux-gnu.so" to ""
-- Installing: /home/hyoin/service/install/md/lib/libmd__python.so
-- Set runtime path of "/home/hyoin/service/install/md/lib/libmd__python.so" to ""
-- Installing: /home/hyoin/service/install/md/share/md/msg/MdRobotMsg1.idl
-- Installing: /home/hyoin/service/install/md/share/md/msg/MdRobotMsg2.idl
-- Installing: /home/hyoin/service/install/md/share/md/msg/Pose.idl
-- Installing: /home/hyoin/service/install/md/share/md/msg/MdRobotMsg1.msg
-- Installing: /home/hyoin/service/install/md/share/md/msg/MdRobotMsg2.msg
-- Installing: /home/hyoin/service/install/md/share/md/msg/Pose.msg
-- Installing: /home/hyoin/service/install/md/lib/md_robot_node
-- Set runtime path of "/home/hyoin/service/install/md/lib/md_robot_node" to ""
-- Up-to-date: /home/hyoin/service/install/md/include/
-- Installing: /home/hyoin/service/install/md/include//md_robot_node
-- Installing: /home/hyoin/service/install/md/include//md_robot_node/robot.hpp
-- Installing: /home/hyoin/service/install/md/include//md_robot_node/com.hpp
-- Installing: /home/hyoin/service/install/md/include//md_robot_node/main.hpp
-- Installing: /home/hyoin/service/install/md/include//md_robot_node/global.hpp
-- Installing: /home/hyoin/service/install/md/share/md/launch
-- Installing: /home/hyoin/service/install/md/share/md/launch/md_robot_node.launch.py
-- Installing: /home/hyoin/service/install/md/share/md/launch/md_robot_node_use_MDUI.launch.py
-- Installing: /home/hyoin/service/install/md/share/ament_index/resource_index/package_run_dependencies/md
-- Installing: /home/hyoin/service/install/md/share/ament_index/resource_index/parent_prefix_path/md
-- Installing: /home/hyoin/service/install/md/share/md/environment/ament_prefix_path.sh
-- Installing: /home/hyoin/service/install/md/share/md/environment/ament_prefix_path.dsv
-- Installing: /home/hyoin/service/install/md/share/md/environment/path.sh
-- Installing: /home/hyoin/service/install/md/share/md/environment/path.dsv
-- Installing: /home/hyoin/service/install/md/share/md/local_setup.bash
-- Installing: /home/hyoin/service/install/md/share/md/local_setup.sh
-- Installing: /home/hyoin/service/install/md/share/md/local_setup.zsh
-- Installing: /home/hyoin/service/install/md/share/md/local_setup.dsv
-- Installing: /home/hyoin/service/install/md/share/md/package.dsv
-- Installing: /home/hyoin/service/install/md/share/ament_index/resource_index/packages/md
-- Installing: /home/hyoin/service/install/md/share/md/cmake/md__rosidl_generator_cExport.cmake
-- Installing: /home/hyoin/service/install/md/share/md/cmake/md__rosidl_generator_cExport-noconfig.cmake
-- Installing: /home/hyoin/service/install/md/share/md/cmake/md__rosidl_typesupport_introspection_cExport.cmake
-- Installing: /home/hyoin/service/install/md/share/md/cmake/md__rosidl_typesupport_introspection_cExport-noconfig.cmake
-- Installing: /home/hyoin/service/install/md/share/md/cmake/md__rosidl_typesupport_cExport.cmake
-- Installing: /home/hyoin/service/install/md/share/md/cmake/md__rosidl_typesupport_cExport-noconfig.cmake
-- Installing: /home/hyoin/service/install/md/share/md/cmake/md__rosidl_generator_cppExport.cmake
-- Installing: /home/hyoin/service/install/md/share/md/cmake/md__rosidl_typesupport_introspection_cppExport.cmake
-- Installing: /home/hyoin/service/install/md/share/md/cmake/md__rosidl_typesupport_introspection_cppExport-noconfig.cmake
-- Installing: /home/hyoin/service/install/md/share/md/cmake/md__rosidl_typesupport_cppExport.cmake
-- Installing: /home/hyoin/service/install/md/share/md/cmake/md__rosidl_typesupport_cppExport-noconfig.cmake
-- Installing: /home/hyoin/service/install/md/share/md/cmake/rosidl_cmake-extras.cmake
-- Installing: /home/hyoin/service/install/md/share/md/cmake/ament_cmake_export_dependencies-extras.cmake
-- Installing: /home/hyoin/service/install/md/share/md/cmake/ament_cmake_export_libraries-extras.cmake
-- Installing: /home/hyoin/service/install/md/share/md/cmake/ament_cmake_export_targets-extras.cmake
-- Installing: /home/hyoin/service/install/md/share/md/cmake/ament_cmake_export_include_directories-extras.cmake
-- Installing: /home/hyoin/service/install/md/share/md/cmake/rosidl_cmake_export_typesupport_libraries-extras.cmake
-- Installing: /home/hyoin/service/install/md/share/md/cmake/rosidl_cmake_export_typesupport_targets-extras.cmake
-- Installing: /home/hyoin/service/install/md/share/md/cmake/mdConfig.cmake
-- Installing: /home/hyoin/service/install/md/share/md/cmake/mdConfig-version.cmake
-- Installing: /home/hyoin/service/install/md/share/md/package.xml
