[0.010s] Invoking command in '/home/hyoin/service/build/md': CMAKE_PREFIX_PATH=/home/hyoin/service/install/turtlebot3_teleop:/home/hyoin/service/install/turtlebot3_example:/opt/ros/foxy:/home/hyoin/service/install/serial:/home/hyoin/service/install/turtlebot3:/home/hyoin/service/install/turtlebot3_bringup:/home/hyoin/service/install/turtlebot3_node:/home/hyoin/service/install/turtlebot3_navigation2:/home/hyoin/service/install/turtlebot3_msgs:/home/hyoin/service/install/turtlebot3_description:/home/hyoin/service/install/turtlebot3_cartographer:/home/hyoin/service/install/md:/home/hyoin/service/install/dynamixel_sdk_examples:/home/hyoin/service/install/dynamixel_sdk_custom_interfaces:/home/hyoin/service/install/dynamixel_sdk PKG_CONFIG_PATH=/home/hyoin/service/install/serial/lib/x86_64-linux-gnu/pkgconfig:/home/hyoin/service/install/serial/lib/pkgconfig ROS_PACKAGE_PATH=/home/hyoin/service/install/serial/share /usr/bin/cmake /home/hyoin/service/src/md -DCMAKE_INSTALL_PREFIX=/home/hyoin/service/install/md
[0.049s] -- The C compiler identification is GNU 9.4.0
[0.087s] -- The CXX compiler identification is GNU 9.4.0
[0.090s] -- Check for working C compiler: /usr/bin/cc
[0.138s] -- Check for working C compiler: /usr/bin/cc -- works
[0.139s] -- Detecting C compiler ABI info
[0.190s] -- Detecting C compiler ABI info - done
[0.196s] -- Detecting C compile features
[0.196s] -- Detecting C compile features - done
[0.198s] -- Check for working CXX compiler: /usr/bin/c++
[0.252s] -- Check for working CXX compiler: /usr/bin/c++ -- works
[0.253s] -- Detecting CXX compiler ABI info
[0.319s] -- Detecting CXX compiler ABI info - done
[0.327s] -- Detecting CXX compile features
[0.327s] -- Detecting CXX compile features - done
[0.329s] -- Found ament_cmake: 0.9.12 (/opt/ros/foxy/share/ament_cmake/cmake)
[0.345s] -- Found PythonInterp: /usr/bin/python3 (found suitable version "3.8.10", minimum required is "3") 
[0.345s] -- Using PYTHON_EXECUTABLE: /usr/bin/python3
[0.456s] -- Found rclcpp: 2.4.3 (/opt/ros/foxy/share/rclcpp/cmake)
[0.484s] -- Using all available rosidl_typesupport_c: rosidl_typesupport_fastrtps_c;rosidl_typesupport_introspection_c
[0.488s] -- Found rosidl_adapter: 1.3.1 (/opt/ros/foxy/share/rosidl_adapter/cmake)
[0.537s] -- Found OpenSSL: /usr/lib/x86_64-linux-gnu/libcrypto.so (found version "1.1.1f")  
[0.558s] -- Found FastRTPS: /opt/ros/foxy/include  
[0.608s] -- Using all available rosidl_typesupport_cpp: rosidl_typesupport_fastrtps_cpp;rosidl_typesupport_introspection_cpp
[0.644s] -- Found rmw_implementation_cmake: 1.0.4 (/opt/ros/foxy/share/rmw_implementation_cmake/cmake)
[0.645s] -- Using RMW implementation 'rmw_fastrtps_cpp' as default
[0.646s] -- Looking for pthread.h
[0.705s] -- Looking for pthread.h - found
[0.705s] -- Performing Test CMAKE_HAVE_LIBC_PTHREAD
[0.756s] -- Performing Test CMAKE_HAVE_LIBC_PTHREAD - Failed
[0.756s] -- Looking for pthread_create in pthreads
[0.796s] -- Looking for pthread_create in pthreads - not found
[0.796s] -- Looking for pthread_create in pthread
[0.845s] -- Looking for pthread_create in pthread - found
[0.846s] -- Found Threads: TRUE  
[0.941s] -- Found rclcpp_components: 2.4.3 (/opt/ros/foxy/share/rclcpp_components/cmake)
[0.979s] -- Found geometry_msgs: 2.0.5 (/opt/ros/foxy/share/geometry_msgs/cmake)
[1.000s] -- Found sensor_msgs: 2.0.5 (/opt/ros/foxy/share/sensor_msgs/cmake)
[1.046s] -- Found nav_msgs: 2.0.5 (/opt/ros/foxy/share/nav_msgs/cmake)
[1.091s] -- Found serial: 1.2.1 (/home/hyoin/service/install/serial/share/serial/cmake)
[1.093s] -- Found rosidl_default_generators: 1.0.1 (/opt/ros/foxy/share/rosidl_default_generators/cmake)
[1.115s] -- Found PythonInterp: /usr/bin/python3 (found version "3.8.10") 
[1.235s] -- Found ament_cmake_ros: 0.9.2 (/opt/ros/foxy/share/ament_cmake_ros/cmake)
[1.385s] -- Using all available rosidl_typesupport_c: rosidl_typesupport_fastrtps_c;rosidl_typesupport_introspection_c
[1.452s] -- Using all available rosidl_typesupport_cpp: rosidl_typesupport_fastrtps_cpp;rosidl_typesupport_introspection_cpp
[1.469s] -- Found PythonInterp: /usr/bin/python3 (found suitable version "3.8.10", minimum required is "3.5") 
[1.470s] -- Found python_cmake_module: 0.8.1 (/opt/ros/foxy/share/python_cmake_module/cmake)
[1.487s] -- Found PythonLibs: /usr/lib/x86_64-linux-gnu/libpython3.8.so (found suitable version "3.8.10", minimum required is "3.5") 
[1.487s] -- Using PYTHON_EXECUTABLE: /usr/bin/python3
[1.487s] -- Using PYTHON_INCLUDE_DIRS: /usr/include/python3.8
[1.487s] -- Using PYTHON_LIBRARIES: /usr/lib/x86_64-linux-gnu/libpython3.8.so
[1.501s] -- Found PythonExtra: .so  
[1.563s] -- Configuring done
[1.599s] -- Generating done
[1.613s] -- Build files have been written to: /home/hyoin/service/build/md
[1.621s] Invoked command in '/home/hyoin/service/build/md' returned '0': CMAKE_PREFIX_PATH=/home/hyoin/service/install/turtlebot3_teleop:/home/hyoin/service/install/turtlebot3_example:/opt/ros/foxy:/home/hyoin/service/install/serial:/home/hyoin/service/install/turtlebot3:/home/hyoin/service/install/turtlebot3_bringup:/home/hyoin/service/install/turtlebot3_node:/home/hyoin/service/install/turtlebot3_navigation2:/home/hyoin/service/install/turtlebot3_msgs:/home/hyoin/service/install/turtlebot3_description:/home/hyoin/service/install/turtlebot3_cartographer:/home/hyoin/service/install/md:/home/hyoin/service/install/dynamixel_sdk_examples:/home/hyoin/service/install/dynamixel_sdk_custom_interfaces:/home/hyoin/service/install/dynamixel_sdk PKG_CONFIG_PATH=/home/hyoin/service/install/serial/lib/x86_64-linux-gnu/pkgconfig:/home/hyoin/service/install/serial/lib/pkgconfig ROS_PACKAGE_PATH=/home/hyoin/service/install/serial/share /usr/bin/cmake /home/hyoin/service/src/md -DCMAKE_INSTALL_PREFIX=/home/hyoin/service/install/md
[1.622s] Invoking command in '/home/hyoin/service/build/md': CMAKE_PREFIX_PATH=/home/hyoin/service/install/turtlebot3_teleop:/home/hyoin/service/install/turtlebot3_example:/opt/ros/foxy:/home/hyoin/service/install/serial:/home/hyoin/service/install/turtlebot3:/home/hyoin/service/install/turtlebot3_bringup:/home/hyoin/service/install/turtlebot3_node:/home/hyoin/service/install/turtlebot3_navigation2:/home/hyoin/service/install/turtlebot3_msgs:/home/hyoin/service/install/turtlebot3_description:/home/hyoin/service/install/turtlebot3_cartographer:/home/hyoin/service/install/md:/home/hyoin/service/install/dynamixel_sdk_examples:/home/hyoin/service/install/dynamixel_sdk_custom_interfaces:/home/hyoin/service/install/dynamixel_sdk PKG_CONFIG_PATH=/home/hyoin/service/install/serial/lib/x86_64-linux-gnu/pkgconfig:/home/hyoin/service/install/serial/lib/pkgconfig ROS_PACKAGE_PATH=/home/hyoin/service/install/serial/share /usr/bin/cmake --build /home/hyoin/service/build/md -- -j8 -l8
[1.650s] [35m[1mScanning dependencies of target md__cpp[0m
[1.650s] [35m[1mScanning dependencies of target md__rosidl_generator_c[0m
[1.657s] [  1%] Built target md__cpp
[1.658s] [ 11%] Built target md__rosidl_generator_c
[1.665s] [35m[1mScanning dependencies of target md__rosidl_typesupport_cpp[0m
[1.665s] [35m[1mScanning dependencies of target md__rosidl_typesupport_introspection_cpp[0m
[1.665s] [35m[1mScanning dependencies of target md__rosidl_typesupport_c[0m
[1.667s] [35m[1mScanning dependencies of target md__rosidl_typesupport_fastrtps_cpp[0m
[1.668s] [35m[1mScanning dependencies of target md__rosidl_typesupport_introspection_c[0m
[1.674s] [ 31%] Built target md__rosidl_typesupport_cpp
[1.674s] [ 31%] Built target md__rosidl_typesupport_introspection_cpp
[1.674s] [ 41%] Built target md__rosidl_typesupport_c
[1.679s] [ 50%] Built target md__rosidl_typesupport_introspection_c
[1.681s] [ 52%] [32m[1mLinking CXX shared library libmd__rosidl_typesupport_fastrtps_cpp.so[0m
[1.682s] [35m[1mScanning dependencies of target md_robot_node[0m
[1.712s] [ 56%] [32mBuilding CXX object CMakeFiles/md_robot_node.dir/src/md_robot_node/main.cpp.o[0m
[1.712s] [ 56%] [32mBuilding CXX object CMakeFiles/md_robot_node.dir/src/md_robot_node/com.cpp.o[0m
[1.716s] [ 58%] [32mBuilding CXX object CMakeFiles/md_robot_node.dir/src/md_robot_node/robot.cpp.o[0m
[1.744s] [ 66%] Built target md__rosidl_typesupport_fastrtps_cpp
[1.752s] [35m[1mScanning dependencies of target md__rosidl_typesupport_fastrtps_c[0m
[1.765s] [ 68%] [32m[1mLinking CXX shared library libmd__rosidl_typesupport_fastrtps_c.so[0m
[1.828s] [ 76%] Built target md__rosidl_typesupport_fastrtps_c
[1.835s] [35m[1mScanning dependencies of target md[0m
[1.843s] [ 76%] Built target md
[1.858s] [ 78%] Built target md__py
[1.866s] [35m[1mScanning dependencies of target md__python[0m
[1.881s] [ 80%] [32m[1mLinking C shared library rosidl_generator_py/md/libmd__python.so[0m
[1.912s] [ 86%] Built target md__python
[1.920s] [35m[1mScanning dependencies of target md__rosidl_typesupport_c__pyext[0m
[1.923s] [35m[1mScanning dependencies of target md__rosidl_typesupport_introspection_c__pyext[0m
[1.923s] [35m[1mScanning dependencies of target md__rosidl_typesupport_fastrtps_c__pyext[0m
[1.934s] [ 88%] [32m[1mLinking C shared library rosidl_generator_py/md/md_s__rosidl_typesupport_c.cpython-38-x86_64-linux-gnu.so[0m
[1.942s] [ 90%] [32m[1mLinking C shared library rosidl_generator_py/md/md_s__rosidl_typesupport_introspection_c.cpython-38-x86_64-linux-gnu.so[0m
[1.942s] [ 92%] [32m[1mLinking CXX shared library rosidl_generator_py/md/md_s__rosidl_typesupport_fastrtps_c.cpython-38-x86_64-linux-gnu.so[0m
[1.974s] [ 94%] Built target md__rosidl_typesupport_c__pyext
[1.982s] [ 96%] Built target md__rosidl_typesupport_introspection_c__pyext
[1.997s] [ 98%] Built target md__rosidl_typesupport_fastrtps_c__pyext
[6.676s] [100%] [32m[1mLinking CXX executable md_robot_node[0m
[6.902s] [100%] Built target md_robot_node
[6.912s] Invoked command in '/home/hyoin/service/build/md' returned '0': CMAKE_PREFIX_PATH=/home/hyoin/service/install/turtlebot3_teleop:/home/hyoin/service/install/turtlebot3_example:/opt/ros/foxy:/home/hyoin/service/install/serial:/home/hyoin/service/install/turtlebot3:/home/hyoin/service/install/turtlebot3_bringup:/home/hyoin/service/install/turtlebot3_node:/home/hyoin/service/install/turtlebot3_navigation2:/home/hyoin/service/install/turtlebot3_msgs:/home/hyoin/service/install/turtlebot3_description:/home/hyoin/service/install/turtlebot3_cartographer:/home/hyoin/service/install/md:/home/hyoin/service/install/dynamixel_sdk_examples:/home/hyoin/service/install/dynamixel_sdk_custom_interfaces:/home/hyoin/service/install/dynamixel_sdk PKG_CONFIG_PATH=/home/hyoin/service/install/serial/lib/x86_64-linux-gnu/pkgconfig:/home/hyoin/service/install/serial/lib/pkgconfig ROS_PACKAGE_PATH=/home/hyoin/service/install/serial/share /usr/bin/cmake --build /home/hyoin/service/build/md -- -j8 -l8
[6.923s] Invoking command in '/home/hyoin/service/build/md': CMAKE_PREFIX_PATH=/home/hyoin/service/install/turtlebot3_teleop:/home/hyoin/service/install/turtlebot3_example:/opt/ros/foxy:/home/hyoin/service/install/serial:/home/hyoin/service/install/turtlebot3:/home/hyoin/service/install/turtlebot3_bringup:/home/hyoin/service/install/turtlebot3_node:/home/hyoin/service/install/turtlebot3_navigation2:/home/hyoin/service/install/turtlebot3_msgs:/home/hyoin/service/install/turtlebot3_description:/home/hyoin/service/install/turtlebot3_cartographer:/home/hyoin/service/install/md:/home/hyoin/service/install/dynamixel_sdk_examples:/home/hyoin/service/install/dynamixel_sdk_custom_interfaces:/home/hyoin/service/install/dynamixel_sdk PKG_CONFIG_PATH=/home/hyoin/service/install/serial/lib/x86_64-linux-gnu/pkgconfig:/home/hyoin/service/install/serial/lib/pkgconfig ROS_PACKAGE_PATH=/home/hyoin/service/install/serial/share /usr/bin/cmake --install /home/hyoin/service/build/md
[6.929s] -- Install configuration: ""
[6.929s] -- Installing: /home/hyoin/service/install/md/share/ament_index/resource_index/rosidl_interfaces/md
[6.929s] -- Installing: /home/hyoin/service/install/md/include/md
[6.929s] -- Installing: /home/hyoin/service/install/md/include/md/msg
[6.929s] -- Installing: /home/hyoin/service/install/md/include/md/msg/pose.h
[6.930s] -- Installing: /home/hyoin/service/install/md/include/md/msg/rosidl_generator_c__visibility_control.h
[6.930s] -- Installing: /home/hyoin/service/install/md/include/md/msg/md_robot_msg2.h
[6.930s] -- Installing: /home/hyoin/service/install/md/include/md/msg/md_robot_msg1.h
[6.930s] -- Installing: /home/hyoin/service/install/md/include/md/msg/detail
[6.930s] -- Installing: /home/hyoin/service/install/md/include/md/msg/detail/md_robot_msg2__functions.h
[6.930s] -- Installing: /home/hyoin/service/install/md/include/md/msg/detail/pose__functions.c
[6.930s] -- Installing: /home/hyoin/service/install/md/include/md/msg/detail/md_robot_msg1__struct.h
[6.930s] -- Installing: /home/hyoin/service/install/md/include/md/msg/detail/pose__functions.h
[6.930s] -- Installing: /home/hyoin/service/install/md/include/md/msg/detail/md_robot_msg2__type_support.h
[6.930s] -- Installing: /home/hyoin/service/install/md/include/md/msg/detail/md_robot_msg2__struct.h
[6.930s] -- Installing: /home/hyoin/service/install/md/include/md/msg/detail/pose__struct.h
[6.930s] -- Installing: /home/hyoin/service/install/md/include/md/msg/detail/md_robot_msg1__type_support.h
[6.930s] -- Installing: /home/hyoin/service/install/md/include/md/msg/detail/md_robot_msg1__functions.h
[6.930s] -- Installing: /home/hyoin/service/install/md/include/md/msg/detail/pose__type_support.h
[6.930s] -- Installing: /home/hyoin/service/install/md/include/md/msg/detail/md_robot_msg1__functions.c
[6.930s] -- Installing: /home/hyoin/service/install/md/include/md/msg/detail/md_robot_msg2__functions.c
[6.930s] -- Installing: /home/hyoin/service/install/md/share/md/environment/library_path.sh
[6.930s] -- Installing: /home/hyoin/service/install/md/share/md/environment/library_path.dsv
[6.930s] -- Installing: /home/hyoin/service/install/md/lib/libmd__rosidl_generator_c.so
[6.930s] -- Set runtime path of "/home/hyoin/service/install/md/lib/libmd__rosidl_generator_c.so" to ""
[6.930s] -- Up-to-date: /home/hyoin/service/install/md/include/md
[6.930s] -- Up-to-date: /home/hyoin/service/install/md/include/md/msg
[6.930s] -- Installing: /home/hyoin/service/install/md/include/md/msg/rosidl_typesupport_fastrtps_c__visibility_control.h
[6.930s] -- Up-to-date: /home/hyoin/service/install/md/include/md/msg/detail
[6.931s] -- Installing: /home/hyoin/service/install/md/include/md/msg/detail/md_robot_msg2__rosidl_typesupport_fastrtps_c.h
[6.931s] -- Installing: /home/hyoin/service/install/md/include/md/msg/detail/md_robot_msg1__rosidl_typesupport_fastrtps_c.h
[6.931s] -- Installing: /home/hyoin/service/install/md/include/md/msg/detail/pose__rosidl_typesupport_fastrtps_c.h
[6.931s] -- Installing: /home/hyoin/service/install/md/lib/libmd__rosidl_typesupport_fastrtps_c.so
[6.931s] -- Set runtime path of "/home/hyoin/service/install/md/lib/libmd__rosidl_typesupport_fastrtps_c.so" to ""
[6.931s] -- Up-to-date: /home/hyoin/service/install/md/include/md
[6.931s] -- Up-to-date: /home/hyoin/service/install/md/include/md/msg
[6.931s] -- Installing: /home/hyoin/service/install/md/include/md/msg/rosidl_typesupport_fastrtps_cpp__visibility_control.h
[6.931s] -- Up-to-date: /home/hyoin/service/install/md/include/md/msg/detail
[6.931s] -- Installing: /home/hyoin/service/install/md/include/md/msg/detail/md_robot_msg1__rosidl_typesupport_fastrtps_cpp.hpp
[6.931s] -- Installing: /home/hyoin/service/install/md/include/md/msg/detail/md_robot_msg2__rosidl_typesupport_fastrtps_cpp.hpp
[6.931s] -- Installing: /home/hyoin/service/install/md/include/md/msg/detail/pose__rosidl_typesupport_fastrtps_cpp.hpp
[6.931s] -- Installing: /home/hyoin/service/install/md/include/md/msg/detail/dds_fastrtps
[6.931s] -- Installing: /home/hyoin/service/install/md/lib/libmd__rosidl_typesupport_fastrtps_cpp.so
[6.931s] -- Set runtime path of "/home/hyoin/service/install/md/lib/libmd__rosidl_typesupport_fastrtps_cpp.so" to ""
[6.931s] -- Up-to-date: /home/hyoin/service/install/md/include/md
[6.931s] -- Up-to-date: /home/hyoin/service/install/md/include/md/msg
[6.931s] -- Installing: /home/hyoin/service/install/md/include/md/msg/rosidl_typesupport_introspection_c__visibility_control.h
[6.931s] -- Up-to-date: /home/hyoin/service/install/md/include/md/msg/detail
[6.931s] -- Installing: /home/hyoin/service/install/md/include/md/msg/detail/pose__type_support.c
[6.931s] -- Installing: /home/hyoin/service/install/md/include/md/msg/detail/md_robot_msg1__rosidl_typesupport_introspection_c.h
[6.932s] -- Installing: /home/hyoin/service/install/md/include/md/msg/detail/md_robot_msg1__type_support.c
[6.932s] -- Installing: /home/hyoin/service/install/md/include/md/msg/detail/md_robot_msg2__type_support.c
[6.932s] -- Installing: /home/hyoin/service/install/md/include/md/msg/detail/pose__rosidl_typesupport_introspection_c.h
[6.932s] -- Installing: /home/hyoin/service/install/md/include/md/msg/detail/md_robot_msg2__rosidl_typesupport_introspection_c.h
[6.932s] -- Installing: /home/hyoin/service/install/md/lib/libmd__rosidl_typesupport_introspection_c.so
[6.932s] -- Set runtime path of "/home/hyoin/service/install/md/lib/libmd__rosidl_typesupport_introspection_c.so" to ""
[6.932s] -- Installing: /home/hyoin/service/install/md/lib/libmd__rosidl_typesupport_c.so
[6.932s] -- Set runtime path of "/home/hyoin/service/install/md/lib/libmd__rosidl_typesupport_c.so" to ""
[6.932s] -- Up-to-date: /home/hyoin/service/install/md/include/md
[6.932s] -- Up-to-date: /home/hyoin/service/install/md/include/md/msg
[6.932s] -- Installing: /home/hyoin/service/install/md/include/md/msg/rosidl_generator_cpp__visibility_control.hpp
[6.932s] -- Installing: /home/hyoin/service/install/md/include/md/msg/md_robot_msg1.hpp
[6.932s] -- Installing: /home/hyoin/service/install/md/include/md/msg/pose.hpp
[6.932s] -- Installing: /home/hyoin/service/install/md/include/md/msg/md_robot_msg2.hpp
[6.932s] -- Up-to-date: /home/hyoin/service/install/md/include/md/msg/detail
[6.933s] -- Installing: /home/hyoin/service/install/md/include/md/msg/detail/md_robot_msg1__builder.hpp
[6.933s] -- Installing: /home/hyoin/service/install/md/include/md/msg/detail/pose__builder.hpp
[6.933s] -- Installing: /home/hyoin/service/install/md/include/md/msg/detail/md_robot_msg1__type_support.hpp
[6.933s] -- Installing: /home/hyoin/service/install/md/include/md/msg/detail/pose__traits.hpp
[6.933s] -- Installing: /home/hyoin/service/install/md/include/md/msg/detail/md_robot_msg2__builder.hpp
[6.933s] -- Installing: /home/hyoin/service/install/md/include/md/msg/detail/md_robot_msg1__traits.hpp
[6.933s] -- Installing: /home/hyoin/service/install/md/include/md/msg/detail/md_robot_msg1__struct.hpp
[6.933s] -- Installing: /home/hyoin/service/install/md/include/md/msg/detail/md_robot_msg2__traits.hpp
[6.933s] -- Installing: /home/hyoin/service/install/md/include/md/msg/detail/pose__struct.hpp
[6.933s] -- Installing: /home/hyoin/service/install/md/include/md/msg/detail/md_robot_msg2__type_support.hpp
[6.933s] -- Installing: /home/hyoin/service/install/md/include/md/msg/detail/pose__type_support.hpp
[6.933s] -- Installing: /home/hyoin/service/install/md/include/md/msg/detail/md_robot_msg2__struct.hpp
[6.933s] -- Up-to-date: /home/hyoin/service/install/md/include/md
[6.933s] -- Up-to-date: /home/hyoin/service/install/md/include/md/msg
[6.933s] -- Up-to-date: /home/hyoin/service/install/md/include/md/msg/detail
[6.933s] -- Installing: /home/hyoin/service/install/md/include/md/msg/detail/pose__rosidl_typesupport_introspection_cpp.hpp
[6.934s] -- Installing: /home/hyoin/service/install/md/include/md/msg/detail/pose__type_support.cpp
[6.934s] -- Installing: /home/hyoin/service/install/md/include/md/msg/detail/md_robot_msg1__rosidl_typesupport_introspection_cpp.hpp
[6.934s] -- Installing: /home/hyoin/service/install/md/include/md/msg/detail/md_robot_msg2__rosidl_typesupport_introspection_cpp.hpp
[6.934s] -- Installing: /home/hyoin/service/install/md/include/md/msg/detail/md_robot_msg2__type_support.cpp
[6.934s] -- Installing: /home/hyoin/service/install/md/include/md/msg/detail/md_robot_msg1__type_support.cpp
[6.934s] -- Installing: /home/hyoin/service/install/md/lib/libmd__rosidl_typesupport_introspection_cpp.so
[6.934s] -- Set runtime path of "/home/hyoin/service/install/md/lib/libmd__rosidl_typesupport_introspection_cpp.so" to ""
[6.934s] -- Installing: /home/hyoin/service/install/md/lib/libmd__rosidl_typesupport_cpp.so
[6.934s] -- Set runtime path of "/home/hyoin/service/install/md/lib/libmd__rosidl_typesupport_cpp.so" to ""
[6.934s] -- Installing: /home/hyoin/service/install/md/share/md/environment/pythonpath.sh
[6.934s] -- Installing: /home/hyoin/service/install/md/share/md/environment/pythonpath.dsv
[6.934s] -- Installing: /home/hyoin/service/install/md/lib/python3.8/site-packages/md/__init__.py
[6.953s] Compiling '/home/hyoin/service/install/md/lib/python3.8/site-packages/md/__init__.py'...
[6.955s] -- Installing: /home/hyoin/service/install/md/lib/python3.8/site-packages/md/msg
[6.955s] -- Installing: /home/hyoin/service/install/md/lib/python3.8/site-packages/md/msg/_md_robot_msg2.py
[6.955s] -- Installing: /home/hyoin/service/install/md/lib/python3.8/site-packages/md/msg/_md_robot_msg1.py
[6.956s] -- Installing: /home/hyoin/service/install/md/lib/python3.8/site-packages/md/msg/_pose.py
[6.956s] -- Installing: /home/hyoin/service/install/md/lib/python3.8/site-packages/md/msg/_md_robot_msg1_s.c
[6.956s] -- Installing: /home/hyoin/service/install/md/lib/python3.8/site-packages/md/msg/__init__.py
[6.956s] -- Installing: /home/hyoin/service/install/md/lib/python3.8/site-packages/md/msg/_pose_s.c
[6.956s] -- Installing: /home/hyoin/service/install/md/lib/python3.8/site-packages/md/msg/_md_robot_msg2_s.c
[6.956s] -- Installing: /home/hyoin/service/install/md/lib/python3.8/site-packages/md/md_s__rosidl_typesupport_fastrtps_c.cpython-38-x86_64-linux-gnu.so
[6.956s] -- Set runtime path of "/home/hyoin/service/install/md/lib/python3.8/site-packages/md/md_s__rosidl_typesupport_fastrtps_c.cpython-38-x86_64-linux-gnu.so" to ""
[6.956s] -- Installing: /home/hyoin/service/install/md/lib/python3.8/site-packages/md/md_s__rosidl_typesupport_introspection_c.cpython-38-x86_64-linux-gnu.so
[6.956s] -- Set runtime path of "/home/hyoin/service/install/md/lib/python3.8/site-packages/md/md_s__rosidl_typesupport_introspection_c.cpython-38-x86_64-linux-gnu.so" to ""
[6.957s] -- Installing: /home/hyoin/service/install/md/lib/python3.8/site-packages/md/md_s__rosidl_typesupport_c.cpython-38-x86_64-linux-gnu.so
[6.957s] -- Set runtime path of "/home/hyoin/service/install/md/lib/python3.8/site-packages/md/md_s__rosidl_typesupport_c.cpython-38-x86_64-linux-gnu.so" to ""
[6.957s] -- Installing: /home/hyoin/service/install/md/lib/libmd__python.so
[6.957s] -- Set runtime path of "/home/hyoin/service/install/md/lib/libmd__python.so" to ""
[6.957s] -- Installing: /home/hyoin/service/install/md/share/md/msg/MdRobotMsg1.idl
[6.957s] -- Installing: /home/hyoin/service/install/md/share/md/msg/MdRobotMsg2.idl
[6.957s] -- Installing: /home/hyoin/service/install/md/share/md/msg/Pose.idl
[6.957s] -- Installing: /home/hyoin/service/install/md/share/md/msg/MdRobotMsg1.msg
[6.958s] -- Installing: /home/hyoin/service/install/md/share/md/msg/MdRobotMsg2.msg
[6.958s] -- Installing: /home/hyoin/service/install/md/share/md/msg/Pose.msg
[6.958s] -- Installing: /home/hyoin/service/install/md/lib/md_robot_node
[6.959s] -- Set runtime path of "/home/hyoin/service/install/md/lib/md_robot_node" to ""
[6.959s] -- Up-to-date: /home/hyoin/service/install/md/include/
[6.960s] -- Installing: /home/hyoin/service/install/md/include//md_robot_node
[6.960s] -- Installing: /home/hyoin/service/install/md/include//md_robot_node/robot.hpp
[6.960s] -- Installing: /home/hyoin/service/install/md/include//md_robot_node/com.hpp
[6.960s] -- Installing: /home/hyoin/service/install/md/include//md_robot_node/main.hpp
[6.960s] -- Installing: /home/hyoin/service/install/md/include//md_robot_node/global.hpp
[6.960s] -- Installing: /home/hyoin/service/install/md/share/md/launch
[6.960s] -- Installing: /home/hyoin/service/install/md/share/md/launch/md_robot_node.launch.py
[6.960s] -- Installing: /home/hyoin/service/install/md/share/md/launch/md_robot_node_use_MDUI.launch.py
[6.960s] -- Installing: /home/hyoin/service/install/md/share/ament_index/resource_index/package_run_dependencies/md
[6.960s] -- Installing: /home/hyoin/service/install/md/share/ament_index/resource_index/parent_prefix_path/md
[6.960s] -- Installing: /home/hyoin/service/install/md/share/md/environment/ament_prefix_path.sh
[6.960s] -- Installing: /home/hyoin/service/install/md/share/md/environment/ament_prefix_path.dsv
[6.960s] -- Installing: /home/hyoin/service/install/md/share/md/environment/path.sh
[6.960s] -- Installing: /home/hyoin/service/install/md/share/md/environment/path.dsv
[6.961s] -- Installing: /home/hyoin/service/install/md/share/md/local_setup.bash
[6.961s] -- Installing: /home/hyoin/service/install/md/share/md/local_setup.sh
[6.961s] -- Installing: /home/hyoin/service/install/md/share/md/local_setup.zsh
[6.961s] -- Installing: /home/hyoin/service/install/md/share/md/local_setup.dsv
[6.961s] -- Installing: /home/hyoin/service/install/md/share/md/package.dsv
[6.961s] -- Installing: /home/hyoin/service/install/md/share/ament_index/resource_index/packages/md
[6.961s] -- Installing: /home/hyoin/service/install/md/share/md/cmake/md__rosidl_generator_cExport.cmake
[6.961s] -- Installing: /home/hyoin/service/install/md/share/md/cmake/md__rosidl_generator_cExport-noconfig.cmake
[6.961s] -- Installing: /home/hyoin/service/install/md/share/md/cmake/md__rosidl_typesupport_introspection_cExport.cmake
[6.961s] -- Installing: /home/hyoin/service/install/md/share/md/cmake/md__rosidl_typesupport_introspection_cExport-noconfig.cmake
[6.961s] -- Installing: /home/hyoin/service/install/md/share/md/cmake/md__rosidl_typesupport_cExport.cmake
[6.962s] -- Installing: /home/hyoin/service/install/md/share/md/cmake/md__rosidl_typesupport_cExport-noconfig.cmake
[6.962s] -- Installing: /home/hyoin/service/install/md/share/md/cmake/md__rosidl_generator_cppExport.cmake
[6.962s] -- Installing: /home/hyoin/service/install/md/share/md/cmake/md__rosidl_typesupport_introspection_cppExport.cmake
[6.962s] -- Installing: /home/hyoin/service/install/md/share/md/cmake/md__rosidl_typesupport_introspection_cppExport-noconfig.cmake
[6.962s] -- Installing: /home/hyoin/service/install/md/share/md/cmake/md__rosidl_typesupport_cppExport.cmake
[6.962s] -- Installing: /home/hyoin/service/install/md/share/md/cmake/md__rosidl_typesupport_cppExport-noconfig.cmake
[6.962s] -- Installing: /home/hyoin/service/install/md/share/md/cmake/rosidl_cmake-extras.cmake
[6.962s] -- Installing: /home/hyoin/service/install/md/share/md/cmake/ament_cmake_export_dependencies-extras.cmake
[6.962s] -- Installing: /home/hyoin/service/install/md/share/md/cmake/ament_cmake_export_libraries-extras.cmake
[6.962s] -- Installing: /home/hyoin/service/install/md/share/md/cmake/ament_cmake_export_targets-extras.cmake
[6.962s] -- Installing: /home/hyoin/service/install/md/share/md/cmake/ament_cmake_export_include_directories-extras.cmake
[6.963s] -- Installing: /home/hyoin/service/install/md/share/md/cmake/rosidl_cmake_export_typesupport_libraries-extras.cmake
[6.963s] -- Installing: /home/hyoin/service/install/md/share/md/cmake/rosidl_cmake_export_typesupport_targets-extras.cmake
[6.963s] -- Installing: /home/hyoin/service/install/md/share/md/cmake/mdConfig.cmake
[6.963s] -- Installing: /home/hyoin/service/install/md/share/md/cmake/mdConfig-version.cmake
[6.963s] -- Installing: /home/hyoin/service/install/md/share/md/package.xml
[6.965s] Invoked command in '/home/hyoin/service/build/md' returned '0': CMAKE_PREFIX_PATH=/home/hyoin/service/install/turtlebot3_teleop:/home/hyoin/service/install/turtlebot3_example:/opt/ros/foxy:/home/hyoin/service/install/serial:/home/hyoin/service/install/turtlebot3:/home/hyoin/service/install/turtlebot3_bringup:/home/hyoin/service/install/turtlebot3_node:/home/hyoin/service/install/turtlebot3_navigation2:/home/hyoin/service/install/turtlebot3_msgs:/home/hyoin/service/install/turtlebot3_description:/home/hyoin/service/install/turtlebot3_cartographer:/home/hyoin/service/install/md:/home/hyoin/service/install/dynamixel_sdk_examples:/home/hyoin/service/install/dynamixel_sdk_custom_interfaces:/home/hyoin/service/install/dynamixel_sdk PKG_CONFIG_PATH=/home/hyoin/service/install/serial/lib/x86_64-linux-gnu/pkgconfig:/home/hyoin/service/install/serial/lib/pkgconfig ROS_PACKAGE_PATH=/home/hyoin/service/install/serial/share /usr/bin/cmake --install /home/hyoin/service/build/md
