-- Found ament_cmake: 0.9.12 (/opt/ros/foxy/share/ament_cmake/cmake)
-- Using PYTHON_EXECUTABLE: /usr/bin/python3
-- Configuring done
-- Generating done
-- Build files have been written to: /home/hyoin/service/build/serial
[ 66%] Built target serial
[100%] Built target serial_example
-- Install configuration: ""
-- Up-to-date: /home/hyoin/service/install/serial/lib/libserial.a
-- Up-to-date: /home/hyoin/service/install/serial/include
-- Up-to-date: /home/hyoin/service/install/serial/include/serial
-- Up-to-date: /home/hyoin/service/install/serial/include/serial/impl
-- Up-to-date: /home/hyoin/service/install/serial/include/serial/impl/win.h
-- Up-to-date: /home/hyoin/service/install/serial/include/serial/impl/unix.h
-- Up-to-date: /home/hyoin/service/install/serial/include/serial/v8stdint.h
-- Up-to-date: /home/hyoin/service/install/serial/include/serial/serial.h
-- Up-to-date: /home/hyoin/service/install/serial/share/serial/environment/library_path.sh
-- Installing: /home/hyoin/service/install/serial/share/serial/environment/library_path.dsv
-- Up-to-date: /home/hyoin/service/install/serial/share/ament_index/resource_index/package_run_dependencies/serial
-- Up-to-date: /home/hyoin/service/install/serial/share/ament_index/resource_index/parent_prefix_path/serial
-- Up-to-date: /home/hyoin/service/install/serial/share/serial/environment/ament_prefix_path.sh
-- Installing: /home/hyoin/service/install/serial/share/serial/environment/ament_prefix_path.dsv
-- Up-to-date: /home/hyoin/service/install/serial/share/serial/environment/path.sh
-- Installing: /home/hyoin/service/install/serial/share/serial/environment/path.dsv
-- Up-to-date: /home/hyoin/service/install/serial/share/serial/local_setup.bash
-- Up-to-date: /home/hyoin/service/install/serial/share/serial/local_setup.sh
-- Up-to-date: /home/hyoin/service/install/serial/share/serial/local_setup.zsh
-- Installing: /home/hyoin/service/install/serial/share/serial/local_setup.dsv
-- Installing: /home/hyoin/service/install/serial/share/serial/package.dsv
-- Up-to-date: /home/hyoin/service/install/serial/share/ament_index/resource_index/packages/serial
-- Up-to-date: /home/hyoin/service/install/serial/share/serial/cmake/ament_cmake_export_include_directories-extras.cmake
-- Up-to-date: /home/hyoin/service/install/serial/share/serial/cmake/ament_cmake_export_libraries-extras.cmake
-- Up-to-date: /home/hyoin/service/install/serial/share/serial/cmake/serialConfig.cmake
-- Up-to-date: /home/hyoin/service/install/serial/share/serial/cmake/serialConfig-version.cmake
-- Up-to-date: /home/hyoin/service/install/serial/share/serial/package.xml
