[35m[1mScanning dependencies of target read_write_node[0m
[ 50%] [32mBuilding CXX object CMakeFiles/read_write_node.dir/src/read_write_node.cpp.o[0m
[100%] [32m[1mLinking CXX executable read_write_node[0m
[100%] Built target read_write_node
-- Install configuration: ""
-- Execute custom install script
-- Symlinking: /home/hyoin/service/install/dynamixel_sdk_examples/lib/dynamixel_sdk_examples/read_write_node
-- Symlinking: /home/hyoin/service/install/dynamixel_sdk_examples/share/ament_index/resource_index/package_run_dependencies/dynamixel_sdk_examples
-- Symlinking: /home/hyoin/service/install/dynamixel_sdk_examples/share/ament_index/resource_index/parent_prefix_path/dynamixel_sdk_examples
-- Symlinking: /home/hyoin/service/install/dynamixel_sdk_examples/share/dynamixel_sdk_examples/environment/ament_prefix_path.sh
-- Symlinking: /home/hyoin/service/install/dynamixel_sdk_examples/share/dynamixel_sdk_examples/environment/ament_prefix_path.dsv
-- Symlinking: /home/hyoin/service/install/dynamixel_sdk_examples/share/dynamixel_sdk_examples/environment/path.sh
-- Symlinking: /home/hyoin/service/install/dynamixel_sdk_examples/share/dynamixel_sdk_examples/environment/path.dsv
-- Symlinking: /home/hyoin/service/install/dynamixel_sdk_examples/share/dynamixel_sdk_examples/local_setup.bash
-- Symlinking: /home/hyoin/service/install/dynamixel_sdk_examples/share/dynamixel_sdk_examples/local_setup.sh
-- Symlinking: /home/hyoin/service/install/dynamixel_sdk_examples/share/dynamixel_sdk_examples/local_setup.zsh
-- Symlinking: /home/hyoin/service/install/dynamixel_sdk_examples/share/dynamixel_sdk_examples/local_setup.dsv
-- Symlinking: /home/hyoin/service/install/dynamixel_sdk_examples/share/dynamixel_sdk_examples/package.dsv
-- Symlinking: /home/hyoin/service/install/dynamixel_sdk_examples/share/ament_index/resource_index/packages/dynamixel_sdk_examples
-- Symlinking: /home/hyoin/service/install/dynamixel_sdk_examples/share/dynamixel_sdk_examples/cmake/dynamixel_sdk_examplesConfig.cmake
-- Symlinking: /home/hyoin/service/install/dynamixel_sdk_examples/share/dynamixel_sdk_examples/cmake/dynamixel_sdk_examplesConfig-version.cmake
-- Symlinking: /home/hyoin/service/install/dynamixel_sdk_examples/share/dynamixel_sdk_examples/package.xml
