[1.068s] Invoking command in '/home/hyoin/service/build/turtlebot3_example': CMAKE_PREFIX_PATH=/home/hyoin/service/install/turtlebot3_msgs:/home/hyoin/service/install/turtlebot3:/home/hyoin/service/install/turtlebot3_bringup:/home/hyoin/service/install/turtlebot3_node:/home/hyoin/service/install/turtlebot3_navigation2:/home/hyoin/service/install/turtlebot3_description:/home/hyoin/service/install/turtlebot3_cartographer:/home/hyoin/service/install/md:/home/hyoin/service/install/serial:/home/hyoin/service/install/dynamixel_sdk_examples:/home/hyoin/service/install/dynamixel_sdk_custom_interfaces:/home/hyoin/service/install/dynamixel_sdk PYTHONPATH=/home/hyoin/service/build/turtlebot3_example/prefix_override:/usr/lib/python3/dist-packages/colcon_core/task/python/colcon_distutils_commands:/home/hyoin/service/install/turtlebot3_example/lib/python3.8/site-packages:/home/hyoin/service/install/turtlebot3_msgs/lib/python3.8/site-packages:${PYTHONPATH} /usr/bin/python3 -W ignore:setup.py install is deprecated -W ignore:easy_install command is deprecated setup.py develop --editable --build-directory /home/hyoin/service/build/turtlebot3_example/build --no-deps symlink_data
[1.453s] running develop
[1.627s] running egg_info
[1.627s] creating turtlebot3_example.egg-info
[1.627s] writing turtlebot3_example.egg-info/PKG-INFO
[1.628s] writing dependency_links to turtlebot3_example.egg-info/dependency_links.txt
[1.628s] writing entry points to turtlebot3_example.egg-info/entry_points.txt
[1.628s] writing requirements to turtlebot3_example.egg-info/requires.txt
[1.628s] writing top-level names to turtlebot3_example.egg-info/top_level.txt
[1.629s] writing manifest file 'turtlebot3_example.egg-info/SOURCES.txt'
[1.668s] reading manifest file 'turtlebot3_example.egg-info/SOURCES.txt'
[1.669s] writing manifest file 'turtlebot3_example.egg-info/SOURCES.txt'
[1.711s] running build_ext
[1.711s] Creating /home/hyoin/service/install/turtlebot3_example/lib/python3.8/site-packages/site.py
[1.713s] Creating /home/hyoin/service/install/turtlebot3_example/lib/python3.8/site-packages/turtlebot3-example.egg-link (link to .)
[1.714s] Installing turtlebot3_obstacle_detection script to /home/hyoin/service/install/turtlebot3_example/lib/turtlebot3_example
[1.714s] Installing turtlebot3_patrol_client script to /home/hyoin/service/install/turtlebot3_example/lib/turtlebot3_example
[1.715s] Installing turtlebot3_patrol_server script to /home/hyoin/service/install/turtlebot3_example/lib/turtlebot3_example
[1.715s] Installing turtlebot3_position_control script to /home/hyoin/service/install/turtlebot3_example/lib/turtlebot3_example
[1.715s] 
[1.715s] Installed /home/hyoin/service/build/turtlebot3_example
[1.715s] running symlink_data
[1.715s] creating /home/hyoin/service/install/turtlebot3_example/share/ament_index
[1.715s] creating /home/hyoin/service/install/turtlebot3_example/share/ament_index/resource_index
[1.715s] creating /home/hyoin/service/install/turtlebot3_example/share/ament_index/resource_index/packages
[1.716s] symbolically linking /home/hyoin/service/build/turtlebot3_example/resource/turtlebot3_example -> /home/hyoin/service/install/turtlebot3_example/share/ament_index/resource_index/packages
[1.716s] symbolically linking /home/hyoin/service/build/turtlebot3_example/package.xml -> /home/hyoin/service/install/turtlebot3_example/share/turtlebot3_example
[1.769s] Invoked command in '/home/hyoin/service/build/turtlebot3_example' returned '0': CMAKE_PREFIX_PATH=/home/hyoin/service/install/turtlebot3_msgs:/home/hyoin/service/install/turtlebot3:/home/hyoin/service/install/turtlebot3_bringup:/home/hyoin/service/install/turtlebot3_node:/home/hyoin/service/install/turtlebot3_navigation2:/home/hyoin/service/install/turtlebot3_description:/home/hyoin/service/install/turtlebot3_cartographer:/home/hyoin/service/install/md:/home/hyoin/service/install/serial:/home/hyoin/service/install/dynamixel_sdk_examples:/home/hyoin/service/install/dynamixel_sdk_custom_interfaces:/home/hyoin/service/install/dynamixel_sdk PYTHONPATH=/home/hyoin/service/build/turtlebot3_example/prefix_override:/usr/lib/python3/dist-packages/colcon_core/task/python/colcon_distutils_commands:/home/hyoin/service/install/turtlebot3_example/lib/python3.8/site-packages:/home/hyoin/service/install/turtlebot3_msgs/lib/python3.8/site-packages:${PYTHONPATH} /usr/bin/python3 -W ignore:setup.py install is deprecated -W ignore:easy_install command is deprecated setup.py develop --editable --build-directory /home/hyoin/service/build/turtlebot3_example/build --no-deps symlink_data
