[0.420s] Invoking command in '/home/hyoin/service/build/turtlebot3_example': CMAKE_PREFIX_PATH=/home/hyoin/service/install/turtlebot3_msgs:/home/hyoin/service/install/turtlebot3:/home/hyoin/service/install/turtlebot3_bringup:/home/hyoin/service/install/turtlebot3_node:/home/hyoin/service/install/turtlebot3_navigation2:/home/hyoin/service/install/turtlebot3_description:/home/hyoin/service/install/turtlebot3_cartographer:/home/hyoin/service/install/md:/home/hyoin/service/install/serial:/home/hyoin/service/install/dynamixel_sdk_examples:/home/hyoin/service/install/dynamixel_sdk_custom_interfaces:/home/hyoin/service/install/dynamixel_sdk PYTHONPATH=/home/hyoin/service/build/turtlebot3_example/prefix_override:/usr/lib/python3/dist-packages/colcon_core/task/python/colcon_distutils_commands:/home/hyoin/service/install/turtlebot3_example/lib/python3.8/site-packages:/home/hyoin/service/install/turtlebot3_msgs/lib/python3.8/site-packages:${PYTHONPATH} /usr/bin/python3 -W ignore:setup.py install is deprecated -W ignore:easy_install command is deprecated setup.py develop --uninstall --editable --build-directory /home/hyoin/service/build/turtlebot3_example/build
[0.557s] running develop
[0.628s] Removing /home/hyoin/service/install/turtlebot3_example/lib/python3.8/site-packages/turtlebot3-example.egg-link (link to .)
[0.641s] Invoked command in '/home/hyoin/service/build/turtlebot3_example' returned '0': CMAKE_PREFIX_PATH=/home/hyoin/service/install/turtlebot3_msgs:/home/hyoin/service/install/turtlebot3:/home/hyoin/service/install/turtlebot3_bringup:/home/hyoin/service/install/turtlebot3_node:/home/hyoin/service/install/turtlebot3_navigation2:/home/hyoin/service/install/turtlebot3_description:/home/hyoin/service/install/turtlebot3_cartographer:/home/hyoin/service/install/md:/home/hyoin/service/install/serial:/home/hyoin/service/install/dynamixel_sdk_examples:/home/hyoin/service/install/dynamixel_sdk_custom_interfaces:/home/hyoin/service/install/dynamixel_sdk PYTHONPATH=/home/hyoin/service/build/turtlebot3_example/prefix_override:/usr/lib/python3/dist-packages/colcon_core/task/python/colcon_distutils_commands:/home/hyoin/service/install/turtlebot3_example/lib/python3.8/site-packages:/home/hyoin/service/install/turtlebot3_msgs/lib/python3.8/site-packages:${PYTHONPATH} /usr/bin/python3 -W ignore:setup.py install is deprecated -W ignore:easy_install command is deprecated setup.py develop --uninstall --editable --build-directory /home/hyoin/service/build/turtlebot3_example/build
[0.643s] Invoking command in '/home/hyoin/service/src/turtlebot3/turtlebot3_example': CMAKE_PREFIX_PATH=/home/hyoin/service/install/turtlebot3_msgs:/home/hyoin/service/install/turtlebot3:/home/hyoin/service/install/turtlebot3_bringup:/home/hyoin/service/install/turtlebot3_node:/home/hyoin/service/install/turtlebot3_navigation2:/home/hyoin/service/install/turtlebot3_description:/home/hyoin/service/install/turtlebot3_cartographer:/home/hyoin/service/install/md:/home/hyoin/service/install/serial:/home/hyoin/service/install/dynamixel_sdk_examples:/home/hyoin/service/install/dynamixel_sdk_custom_interfaces:/home/hyoin/service/install/dynamixel_sdk PYTHONPATH=/home/hyoin/service/build/turtlebot3_example/prefix_override:/usr/lib/python3/dist-packages/colcon_core/task/python/colcon_distutils_commands:/home/hyoin/service/install/turtlebot3_example/lib/python3.8/site-packages:/home/hyoin/service/install/turtlebot3_msgs/lib/python3.8/site-packages:${PYTHONPATH} /usr/bin/python3 -W ignore:setup.py install is deprecated -W ignore:easy_install command is deprecated setup.py egg_info --egg-base ../../../build/turtlebot3_example build --build-base /home/hyoin/service/build/turtlebot3_example/build install --record /home/hyoin/service/build/turtlebot3_example/install.log --single-version-externally-managed install_data --force
[0.774s] running egg_info
[0.774s] writing ../../../build/turtlebot3_example/turtlebot3_example.egg-info/PKG-INFO
[0.774s] writing dependency_links to ../../../build/turtlebot3_example/turtlebot3_example.egg-info/dependency_links.txt
[0.774s] writing entry points to ../../../build/turtlebot3_example/turtlebot3_example.egg-info/entry_points.txt
[0.774s] writing requirements to ../../../build/turtlebot3_example/turtlebot3_example.egg-info/requires.txt
[0.775s] writing top-level names to ../../../build/turtlebot3_example/turtlebot3_example.egg-info/top_level.txt
[0.798s] reading manifest file '../../../build/turtlebot3_example/turtlebot3_example.egg-info/SOURCES.txt'
[0.799s] writing manifest file '../../../build/turtlebot3_example/turtlebot3_example.egg-info/SOURCES.txt'
[0.799s] running build
[0.799s] running build_py
[0.799s] creating /home/hyoin/service/build/turtlebot3_example/build
[0.799s] creating /home/hyoin/service/build/turtlebot3_example/build/lib
[0.799s] creating /home/hyoin/service/build/turtlebot3_example/build/lib/turtlebot3_example
[0.799s] copying turtlebot3_example/__init__.py -> /home/hyoin/service/build/turtlebot3_example/build/lib/turtlebot3_example
[0.799s] creating /home/hyoin/service/build/turtlebot3_example/build/lib/turtlebot3_example/turtlebot3_patrol_server
[0.800s] copying turtlebot3_example/turtlebot3_patrol_server/main.py -> /home/hyoin/service/build/turtlebot3_example/build/lib/turtlebot3_example/turtlebot3_patrol_server
[0.800s] copying turtlebot3_example/turtlebot3_patrol_server/turtlebot3_path.py -> /home/hyoin/service/build/turtlebot3_example/build/lib/turtlebot3_example/turtlebot3_patrol_server
[0.800s] copying turtlebot3_example/turtlebot3_patrol_server/turtlebot3_patrol_server.py -> /home/hyoin/service/build/turtlebot3_example/build/lib/turtlebot3_example/turtlebot3_patrol_server
[0.800s] copying turtlebot3_example/turtlebot3_patrol_server/__init__.py -> /home/hyoin/service/build/turtlebot3_example/build/lib/turtlebot3_example/turtlebot3_patrol_server
[0.800s] creating /home/hyoin/service/build/turtlebot3_example/build/lib/turtlebot3_example/turtlebot3_position_control
[0.800s] copying turtlebot3_example/turtlebot3_position_control/main.py -> /home/hyoin/service/build/turtlebot3_example/build/lib/turtlebot3_example/turtlebot3_position_control
[0.800s] copying turtlebot3_example/turtlebot3_position_control/turtlebot3_path.py -> /home/hyoin/service/build/turtlebot3_example/build/lib/turtlebot3_example/turtlebot3_position_control
[0.800s] copying turtlebot3_example/turtlebot3_position_control/turtlebot3_position_control.py -> /home/hyoin/service/build/turtlebot3_example/build/lib/turtlebot3_example/turtlebot3_position_control
[0.800s] copying turtlebot3_example/turtlebot3_position_control/__init__.py -> /home/hyoin/service/build/turtlebot3_example/build/lib/turtlebot3_example/turtlebot3_position_control
[0.800s] creating /home/hyoin/service/build/turtlebot3_example/build/lib/turtlebot3_example/turtlebot3_obstacle_detection
[0.800s] copying turtlebot3_example/turtlebot3_obstacle_detection/main.py -> /home/hyoin/service/build/turtlebot3_example/build/lib/turtlebot3_example/turtlebot3_obstacle_detection
[0.800s] copying turtlebot3_example/turtlebot3_obstacle_detection/__init__.py -> /home/hyoin/service/build/turtlebot3_example/build/lib/turtlebot3_example/turtlebot3_obstacle_detection
[0.800s] copying turtlebot3_example/turtlebot3_obstacle_detection/turtlebot3_obstacle_detection.py -> /home/hyoin/service/build/turtlebot3_example/build/lib/turtlebot3_example/turtlebot3_obstacle_detection
[0.800s] creating /home/hyoin/service/build/turtlebot3_example/build/lib/turtlebot3_example/turtlebot3_patrol_client
[0.801s] copying turtlebot3_example/turtlebot3_patrol_client/main.py -> /home/hyoin/service/build/turtlebot3_example/build/lib/turtlebot3_example/turtlebot3_patrol_client
[0.801s] copying turtlebot3_example/turtlebot3_patrol_client/turtlebot3_patrol_client.py -> /home/hyoin/service/build/turtlebot3_example/build/lib/turtlebot3_example/turtlebot3_patrol_client
[0.801s] copying turtlebot3_example/turtlebot3_patrol_client/__init__.py -> /home/hyoin/service/build/turtlebot3_example/build/lib/turtlebot3_example/turtlebot3_patrol_client
[0.801s] running install
[0.801s] running install_lib
[0.802s] creating /home/hyoin/service/install/turtlebot3_example/lib/python3.8/site-packages/turtlebot3_example
[0.802s] creating /home/hyoin/service/install/turtlebot3_example/lib/python3.8/site-packages/turtlebot3_example/turtlebot3_patrol_server
[0.802s] copying /home/hyoin/service/build/turtlebot3_example/build/lib/turtlebot3_example/turtlebot3_patrol_server/main.py -> /home/hyoin/service/install/turtlebot3_example/lib/python3.8/site-packages/turtlebot3_example/turtlebot3_patrol_server
[0.802s] copying /home/hyoin/service/build/turtlebot3_example/build/lib/turtlebot3_example/turtlebot3_patrol_server/turtlebot3_path.py -> /home/hyoin/service/install/turtlebot3_example/lib/python3.8/site-packages/turtlebot3_example/turtlebot3_patrol_server
[0.802s] copying /home/hyoin/service/build/turtlebot3_example/build/lib/turtlebot3_example/turtlebot3_patrol_server/turtlebot3_patrol_server.py -> /home/hyoin/service/install/turtlebot3_example/lib/python3.8/site-packages/turtlebot3_example/turtlebot3_patrol_server
[0.802s] copying /home/hyoin/service/build/turtlebot3_example/build/lib/turtlebot3_example/turtlebot3_patrol_server/__init__.py -> /home/hyoin/service/install/turtlebot3_example/lib/python3.8/site-packages/turtlebot3_example/turtlebot3_patrol_server
[0.802s] creating /home/hyoin/service/install/turtlebot3_example/lib/python3.8/site-packages/turtlebot3_example/turtlebot3_position_control
[0.802s] copying /home/hyoin/service/build/turtlebot3_example/build/lib/turtlebot3_example/turtlebot3_position_control/main.py -> /home/hyoin/service/install/turtlebot3_example/lib/python3.8/site-packages/turtlebot3_example/turtlebot3_position_control
[0.802s] copying /home/hyoin/service/build/turtlebot3_example/build/lib/turtlebot3_example/turtlebot3_position_control/turtlebot3_path.py -> /home/hyoin/service/install/turtlebot3_example/lib/python3.8/site-packages/turtlebot3_example/turtlebot3_position_control
[0.803s] copying /home/hyoin/service/build/turtlebot3_example/build/lib/turtlebot3_example/turtlebot3_position_control/turtlebot3_position_control.py -> /home/hyoin/service/install/turtlebot3_example/lib/python3.8/site-packages/turtlebot3_example/turtlebot3_position_control
[0.803s] copying /home/hyoin/service/build/turtlebot3_example/build/lib/turtlebot3_example/turtlebot3_position_control/__init__.py -> /home/hyoin/service/install/turtlebot3_example/lib/python3.8/site-packages/turtlebot3_example/turtlebot3_position_control
[0.803s] creating /home/hyoin/service/install/turtlebot3_example/lib/python3.8/site-packages/turtlebot3_example/turtlebot3_obstacle_detection
[0.803s] copying /home/hyoin/service/build/turtlebot3_example/build/lib/turtlebot3_example/turtlebot3_obstacle_detection/main.py -> /home/hyoin/service/install/turtlebot3_example/lib/python3.8/site-packages/turtlebot3_example/turtlebot3_obstacle_detection
[0.803s] copying /home/hyoin/service/build/turtlebot3_example/build/lib/turtlebot3_example/turtlebot3_obstacle_detection/__init__.py -> /home/hyoin/service/install/turtlebot3_example/lib/python3.8/site-packages/turtlebot3_example/turtlebot3_obstacle_detection
[0.803s] copying /home/hyoin/service/build/turtlebot3_example/build/lib/turtlebot3_example/turtlebot3_obstacle_detection/turtlebot3_obstacle_detection.py -> /home/hyoin/service/install/turtlebot3_example/lib/python3.8/site-packages/turtlebot3_example/turtlebot3_obstacle_detection
[0.803s] creating /home/hyoin/service/install/turtlebot3_example/lib/python3.8/site-packages/turtlebot3_example/turtlebot3_patrol_client
[0.803s] copying /home/hyoin/service/build/turtlebot3_example/build/lib/turtlebot3_example/turtlebot3_patrol_client/main.py -> /home/hyoin/service/install/turtlebot3_example/lib/python3.8/site-packages/turtlebot3_example/turtlebot3_patrol_client
[0.803s] copying /home/hyoin/service/build/turtlebot3_example/build/lib/turtlebot3_example/turtlebot3_patrol_client/turtlebot3_patrol_client.py -> /home/hyoin/service/install/turtlebot3_example/lib/python3.8/site-packages/turtlebot3_example/turtlebot3_patrol_client
[0.803s] copying /home/hyoin/service/build/turtlebot3_example/build/lib/turtlebot3_example/turtlebot3_patrol_client/__init__.py -> /home/hyoin/service/install/turtlebot3_example/lib/python3.8/site-packages/turtlebot3_example/turtlebot3_patrol_client
[0.803s] copying /home/hyoin/service/build/turtlebot3_example/build/lib/turtlebot3_example/__init__.py -> /home/hyoin/service/install/turtlebot3_example/lib/python3.8/site-packages/turtlebot3_example
[0.803s] byte-compiling /home/hyoin/service/install/turtlebot3_example/lib/python3.8/site-packages/turtlebot3_example/turtlebot3_patrol_server/main.py to main.cpython-38.pyc
[0.804s] byte-compiling /home/hyoin/service/install/turtlebot3_example/lib/python3.8/site-packages/turtlebot3_example/turtlebot3_patrol_server/turtlebot3_path.py to turtlebot3_path.cpython-38.pyc
[0.804s] byte-compiling /home/hyoin/service/install/turtlebot3_example/lib/python3.8/site-packages/turtlebot3_example/turtlebot3_patrol_server/turtlebot3_patrol_server.py to turtlebot3_patrol_server.cpython-38.pyc
[0.804s] byte-compiling /home/hyoin/service/install/turtlebot3_example/lib/python3.8/site-packages/turtlebot3_example/turtlebot3_patrol_server/__init__.py to __init__.cpython-38.pyc
[0.805s] byte-compiling /home/hyoin/service/install/turtlebot3_example/lib/python3.8/site-packages/turtlebot3_example/turtlebot3_position_control/main.py to main.cpython-38.pyc
[0.805s] byte-compiling /home/hyoin/service/install/turtlebot3_example/lib/python3.8/site-packages/turtlebot3_example/turtlebot3_position_control/turtlebot3_path.py to turtlebot3_path.cpython-38.pyc
[0.805s] byte-compiling /home/hyoin/service/install/turtlebot3_example/lib/python3.8/site-packages/turtlebot3_example/turtlebot3_position_control/turtlebot3_position_control.py to turtlebot3_position_control.cpython-38.pyc
[0.805s] byte-compiling /home/hyoin/service/install/turtlebot3_example/lib/python3.8/site-packages/turtlebot3_example/turtlebot3_position_control/__init__.py to __init__.cpython-38.pyc
[0.806s] byte-compiling /home/hyoin/service/install/turtlebot3_example/lib/python3.8/site-packages/turtlebot3_example/turtlebot3_obstacle_detection/main.py to main.cpython-38.pyc
[0.806s] byte-compiling /home/hyoin/service/install/turtlebot3_example/lib/python3.8/site-packages/turtlebot3_example/turtlebot3_obstacle_detection/__init__.py to __init__.cpython-38.pyc
[0.806s] byte-compiling /home/hyoin/service/install/turtlebot3_example/lib/python3.8/site-packages/turtlebot3_example/turtlebot3_obstacle_detection/turtlebot3_obstacle_detection.py to turtlebot3_obstacle_detection.cpython-38.pyc
[0.806s] byte-compiling /home/hyoin/service/install/turtlebot3_example/lib/python3.8/site-packages/turtlebot3_example/turtlebot3_patrol_client/main.py to main.cpython-38.pyc
[0.806s] byte-compiling /home/hyoin/service/install/turtlebot3_example/lib/python3.8/site-packages/turtlebot3_example/turtlebot3_patrol_client/turtlebot3_patrol_client.py to turtlebot3_patrol_client.cpython-38.pyc
[0.807s] byte-compiling /home/hyoin/service/install/turtlebot3_example/lib/python3.8/site-packages/turtlebot3_example/turtlebot3_patrol_client/__init__.py to __init__.cpython-38.pyc
[0.807s] byte-compiling /home/hyoin/service/install/turtlebot3_example/lib/python3.8/site-packages/turtlebot3_example/__init__.py to __init__.cpython-38.pyc
[0.807s] running install_data
[0.807s] copying resource/turtlebot3_example -> /home/hyoin/service/install/turtlebot3_example/share/ament_index/resource_index/packages
[0.807s] copying package.xml -> /home/hyoin/service/install/turtlebot3_example/share/turtlebot3_example
[0.807s] running install_egg_info
[0.808s] Copying ../../../build/turtlebot3_example/turtlebot3_example.egg-info to /home/hyoin/service/install/turtlebot3_example/lib/python3.8/site-packages/turtlebot3_example-2.1.4-py3.8.egg-info
[0.808s] running install_scripts
[0.821s] Installing turtlebot3_obstacle_detection script to /home/hyoin/service/install/turtlebot3_example/lib/turtlebot3_example
[0.821s] Installing turtlebot3_patrol_client script to /home/hyoin/service/install/turtlebot3_example/lib/turtlebot3_example
[0.821s] Installing turtlebot3_patrol_server script to /home/hyoin/service/install/turtlebot3_example/lib/turtlebot3_example
[0.821s] Installing turtlebot3_position_control script to /home/hyoin/service/install/turtlebot3_example/lib/turtlebot3_example
[0.822s] writing list of installed files to '/home/hyoin/service/build/turtlebot3_example/install.log'
[0.837s] Invoked command in '/home/hyoin/service/src/turtlebot3/turtlebot3_example' returned '0': CMAKE_PREFIX_PATH=/home/hyoin/service/install/turtlebot3_msgs:/home/hyoin/service/install/turtlebot3:/home/hyoin/service/install/turtlebot3_bringup:/home/hyoin/service/install/turtlebot3_node:/home/hyoin/service/install/turtlebot3_navigation2:/home/hyoin/service/install/turtlebot3_description:/home/hyoin/service/install/turtlebot3_cartographer:/home/hyoin/service/install/md:/home/hyoin/service/install/serial:/home/hyoin/service/install/dynamixel_sdk_examples:/home/hyoin/service/install/dynamixel_sdk_custom_interfaces:/home/hyoin/service/install/dynamixel_sdk PYTHONPATH=/home/hyoin/service/build/turtlebot3_example/prefix_override:/usr/lib/python3/dist-packages/colcon_core/task/python/colcon_distutils_commands:/home/hyoin/service/install/turtlebot3_example/lib/python3.8/site-packages:/home/hyoin/service/install/turtlebot3_msgs/lib/python3.8/site-packages:${PYTHONPATH} /usr/bin/python3 -W ignore:setup.py install is deprecated -W ignore:easy_install command is deprecated setup.py egg_info --egg-base ../../../build/turtlebot3_example build --build-base /home/hyoin/service/build/turtlebot3_example/build install --record /home/hyoin/service/build/turtlebot3_example/install.log --single-version-externally-managed install_data --force
