[0.041s] Invoking command in '/home/hyoin/service/build/dynamixel_sdk': CMAKE_PREFIX_PATH=/home/hyoin/service/install/turtlebot3:/home/hyoin/service/install/turtlebot3_bringup:/home/hyoin/service/install/turtlebot3_node:/home/hyoin/service/install/turtlebot3_navigation2:/home/hyoin/service/install/turtlebot3_msgs:/home/hyoin/service/install/turtlebot3_description:/home/hyoin/service/install/turtlebot3_cartographer:/home/hyoin/service/install/md:/home/hyoin/service/install/turtlebot3_teleop:/home/hyoin/service/install/turtlebot3_example:/opt/ros/foxy:/home/hyoin/service/install/serial:/home/hyoin/service/install/dynamixel_sdk_examples:/home/hyoin/service/install/dynamixel_sdk_custom_interfaces:/home/hyoin/service/install/dynamixel_sdk /usr/bin/cmake --build /home/hyoin/service/build/dynamixel_sdk -- -j8 -l8
[0.283s] [100%] Built target dynamixel_sdk
[0.289s] Invoked command in '/home/hyoin/service/build/dynamixel_sdk' returned '0': CMAKE_PREFIX_PATH=/home/hyoin/service/install/turtlebot3:/home/hyoin/service/install/turtlebot3_bringup:/home/hyoin/service/install/turtlebot3_node:/home/hyoin/service/install/turtlebot3_navigation2:/home/hyoin/service/install/turtlebot3_msgs:/home/hyoin/service/install/turtlebot3_description:/home/hyoin/service/install/turtlebot3_cartographer:/home/hyoin/service/install/md:/home/hyoin/service/install/turtlebot3_teleop:/home/hyoin/service/install/turtlebot3_example:/opt/ros/foxy:/home/hyoin/service/install/serial:/home/hyoin/service/install/dynamixel_sdk_examples:/home/hyoin/service/install/dynamixel_sdk_custom_interfaces:/home/hyoin/service/install/dynamixel_sdk /usr/bin/cmake --build /home/hyoin/service/build/dynamixel_sdk -- -j8 -l8
[0.299s] Invoking command in '/home/hyoin/service/build/dynamixel_sdk': CMAKE_PREFIX_PATH=/home/hyoin/service/install/turtlebot3:/home/hyoin/service/install/turtlebot3_bringup:/home/hyoin/service/install/turtlebot3_node:/home/hyoin/service/install/turtlebot3_navigation2:/home/hyoin/service/install/turtlebot3_msgs:/home/hyoin/service/install/turtlebot3_description:/home/hyoin/service/install/turtlebot3_cartographer:/home/hyoin/service/install/md:/home/hyoin/service/install/turtlebot3_teleop:/home/hyoin/service/install/turtlebot3_example:/opt/ros/foxy:/home/hyoin/service/install/serial:/home/hyoin/service/install/dynamixel_sdk_examples:/home/hyoin/service/install/dynamixel_sdk_custom_interfaces:/home/hyoin/service/install/dynamixel_sdk /usr/bin/cmake --install /home/hyoin/service/build/dynamixel_sdk
[0.314s] -- Install configuration: ""
[0.314s] -- Execute custom install script
[0.314s] -- Up-to-date symlink: /home/hyoin/service/install/dynamixel_sdk/include//dynamixel_sdk/dynamixel_sdk.h
[0.314s] -- Up-to-date symlink: /home/hyoin/service/install/dynamixel_sdk/include//dynamixel_sdk/group_bulk_read.h
[0.315s] -- Up-to-date symlink: /home/hyoin/service/install/dynamixel_sdk/include//dynamixel_sdk/group_bulk_write.h
[0.315s] -- Up-to-date symlink: /home/hyoin/service/install/dynamixel_sdk/include//dynamixel_sdk/group_sync_read.h
[0.315s] -- Up-to-date symlink: /home/hyoin/service/install/dynamixel_sdk/include//dynamixel_sdk/group_sync_write.h
[0.315s] -- Up-to-date symlink: /home/hyoin/service/install/dynamixel_sdk/include//dynamixel_sdk/packet_handler.h
[0.315s] -- Up-to-date symlink: /home/hyoin/service/install/dynamixel_sdk/include//dynamixel_sdk/port_handler.h
[0.315s] -- Up-to-date symlink: /home/hyoin/service/install/dynamixel_sdk/include//dynamixel_sdk/port_handler_arduino.h
[0.315s] -- Up-to-date symlink: /home/hyoin/service/install/dynamixel_sdk/include//dynamixel_sdk/port_handler_linux.h
[0.315s] -- Up-to-date symlink: /home/hyoin/service/install/dynamixel_sdk/include//dynamixel_sdk/port_handler_mac.h
[0.315s] -- Up-to-date symlink: /home/hyoin/service/install/dynamixel_sdk/include//dynamixel_sdk/port_handler_windows.h
[0.315s] -- Up-to-date symlink: /home/hyoin/service/install/dynamixel_sdk/include//dynamixel_sdk/protocol1_packet_handler.h
[0.315s] -- Up-to-date symlink: /home/hyoin/service/install/dynamixel_sdk/include//dynamixel_sdk/protocol2_packet_handler.h
[0.315s] -- Up-to-date symlink: /home/hyoin/service/install/dynamixel_sdk/lib/libdynamixel_sdk.so
[0.315s] -- Up-to-date symlink: /home/hyoin/service/install/dynamixel_sdk/share/dynamixel_sdk/environment/library_path.sh
[0.315s] -- Up-to-date symlink: /home/hyoin/service/install/dynamixel_sdk/share/dynamixel_sdk/environment/library_path.dsv
[0.315s] -- Up-to-date symlink: /home/hyoin/service/install/dynamixel_sdk/share/ament_index/resource_index/package_run_dependencies/dynamixel_sdk
[0.315s] -- Up-to-date symlink: /home/hyoin/service/install/dynamixel_sdk/share/ament_index/resource_index/parent_prefix_path/dynamixel_sdk
[0.316s] -- Up-to-date symlink: /home/hyoin/service/install/dynamixel_sdk/share/dynamixel_sdk/environment/ament_prefix_path.sh
[0.316s] -- Up-to-date symlink: /home/hyoin/service/install/dynamixel_sdk/share/dynamixel_sdk/environment/ament_prefix_path.dsv
[0.316s] -- Up-to-date symlink: /home/hyoin/service/install/dynamixel_sdk/share/dynamixel_sdk/environment/path.sh
[0.316s] -- Up-to-date symlink: /home/hyoin/service/install/dynamixel_sdk/share/dynamixel_sdk/environment/path.dsv
[0.316s] -- Up-to-date symlink: /home/hyoin/service/install/dynamixel_sdk/share/dynamixel_sdk/local_setup.bash
[0.316s] -- Up-to-date symlink: /home/hyoin/service/install/dynamixel_sdk/share/dynamixel_sdk/local_setup.sh
[0.316s] -- Up-to-date symlink: /home/hyoin/service/install/dynamixel_sdk/share/dynamixel_sdk/local_setup.zsh
[0.316s] -- Up-to-date symlink: /home/hyoin/service/install/dynamixel_sdk/share/dynamixel_sdk/local_setup.dsv
[0.316s] -- Symlinking: /home/hyoin/service/install/dynamixel_sdk/share/dynamixel_sdk/package.dsv
[0.327s] -- Up-to-date symlink: /home/hyoin/service/install/dynamixel_sdk/share/ament_index/resource_index/packages/dynamixel_sdk
[0.328s] -- Up-to-date symlink: /home/hyoin/service/install/dynamixel_sdk/share/dynamixel_sdk/cmake/ament_cmake_export_include_directories-extras.cmake
[0.328s] -- Up-to-date symlink: /home/hyoin/service/install/dynamixel_sdk/share/dynamixel_sdk/cmake/ament_cmake_export_libraries-extras.cmake
[0.328s] -- Up-to-date symlink: /home/hyoin/service/install/dynamixel_sdk/share/dynamixel_sdk/cmake/dynamixel_sdkConfig.cmake
[0.328s] -- Up-to-date symlink: /home/hyoin/service/install/dynamixel_sdk/share/dynamixel_sdk/cmake/dynamixel_sdkConfig-version.cmake
[0.328s] -- Up-to-date symlink: /home/hyoin/service/install/dynamixel_sdk/share/dynamixel_sdk/package.xml
[0.346s] Invoked command in '/home/hyoin/service/build/dynamixel_sdk' returned '0': CMAKE_PREFIX_PATH=/home/hyoin/service/install/turtlebot3:/home/hyoin/service/install/turtlebot3_bringup:/home/hyoin/service/install/turtlebot3_node:/home/hyoin/service/install/turtlebot3_navigation2:/home/hyoin/service/install/turtlebot3_msgs:/home/hyoin/service/install/turtlebot3_description:/home/hyoin/service/install/turtlebot3_cartographer:/home/hyoin/service/install/md:/home/hyoin/service/install/turtlebot3_teleop:/home/hyoin/service/install/turtlebot3_example:/opt/ros/foxy:/home/hyoin/service/install/serial:/home/hyoin/service/install/dynamixel_sdk_examples:/home/hyoin/service/install/dynamixel_sdk_custom_interfaces:/home/hyoin/service/install/dynamixel_sdk /usr/bin/cmake --install /home/hyoin/service/build/dynamixel_sdk
