[0.010s] Invoking command in '/home/hyoin/service/build/md': CMAKE_PREFIX_PATH=/home/hyoin/service/install/turtlebot3_teleop:/home/hyoin/service/install/turtlebot3_example:/opt/ros/foxy:/home/hyoin/service/install/serial:/home/hyoin/service/install/turtlebot3:/home/hyoin/service/install/turtlebot3_bringup:/home/hyoin/service/install/turtlebot3_node:/home/hyoin/service/install/turtlebot3_navigation2:/home/hyoin/service/install/turtlebot3_msgs:/home/hyoin/service/install/turtlebot3_description:/home/hyoin/service/install/turtlebot3_cartographer:/home/hyoin/service/install/md:/home/hyoin/service/install/dynamixel_sdk_examples:/home/hyoin/service/install/dynamixel_sdk_custom_interfaces:/home/hyoin/service/install/dynamixel_sdk PKG_CONFIG_PATH=/home/hyoin/service/install/serial/lib/x86_64-linux-gnu/pkgconfig:/home/hyoin/service/install/serial/lib/pkgconfig ROS_PACKAGE_PATH=/home/hyoin/service/install/serial/share /usr/bin/cmake --build /home/hyoin/service/build/md -- -j8 -l8
[0.047s] [  1%] Built target md__cpp
[0.047s] [ 11%] Built target md__rosidl_generator_c
[0.063s] [ 31%] Built target md__rosidl_typesupport_introspection_cpp
[0.063s] [ 31%] Built target md__rosidl_typesupport_cpp
[0.066s] [ 45%] Built target md__rosidl_typesupport_c
[0.066s] [ 50%] Built target md__rosidl_typesupport_fastrtps_cpp
[0.067s] [ 60%] Built target md__rosidl_typesupport_introspection_c
[0.084s] [ 70%] Built target md__rosidl_typesupport_fastrtps_c
[0.087s] [ 78%] Built target md_robot_node
[0.097s] [ 78%] Built target md
[0.111s] [ 80%] Built target md__py
[0.129s] [ 88%] Built target md__python
[0.147s] [100%] Built target md__rosidl_typesupport_introspection_c__pyext
[0.147s] [100%] Built target md__rosidl_typesupport_c__pyext
[0.147s] [100%] Built target md__rosidl_typesupport_fastrtps_c__pyext
[0.155s] Invoked command in '/home/hyoin/service/build/md' returned '0': CMAKE_PREFIX_PATH=/home/hyoin/service/install/turtlebot3_teleop:/home/hyoin/service/install/turtlebot3_example:/opt/ros/foxy:/home/hyoin/service/install/serial:/home/hyoin/service/install/turtlebot3:/home/hyoin/service/install/turtlebot3_bringup:/home/hyoin/service/install/turtlebot3_node:/home/hyoin/service/install/turtlebot3_navigation2:/home/hyoin/service/install/turtlebot3_msgs:/home/hyoin/service/install/turtlebot3_description:/home/hyoin/service/install/turtlebot3_cartographer:/home/hyoin/service/install/md:/home/hyoin/service/install/dynamixel_sdk_examples:/home/hyoin/service/install/dynamixel_sdk_custom_interfaces:/home/hyoin/service/install/dynamixel_sdk PKG_CONFIG_PATH=/home/hyoin/service/install/serial/lib/x86_64-linux-gnu/pkgconfig:/home/hyoin/service/install/serial/lib/pkgconfig ROS_PACKAGE_PATH=/home/hyoin/service/install/serial/share /usr/bin/cmake --build /home/hyoin/service/build/md -- -j8 -l8
[0.163s] Invoking command in '/home/hyoin/service/build/md': CMAKE_PREFIX_PATH=/home/hyoin/service/install/turtlebot3_teleop:/home/hyoin/service/install/turtlebot3_example:/opt/ros/foxy:/home/hyoin/service/install/serial:/home/hyoin/service/install/turtlebot3:/home/hyoin/service/install/turtlebot3_bringup:/home/hyoin/service/install/turtlebot3_node:/home/hyoin/service/install/turtlebot3_navigation2:/home/hyoin/service/install/turtlebot3_msgs:/home/hyoin/service/install/turtlebot3_description:/home/hyoin/service/install/turtlebot3_cartographer:/home/hyoin/service/install/md:/home/hyoin/service/install/dynamixel_sdk_examples:/home/hyoin/service/install/dynamixel_sdk_custom_interfaces:/home/hyoin/service/install/dynamixel_sdk PKG_CONFIG_PATH=/home/hyoin/service/install/serial/lib/x86_64-linux-gnu/pkgconfig:/home/hyoin/service/install/serial/lib/pkgconfig ROS_PACKAGE_PATH=/home/hyoin/service/install/serial/share /usr/bin/cmake --install /home/hyoin/service/build/md
[0.169s] -- Install configuration: ""
[0.169s] -- Up-to-date: /home/hyoin/service/install/md/share/ament_index/resource_index/rosidl_interfaces/md
[0.169s] -- Up-to-date: /home/hyoin/service/install/md/include/md
[0.169s] -- Up-to-date: /home/hyoin/service/install/md/include/md/msg
[0.170s] -- Up-to-date: /home/hyoin/service/install/md/include/md/msg/pose.h
[0.170s] -- Up-to-date: /home/hyoin/service/install/md/include/md/msg/rosidl_generator_c__visibility_control.h
[0.170s] -- Up-to-date: /home/hyoin/service/install/md/include/md/msg/md_robot_msg2.h
[0.170s] -- Up-to-date: /home/hyoin/service/install/md/include/md/msg/md_robot_msg1.h
[0.170s] -- Up-to-date: /home/hyoin/service/install/md/include/md/msg/detail
[0.170s] -- Up-to-date: /home/hyoin/service/install/md/include/md/msg/detail/md_robot_msg2__functions.h
[0.170s] -- Up-to-date: /home/hyoin/service/install/md/include/md/msg/detail/pose__functions.c
[0.170s] -- Up-to-date: /home/hyoin/service/install/md/include/md/msg/detail/md_robot_msg1__struct.h
[0.170s] -- Up-to-date: /home/hyoin/service/install/md/include/md/msg/detail/pose__functions.h
[0.170s] -- Up-to-date: /home/hyoin/service/install/md/include/md/msg/detail/md_robot_msg2__type_support.h
[0.170s] -- Up-to-date: /home/hyoin/service/install/md/include/md/msg/detail/md_robot_msg2__struct.h
[0.170s] -- Up-to-date: /home/hyoin/service/install/md/include/md/msg/detail/pose__struct.h
[0.170s] -- Up-to-date: /home/hyoin/service/install/md/include/md/msg/detail/md_robot_msg1__type_support.h
[0.170s] -- Up-to-date: /home/hyoin/service/install/md/include/md/msg/detail/md_robot_msg1__functions.h
[0.171s] -- Up-to-date: /home/hyoin/service/install/md/include/md/msg/detail/pose__type_support.h
[0.171s] -- Up-to-date: /home/hyoin/service/install/md/include/md/msg/detail/md_robot_msg1__functions.c
[0.171s] -- Up-to-date: /home/hyoin/service/install/md/include/md/msg/detail/md_robot_msg2__functions.c
[0.171s] -- Up-to-date: /home/hyoin/service/install/md/share/md/environment/library_path.sh
[0.171s] -- Up-to-date: /home/hyoin/service/install/md/share/md/environment/library_path.dsv
[0.171s] -- Up-to-date: /home/hyoin/service/install/md/lib/libmd__rosidl_generator_c.so
[0.171s] -- Up-to-date: /home/hyoin/service/install/md/include/md
[0.171s] -- Up-to-date: /home/hyoin/service/install/md/include/md/msg
[0.171s] -- Up-to-date: /home/hyoin/service/install/md/include/md/msg/rosidl_typesupport_fastrtps_c__visibility_control.h
[0.171s] -- Up-to-date: /home/hyoin/service/install/md/include/md/msg/detail
[0.171s] -- Up-to-date: /home/hyoin/service/install/md/include/md/msg/detail/md_robot_msg2__rosidl_typesupport_fastrtps_c.h
[0.171s] -- Up-to-date: /home/hyoin/service/install/md/include/md/msg/detail/md_robot_msg1__rosidl_typesupport_fastrtps_c.h
[0.171s] -- Up-to-date: /home/hyoin/service/install/md/include/md/msg/detail/pose__rosidl_typesupport_fastrtps_c.h
[0.172s] -- Up-to-date: /home/hyoin/service/install/md/lib/libmd__rosidl_typesupport_fastrtps_c.so
[0.172s] -- Up-to-date: /home/hyoin/service/install/md/include/md
[0.172s] -- Up-to-date: /home/hyoin/service/install/md/include/md/msg
[0.172s] -- Up-to-date: /home/hyoin/service/install/md/include/md/msg/rosidl_typesupport_fastrtps_cpp__visibility_control.h
[0.172s] -- Up-to-date: /home/hyoin/service/install/md/include/md/msg/detail
[0.172s] -- Up-to-date: /home/hyoin/service/install/md/include/md/msg/detail/md_robot_msg1__rosidl_typesupport_fastrtps_cpp.hpp
[0.172s] -- Up-to-date: /home/hyoin/service/install/md/include/md/msg/detail/md_robot_msg2__rosidl_typesupport_fastrtps_cpp.hpp
[0.172s] -- Up-to-date: /home/hyoin/service/install/md/include/md/msg/detail/pose__rosidl_typesupport_fastrtps_cpp.hpp
[0.172s] -- Up-to-date: /home/hyoin/service/install/md/include/md/msg/detail/dds_fastrtps
[0.172s] -- Up-to-date: /home/hyoin/service/install/md/lib/libmd__rosidl_typesupport_fastrtps_cpp.so
[0.172s] -- Up-to-date: /home/hyoin/service/install/md/include/md
[0.172s] -- Up-to-date: /home/hyoin/service/install/md/include/md/msg
[0.172s] -- Up-to-date: /home/hyoin/service/install/md/include/md/msg/rosidl_typesupport_introspection_c__visibility_control.h
[0.172s] -- Up-to-date: /home/hyoin/service/install/md/include/md/msg/detail
[0.173s] -- Up-to-date: /home/hyoin/service/install/md/include/md/msg/detail/pose__type_support.c
[0.173s] -- Up-to-date: /home/hyoin/service/install/md/include/md/msg/detail/md_robot_msg1__rosidl_typesupport_introspection_c.h
[0.173s] -- Up-to-date: /home/hyoin/service/install/md/include/md/msg/detail/md_robot_msg1__type_support.c
[0.173s] -- Up-to-date: /home/hyoin/service/install/md/include/md/msg/detail/md_robot_msg2__type_support.c
[0.173s] -- Up-to-date: /home/hyoin/service/install/md/include/md/msg/detail/pose__rosidl_typesupport_introspection_c.h
[0.173s] -- Up-to-date: /home/hyoin/service/install/md/include/md/msg/detail/md_robot_msg2__rosidl_typesupport_introspection_c.h
[0.173s] -- Up-to-date: /home/hyoin/service/install/md/lib/libmd__rosidl_typesupport_introspection_c.so
[0.173s] -- Up-to-date: /home/hyoin/service/install/md/lib/libmd__rosidl_typesupport_c.so
[0.173s] -- Up-to-date: /home/hyoin/service/install/md/include/md
[0.173s] -- Up-to-date: /home/hyoin/service/install/md/include/md/msg
[0.173s] -- Up-to-date: /home/hyoin/service/install/md/include/md/msg/rosidl_generator_cpp__visibility_control.hpp
[0.173s] -- Up-to-date: /home/hyoin/service/install/md/include/md/msg/md_robot_msg1.hpp
[0.173s] -- Up-to-date: /home/hyoin/service/install/md/include/md/msg/pose.hpp
[0.173s] -- Up-to-date: /home/hyoin/service/install/md/include/md/msg/md_robot_msg2.hpp
[0.173s] -- Up-to-date: /home/hyoin/service/install/md/include/md/msg/detail
[0.173s] -- Up-to-date: /home/hyoin/service/install/md/include/md/msg/detail/md_robot_msg1__builder.hpp
[0.173s] -- Up-to-date: /home/hyoin/service/install/md/include/md/msg/detail/pose__builder.hpp
[0.173s] -- Up-to-date: /home/hyoin/service/install/md/include/md/msg/detail/md_robot_msg1__type_support.hpp
[0.173s] -- Up-to-date: /home/hyoin/service/install/md/include/md/msg/detail/pose__traits.hpp
[0.173s] -- Up-to-date: /home/hyoin/service/install/md/include/md/msg/detail/md_robot_msg2__builder.hpp
[0.173s] -- Up-to-date: /home/hyoin/service/install/md/include/md/msg/detail/md_robot_msg1__traits.hpp
[0.173s] -- Up-to-date: /home/hyoin/service/install/md/include/md/msg/detail/md_robot_msg1__struct.hpp
[0.173s] -- Up-to-date: /home/hyoin/service/install/md/include/md/msg/detail/md_robot_msg2__traits.hpp
[0.173s] -- Up-to-date: /home/hyoin/service/install/md/include/md/msg/detail/pose__struct.hpp
[0.173s] -- Up-to-date: /home/hyoin/service/install/md/include/md/msg/detail/md_robot_msg2__type_support.hpp
[0.174s] -- Up-to-date: /home/hyoin/service/install/md/include/md/msg/detail/pose__type_support.hpp
[0.174s] -- Up-to-date: /home/hyoin/service/install/md/include/md/msg/detail/md_robot_msg2__struct.hpp
[0.174s] -- Up-to-date: /home/hyoin/service/install/md/include/md
[0.174s] -- Up-to-date: /home/hyoin/service/install/md/include/md/msg
[0.174s] -- Up-to-date: /home/hyoin/service/install/md/include/md/msg/detail
[0.174s] -- Up-to-date: /home/hyoin/service/install/md/include/md/msg/detail/pose__rosidl_typesupport_introspection_cpp.hpp
[0.174s] -- Up-to-date: /home/hyoin/service/install/md/include/md/msg/detail/pose__type_support.cpp
[0.174s] -- Up-to-date: /home/hyoin/service/install/md/include/md/msg/detail/md_robot_msg1__rosidl_typesupport_introspection_cpp.hpp
[0.174s] -- Up-to-date: /home/hyoin/service/install/md/include/md/msg/detail/md_robot_msg2__rosidl_typesupport_introspection_cpp.hpp
[0.174s] -- Up-to-date: /home/hyoin/service/install/md/include/md/msg/detail/md_robot_msg2__type_support.cpp
[0.174s] -- Up-to-date: /home/hyoin/service/install/md/include/md/msg/detail/md_robot_msg1__type_support.cpp
[0.174s] -- Up-to-date: /home/hyoin/service/install/md/lib/libmd__rosidl_typesupport_introspection_cpp.so
[0.174s] -- Up-to-date: /home/hyoin/service/install/md/lib/libmd__rosidl_typesupport_cpp.so
[0.174s] -- Up-to-date: /home/hyoin/service/install/md/share/md/environment/pythonpath.sh
[0.174s] -- Up-to-date: /home/hyoin/service/install/md/share/md/environment/pythonpath.dsv
[0.174s] -- Up-to-date: /home/hyoin/service/install/md/lib/python3.8/site-packages/md/__init__.py
[0.193s] -- Up-to-date: /home/hyoin/service/install/md/lib/python3.8/site-packages/md/msg
[0.194s] -- Up-to-date: /home/hyoin/service/install/md/lib/python3.8/site-packages/md/msg/_md_robot_msg2.py
[0.194s] -- Up-to-date: /home/hyoin/service/install/md/lib/python3.8/site-packages/md/msg/_md_robot_msg1.py
[0.194s] -- Up-to-date: /home/hyoin/service/install/md/lib/python3.8/site-packages/md/msg/_pose.py
[0.194s] -- Up-to-date: /home/hyoin/service/install/md/lib/python3.8/site-packages/md/msg/_md_robot_msg1_s.c
[0.194s] -- Up-to-date: /home/hyoin/service/install/md/lib/python3.8/site-packages/md/msg/__init__.py
[0.194s] -- Up-to-date: /home/hyoin/service/install/md/lib/python3.8/site-packages/md/msg/_pose_s.c
[0.194s] -- Up-to-date: /home/hyoin/service/install/md/lib/python3.8/site-packages/md/msg/_md_robot_msg2_s.c
[0.194s] -- Up-to-date: /home/hyoin/service/install/md/lib/python3.8/site-packages/md/md_s__rosidl_typesupport_fastrtps_c.cpython-38-x86_64-linux-gnu.so
[0.194s] -- Up-to-date: /home/hyoin/service/install/md/lib/python3.8/site-packages/md/md_s__rosidl_typesupport_introspection_c.cpython-38-x86_64-linux-gnu.so
[0.195s] -- Up-to-date: /home/hyoin/service/install/md/lib/python3.8/site-packages/md/md_s__rosidl_typesupport_c.cpython-38-x86_64-linux-gnu.so
[0.195s] -- Up-to-date: /home/hyoin/service/install/md/lib/libmd__python.so
[0.195s] -- Up-to-date: /home/hyoin/service/install/md/share/md/msg/MdRobotMsg1.idl
[0.195s] -- Up-to-date: /home/hyoin/service/install/md/share/md/msg/MdRobotMsg2.idl
[0.195s] -- Up-to-date: /home/hyoin/service/install/md/share/md/msg/Pose.idl
[0.195s] -- Up-to-date: /home/hyoin/service/install/md/share/md/msg/MdRobotMsg1.msg
[0.195s] -- Up-to-date: /home/hyoin/service/install/md/share/md/msg/MdRobotMsg2.msg
[0.195s] -- Up-to-date: /home/hyoin/service/install/md/share/md/msg/Pose.msg
[0.195s] -- Up-to-date: /home/hyoin/service/install/md/lib/md_robot_node
[0.195s] -- Up-to-date: /home/hyoin/service/install/md/include/
[0.195s] -- Up-to-date: /home/hyoin/service/install/md/include//md_robot_node
[0.196s] -- Up-to-date: /home/hyoin/service/install/md/include//md_robot_node/robot.hpp
[0.196s] -- Up-to-date: /home/hyoin/service/install/md/include//md_robot_node/com.hpp
[0.196s] -- Up-to-date: /home/hyoin/service/install/md/include//md_robot_node/main.hpp
[0.196s] -- Up-to-date: /home/hyoin/service/install/md/include//md_robot_node/global.hpp
[0.196s] -- Up-to-date: /home/hyoin/service/install/md/share/md/launch
[0.196s] -- Up-to-date: /home/hyoin/service/install/md/share/md/launch/md_robot_node.launch.py
[0.196s] -- Up-to-date: /home/hyoin/service/install/md/share/md/launch/md_robot_node_use_MDUI.launch.py
[0.196s] -- Up-to-date: /home/hyoin/service/install/md/share/ament_index/resource_index/package_run_dependencies/md
[0.196s] -- Up-to-date: /home/hyoin/service/install/md/share/ament_index/resource_index/parent_prefix_path/md
[0.196s] -- Up-to-date: /home/hyoin/service/install/md/share/md/environment/ament_prefix_path.sh
[0.196s] -- Up-to-date: /home/hyoin/service/install/md/share/md/environment/ament_prefix_path.dsv
[0.196s] -- Up-to-date: /home/hyoin/service/install/md/share/md/environment/path.sh
[0.196s] -- Up-to-date: /home/hyoin/service/install/md/share/md/environment/path.dsv
[0.196s] -- Up-to-date: /home/hyoin/service/install/md/share/md/local_setup.bash
[0.197s] -- Up-to-date: /home/hyoin/service/install/md/share/md/local_setup.sh
[0.197s] -- Up-to-date: /home/hyoin/service/install/md/share/md/local_setup.zsh
[0.197s] -- Up-to-date: /home/hyoin/service/install/md/share/md/local_setup.dsv
[0.197s] -- Installing: /home/hyoin/service/install/md/share/md/package.dsv
[0.197s] -- Up-to-date: /home/hyoin/service/install/md/share/ament_index/resource_index/packages/md
[0.197s] -- Up-to-date: /home/hyoin/service/install/md/share/md/cmake/md__rosidl_generator_cExport.cmake
[0.197s] -- Up-to-date: /home/hyoin/service/install/md/share/md/cmake/md__rosidl_generator_cExport-noconfig.cmake
[0.197s] -- Up-to-date: /home/hyoin/service/install/md/share/md/cmake/md__rosidl_typesupport_introspection_cExport.cmake
[0.197s] -- Up-to-date: /home/hyoin/service/install/md/share/md/cmake/md__rosidl_typesupport_introspection_cExport-noconfig.cmake
[0.197s] -- Up-to-date: /home/hyoin/service/install/md/share/md/cmake/md__rosidl_typesupport_cExport.cmake
[0.197s] -- Up-to-date: /home/hyoin/service/install/md/share/md/cmake/md__rosidl_typesupport_cExport-noconfig.cmake
[0.197s] -- Up-to-date: /home/hyoin/service/install/md/share/md/cmake/md__rosidl_generator_cppExport.cmake
[0.197s] -- Up-to-date: /home/hyoin/service/install/md/share/md/cmake/md__rosidl_typesupport_introspection_cppExport.cmake
[0.197s] -- Up-to-date: /home/hyoin/service/install/md/share/md/cmake/md__rosidl_typesupport_introspection_cppExport-noconfig.cmake
[0.198s] -- Up-to-date: /home/hyoin/service/install/md/share/md/cmake/md__rosidl_typesupport_cppExport.cmake
[0.198s] -- Up-to-date: /home/hyoin/service/install/md/share/md/cmake/md__rosidl_typesupport_cppExport-noconfig.cmake
[0.198s] -- Up-to-date: /home/hyoin/service/install/md/share/md/cmake/rosidl_cmake-extras.cmake
[0.198s] -- Up-to-date: /home/hyoin/service/install/md/share/md/cmake/ament_cmake_export_dependencies-extras.cmake
[0.198s] -- Up-to-date: /home/hyoin/service/install/md/share/md/cmake/ament_cmake_export_libraries-extras.cmake
[0.198s] -- Up-to-date: /home/hyoin/service/install/md/share/md/cmake/ament_cmake_export_targets-extras.cmake
[0.198s] -- Up-to-date: /home/hyoin/service/install/md/share/md/cmake/ament_cmake_export_include_directories-extras.cmake
[0.198s] -- Up-to-date: /home/hyoin/service/install/md/share/md/cmake/rosidl_cmake_export_typesupport_libraries-extras.cmake
[0.198s] -- Up-to-date: /home/hyoin/service/install/md/share/md/cmake/rosidl_cmake_export_typesupport_targets-extras.cmake
[0.198s] -- Up-to-date: /home/hyoin/service/install/md/share/md/cmake/mdConfig.cmake
[0.198s] -- Up-to-date: /home/hyoin/service/install/md/share/md/cmake/mdConfig-version.cmake
[0.198s] -- Up-to-date: /home/hyoin/service/install/md/share/md/package.xml
[0.200s] Invoked command in '/home/hyoin/service/build/md' returned '0': CMAKE_PREFIX_PATH=/home/hyoin/service/install/turtlebot3_teleop:/home/hyoin/service/install/turtlebot3_example:/opt/ros/foxy:/home/hyoin/service/install/serial:/home/hyoin/service/install/turtlebot3:/home/hyoin/service/install/turtlebot3_bringup:/home/hyoin/service/install/turtlebot3_node:/home/hyoin/service/install/turtlebot3_navigation2:/home/hyoin/service/install/turtlebot3_msgs:/home/hyoin/service/install/turtlebot3_description:/home/hyoin/service/install/turtlebot3_cartographer:/home/hyoin/service/install/md:/home/hyoin/service/install/dynamixel_sdk_examples:/home/hyoin/service/install/dynamixel_sdk_custom_interfaces:/home/hyoin/service/install/dynamixel_sdk PKG_CONFIG_PATH=/home/hyoin/service/install/serial/lib/x86_64-linux-gnu/pkgconfig:/home/hyoin/service/install/serial/lib/pkgconfig ROS_PACKAGE_PATH=/home/hyoin/service/install/serial/share /usr/bin/cmake --install /home/hyoin/service/build/md
