[0.048s] Invoking command in '/home/hyoin/service/build/md': CMAKE_PREFIX_PATH=/home/hyoin/service/install/turtlebot3_teleop:/home/hyoin/service/install/turtlebot3_example:/opt/ros/foxy:/home/hyoin/service/install/serial:/home/hyoin/service/install/turtlebot3:/home/hyoin/service/install/turtlebot3_bringup:/home/hyoin/service/install/turtlebot3_node:/home/hyoin/service/install/turtlebot3_navigation2:/home/hyoin/service/install/turtlebot3_msgs:/home/hyoin/service/install/turtlebot3_description:/home/hyoin/service/install/turtlebot3_cartographer:/home/hyoin/service/install/md:/home/hyoin/service/install/dynamixel_sdk_examples:/home/hyoin/service/install/dynamixel_sdk_custom_interfaces:/home/hyoin/service/install/dynamixel_sdk PKG_CONFIG_PATH=/home/hyoin/service/install/serial/lib/x86_64-linux-gnu/pkgconfig:/home/hyoin/service/install/serial/lib/pkgconfig ROS_PACKAGE_PATH=/home/hyoin/service/install/serial/share /usr/bin/cmake --build /home/hyoin/service/build/md -- -j8 -l8
[0.066s] -- Found ament_cmake: 0.9.12 (/opt/ros/foxy/share/ament_cmake/cmake)
[0.080s] -- Found PythonInterp: /usr/bin/python3 (found suitable version "3.8.10", minimum required is "3") 
[0.080s] -- Using PYTHON_EXECUTABLE: /usr/bin/python3
[0.196s] -- Override CMake install command with custom implementation using symlinks instead of copying resources
[0.202s] -- Found rclcpp: 2.4.3 (/opt/ros/foxy/share/rclcpp/cmake)
[0.229s] -- Using all available rosidl_typesupport_c: rosidl_typesupport_fastrtps_c;rosidl_typesupport_introspection_c
[0.233s] -- Found rosidl_adapter: 1.3.1 (/opt/ros/foxy/share/rosidl_adapter/cmake)
[0.349s] -- Using all available rosidl_typesupport_cpp: rosidl_typesupport_fastrtps_cpp;rosidl_typesupport_introspection_cpp
[0.383s] -- Found rmw_implementation_cmake: 1.0.4 (/opt/ros/foxy/share/rmw_implementation_cmake/cmake)
[0.384s] -- Using RMW implementation 'rmw_fastrtps_cpp' as default
[0.482s] -- Found rclcpp_components: 2.4.3 (/opt/ros/foxy/share/rclcpp_components/cmake)
[0.519s] -- Found geometry_msgs: 2.0.5 (/opt/ros/foxy/share/geometry_msgs/cmake)
[0.541s] -- Found sensor_msgs: 2.0.5 (/opt/ros/foxy/share/sensor_msgs/cmake)
[0.587s] -- Found nav_msgs: 2.0.5 (/opt/ros/foxy/share/nav_msgs/cmake)
[0.632s] -- Found serial: 1.2.1 (/home/hyoin/service/install/serial/share/serial/cmake)
[0.633s] -- Found rosidl_default_generators: 1.0.1 (/opt/ros/foxy/share/rosidl_default_generators/cmake)
[0.653s] -- Found PythonInterp: /usr/bin/python3 (found version "3.8.10") 
[0.781s] -- Found ament_cmake_ros: 0.9.2 (/opt/ros/foxy/share/ament_cmake_ros/cmake)
[0.937s] -- Using all available rosidl_typesupport_c: rosidl_typesupport_fastrtps_c;rosidl_typesupport_introspection_c
[1.008s] -- Using all available rosidl_typesupport_cpp: rosidl_typesupport_fastrtps_cpp;rosidl_typesupport_introspection_cpp
[1.025s] -- Found PythonInterp: /usr/bin/python3 (found suitable version "3.8.10", minimum required is "3.5") 
[1.025s] -- Found python_cmake_module: 0.8.1 (/opt/ros/foxy/share/python_cmake_module/cmake)
[1.041s] -- Using PYTHON_EXECUTABLE: /usr/bin/python3
[1.041s] -- Using PYTHON_INCLUDE_DIRS: /usr/include/python3.8
[1.041s] -- Using PYTHON_LIBRARIES: /usr/lib/x86_64-linux-gnu/libpython3.8.so
[1.090s] -- Configuring done
[1.127s] -- Generating done
[1.141s] -- Build files have been written to: /home/hyoin/service/build/md
[1.167s] [  1%] Built target md__cpp
[1.168s] [ 11%] Built target md__rosidl_generator_c
[1.183s] [ 21%] Built target md__rosidl_typesupport_introspection_cpp
[1.185s] [ 31%] Built target md__rosidl_typesupport_introspection_c
[1.185s] [ 41%] Built target md__rosidl_typesupport_c
[1.186s] [ 50%] Built target md__rosidl_typesupport_fastrtps_cpp
[1.186s] [ 60%] Built target md__rosidl_typesupport_cpp
[1.196s] [35m[1mScanning dependencies of target md_robot_node[0m
[1.204s] [ 70%] Built target md__rosidl_typesupport_fastrtps_c
[1.205s] make[2]: *** 'md_robot_node'에서 필요한 '/home/hyoin/service/src/md/src/serial/lib/libserial.a' 타겟을 만들 규칙이 없습니다.  멈춤.
[1.206s] make[2]: *** 끝나지 않은 작업을 기다리고 있습니다....
[1.210s] [ 72%] [32mBuilding CXX object CMakeFiles/md_robot_node.dir/src/md_robot_node/main.cpp.o[0m
[1.210s] [ 76%] [32mBuilding CXX object CMakeFiles/md_robot_node.dir/src/md_robot_node/robot.cpp.o[0m
[1.211s] [ 76%] [32mBuilding CXX object CMakeFiles/md_robot_node.dir/src/md_robot_node/com.cpp.o[0m
[1.218s] [ 76%] Built target md
[1.233s] [ 78%] Built target md__py
[1.252s] [ 86%] Built target md__python
[1.274s] [ 90%] Built target md__rosidl_typesupport_c__pyext
[1.274s] [ 94%] Built target md__rosidl_typesupport_introspection_c__pyext
[1.277s] [ 98%] Built target md__rosidl_typesupport_fastrtps_c__pyext
[5.851s] make[1]: *** [CMakeFiles/Makefile2:298: CMakeFiles/md_robot_node.dir/all] 오류 2
[5.851s] make: *** [Makefile:141: all] 오류 2
[5.853s] Invoked command in '/home/hyoin/service/build/md' returned '2': CMAKE_PREFIX_PATH=/home/hyoin/service/install/turtlebot3_teleop:/home/hyoin/service/install/turtlebot3_example:/opt/ros/foxy:/home/hyoin/service/install/serial:/home/hyoin/service/install/turtlebot3:/home/hyoin/service/install/turtlebot3_bringup:/home/hyoin/service/install/turtlebot3_node:/home/hyoin/service/install/turtlebot3_navigation2:/home/hyoin/service/install/turtlebot3_msgs:/home/hyoin/service/install/turtlebot3_description:/home/hyoin/service/install/turtlebot3_cartographer:/home/hyoin/service/install/md:/home/hyoin/service/install/dynamixel_sdk_examples:/home/hyoin/service/install/dynamixel_sdk_custom_interfaces:/home/hyoin/service/install/dynamixel_sdk PKG_CONFIG_PATH=/home/hyoin/service/install/serial/lib/x86_64-linux-gnu/pkgconfig:/home/hyoin/service/install/serial/lib/pkgconfig ROS_PACKAGE_PATH=/home/hyoin/service/install/serial/share /usr/bin/cmake --build /home/hyoin/service/build/md -- -j8 -l8
