[0.073s] Invoking command in '/home/hyoin/service/build/md': CMAKE_PREFIX_PATH=/home/hyoin/service/install/turtlebot3_teleop:/home/hyoin/service/install/turtlebot3_example:/opt/ros/foxy:/home/hyoin/service/install/serial:/home/hyoin/service/install/turtlebot3:/home/hyoin/service/install/turtlebot3_bringup:/home/hyoin/service/install/turtlebot3_node:/home/hyoin/service/install/turtlebot3_navigation2:/home/hyoin/service/install/turtlebot3_msgs:/home/hyoin/service/install/turtlebot3_description:/home/hyoin/service/install/turtlebot3_cartographer:/home/hyoin/service/install/md:/home/hyoin/service/install/dynamixel_sdk_examples:/home/hyoin/service/install/dynamixel_sdk_custom_interfaces:/home/hyoin/service/install/dynamixel_sdk PKG_CONFIG_PATH=/home/hyoin/service/install/serial/lib/x86_64-linux-gnu/pkgconfig:/home/hyoin/service/install/serial/lib/pkgconfig ROS_PACKAGE_PATH=/home/hyoin/service/install/serial/share /usr/bin/cmake --build /home/hyoin/service/build/md -- -j8 -l8
[0.092s] -- Found ament_cmake: 0.9.12 (/opt/ros/foxy/share/ament_cmake/cmake)
[0.107s] -- Found PythonInterp: /usr/bin/python3 (found suitable version "3.8.10", minimum required is "3") 
[0.107s] -- Using PYTHON_EXECUTABLE: /usr/bin/python3
[0.227s] -- Override CMake install command with custom implementation using symlinks instead of copying resources
[0.231s] -- Found rclcpp: 2.4.3 (/opt/ros/foxy/share/rclcpp/cmake)
[0.260s] -- Using all available rosidl_typesupport_c: rosidl_typesupport_fastrtps_c;rosidl_typesupport_introspection_c
[0.262s] -- Found rosidl_adapter: 1.3.1 (/opt/ros/foxy/share/rosidl_adapter/cmake)
[0.349s] -- Using all available rosidl_typesupport_cpp: rosidl_typesupport_fastrtps_cpp;rosidl_typesupport_introspection_cpp
[0.385s] -- Found rmw_implementation_cmake: 1.0.4 (/opt/ros/foxy/share/rmw_implementation_cmake/cmake)
[0.387s] -- Using RMW implementation 'rmw_fastrtps_cpp' as default
[0.491s] -- Found geometry_msgs: 2.0.5 (/opt/ros/foxy/share/geometry_msgs/cmake)
[0.515s] -- Found sensor_msgs: 2.0.5 (/opt/ros/foxy/share/sensor_msgs/cmake)
[0.564s] -- Found nav_msgs: 2.0.5 (/opt/ros/foxy/share/nav_msgs/cmake)
[0.611s] -- Found rosidl_default_generators: 1.0.1 (/opt/ros/foxy/share/rosidl_default_generators/cmake)
[0.618s] -- Found serial: 1.2.1 (/home/hyoin/service/install/serial/share/serial/cmake)
[0.633s] -- Found PythonInterp: /usr/bin/python3 (found version "3.8.10") 
[0.760s] -- Found ament_cmake_ros: 0.9.2 (/opt/ros/foxy/share/ament_cmake_ros/cmake)
[0.922s] -- Using all available rosidl_typesupport_c: rosidl_typesupport_fastrtps_c;rosidl_typesupport_introspection_c
[0.995s] -- Using all available rosidl_typesupport_cpp: rosidl_typesupport_fastrtps_cpp;rosidl_typesupport_introspection_cpp
[1.013s] -- Found PythonInterp: /usr/bin/python3 (found suitable version "3.8.10", minimum required is "3.5") 
[1.013s] -- Found python_cmake_module: 0.8.1 (/opt/ros/foxy/share/python_cmake_module/cmake)
[1.028s] -- Using PYTHON_EXECUTABLE: /usr/bin/python3
[1.028s] -- Using PYTHON_INCLUDE_DIRS: /usr/include/python3.8
[1.028s] -- Using PYTHON_LIBRARIES: /usr/lib/x86_64-linux-gnu/libpython3.8.so
[1.077s] -- Configuring done
[1.116s] -- Generating done
[1.131s] -- Build files have been written to: /home/hyoin/service/build/md
[1.158s] [  1%] Built target md__cpp
[1.159s] [ 11%] Built target md__rosidl_generator_c
[1.176s] [ 21%] Built target md__rosidl_typesupport_cpp
[1.179s] [ 31%] Built target md__rosidl_typesupport_introspection_c
[1.179s] [ 50%] Built target md__rosidl_typesupport_introspection_cpp
[1.179s] [ 50%] Built target md__rosidl_typesupport_fastrtps_cpp
[1.180s] [ 60%] Built target md__rosidl_typesupport_c
[1.186s] [35m[1mScanning dependencies of target md_robot_node[0m
[1.197s] make[2]: *** 'md_robot_node'에서 필요한 '/home/hyoin/service/src/md/src/serial/lib/libserial.a' 타겟을 만들 규칙이 없습니다.  멈춤.
[1.197s] make[2]: *** 끝나지 않은 작업을 기다리고 있습니다....
[1.199s] [ 70%] Built target md__rosidl_typesupport_fastrtps_c
[1.202s] [ 74%] [32mBuilding CXX object CMakeFiles/md_robot_node.dir/src/md_robot_node/main.cpp.o[0m
[1.202s] [ 74%] [32mBuilding CXX object CMakeFiles/md_robot_node.dir/src/md_robot_node/robot.cpp.o[0m
[1.204s] [ 76%] [32mBuilding CXX object CMakeFiles/md_robot_node.dir/src/md_robot_node/com.cpp.o[0m
[1.213s] [ 76%] Built target md
[1.228s] [ 78%] Built target md__py
[1.246s] [ 86%] Built target md__python
[1.267s] [ 90%] Built target md__rosidl_typesupport_c__pyext
[1.270s] [ 94%] Built target md__rosidl_typesupport_introspection_c__pyext
[1.271s] [ 98%] Built target md__rosidl_typesupport_fastrtps_c__pyext
[1.281s] In file included from [01m[K/home/hyoin/service/src/md/include/md_robot_node/main.hpp:8[m[K,
[1.281s]                  from [01m[K/home/hyoin/service/src/md/src/md_robot_node/main.cpp:2[m[K:
[1.281s] [01m[K/home/hyoin/service/src/md/include/md_robot_node/global.hpp:11:10:[m[K [01;31m[Kfatal error: [m[Kserial/serial.h: 그런 파일이나 디렉터리가 없습니다
[1.281s]    11 | #include [01;31m[K<serial/serial.h>[m[K
[1.281s]       |          [01;31m[K^~~~~~~~~~~~~~~~~[m[K
[1.281s] compilation terminated.
[1.282s] make[2]: *** [CMakeFiles/md_robot_node.dir/build.make:63: CMakeFiles/md_robot_node.dir/src/md_robot_node/main.cpp.o] 오류 1
[1.292s] In file included from [01m[K/home/hyoin/service/src/md/include/md_robot_node/main.hpp:8[m[K,
[1.292s]                  from [01m[K/home/hyoin/service/src/md/src/md_robot_node/com.cpp:3[m[K:
[1.292s] [01m[K/home/hyoin/service/src/md/include/md_robot_node/global.hpp:11:10:[m[K [01;31m[Kfatal error: [m[Kserial/serial.h: 그런 파일이나 디렉터리가 없습니다
[1.292s]    11 | #include [01;31m[K<serial/serial.h>[m[K
[1.292s]       |          [01;31m[K^~~~~~~~~~~~~~~~~[m[K
[1.292s] compilation terminated.
[1.293s] make[2]: *** [CMakeFiles/md_robot_node.dir/build.make:76: CMakeFiles/md_robot_node.dir/src/md_robot_node/com.cpp.o] 오류 1
[1.308s] In file included from [01m[K/home/hyoin/service/src/md/include/md_robot_node/robot.hpp:7[m[K,
[1.308s]                  from [01m[K/home/hyoin/service/src/md/src/md_robot_node/robot.cpp:1[m[K:
[1.308s] [01m[K/home/hyoin/service/src/md/include/md_robot_node/global.hpp:11:10:[m[K [01;31m[Kfatal error: [m[Kserial/serial.h: 그런 파일이나 디렉터리가 없습니다
[1.308s]    11 | #include [01;31m[K<serial/serial.h>[m[K
[1.308s]       |          [01;31m[K^~~~~~~~~~~~~~~~~[m[K
[1.308s] compilation terminated.
[1.310s] make[2]: *** [CMakeFiles/md_robot_node.dir/build.make:89: CMakeFiles/md_robot_node.dir/src/md_robot_node/robot.cpp.o] 오류 1
[1.310s] make[1]: *** [CMakeFiles/Makefile2:298: CMakeFiles/md_robot_node.dir/all] 오류 2
[1.310s] make: *** [Makefile:141: all] 오류 2
[1.312s] Invoked command in '/home/hyoin/service/build/md' returned '2': CMAKE_PREFIX_PATH=/home/hyoin/service/install/turtlebot3_teleop:/home/hyoin/service/install/turtlebot3_example:/opt/ros/foxy:/home/hyoin/service/install/serial:/home/hyoin/service/install/turtlebot3:/home/hyoin/service/install/turtlebot3_bringup:/home/hyoin/service/install/turtlebot3_node:/home/hyoin/service/install/turtlebot3_navigation2:/home/hyoin/service/install/turtlebot3_msgs:/home/hyoin/service/install/turtlebot3_description:/home/hyoin/service/install/turtlebot3_cartographer:/home/hyoin/service/install/md:/home/hyoin/service/install/dynamixel_sdk_examples:/home/hyoin/service/install/dynamixel_sdk_custom_interfaces:/home/hyoin/service/install/dynamixel_sdk PKG_CONFIG_PATH=/home/hyoin/service/install/serial/lib/x86_64-linux-gnu/pkgconfig:/home/hyoin/service/install/serial/lib/pkgconfig ROS_PACKAGE_PATH=/home/hyoin/service/install/serial/share /usr/bin/cmake --build /home/hyoin/service/build/md -- -j8 -l8
